22:02:59 **** Incremental Build of configuration Debug for project TP1 ****
Info: Internal Builder is used for build
gcc -O0 -g3 -Wall -c -fmessage-length=0 -o "src\\TP1.o" "..\\src\\TP1.c" 
gcc -o TP1.exe "src\\TP1.o" 
Info: Nothing to build for TP1
22:11:32 **** Incremental Build of configuration Debug for project TP1 ****
Info: Internal Builder is used for build
gcc -O0 -g3 -Wall -c -fmessage-length=0 -o "src\\TP1.o" "..\\src\\TP1.c" 
gcc -o TP1.exe "src\\TP1.o" 
Info: Nothing to build for TP1
22:11:47 **** Incremental Build of configuration Debug for project TP1 ****
Info: Internal Builder is used for build
gcc -O0 -g3 -Wall -c -fmessage-length=0 -o "src\\TP1.o" "..\\src\\TP1.c" 
gcc -o TP1.exe "src\\TP1.o" 
Info: Nothing to build for TP1
22:12:35 **** Incremental Build of configuration Debug for project TP1 ****
Info: Internal Builder is used for build
gcc -O0 -g3 -Wall -c -fmessage-length=0 -o "src\\TP1.o" "..\\src\\TP1.c" 
gcc -o TP1.exe "src\\TP1.o" 
Info: Nothing to build for TP1
Info: Nothing to build for TP1
Info: Nothing to build for TP1
Info: Nothing to build for TP1
Info: Nothing to build for TP1
Info: Nothing to build for TP1
22:13:32 **** Incremental Build of configuration Debug for project TP1 ****
Info: Internal Builder is used for build
gcc -O0 -g3 -Wall -c -fmessage-length=0 -o "src\\TP1.o" "..\\src\\TP1.c" 
gcc -o TP1.exe "src\\TP1.o" 
Info: Nothing to build for TP1
22:16:39 **** Incremental Build of configuration Debug for project TP1 ****
Info: Internal Builder is used for build
gcc -O0 -g3 -Wall -c -fmessage-length=0 -o "src\\TP1.o" "..\\src\\TP1.c" 
..\src\TP1.c: In function 'main':
..\src\TP1.c:22:127: warning: multi-character character constant [-Wmultichar]
   22 |  retorno = utn_getCaracter(&resultado, "Ingresar caracter:\n", "Error, no ingresaste un caracter, volver a intentar:\n", '1', '200', 3);
      |                                                                                                                               ^~~~~
..\src\TP1.c:22:127: warning: overflow in conversion from 'int' to 'char' changes value from '3289136' to '48' [-Woverflow]
gcc -o TP1.exe "src\\TP1.o" 
Info: Nothing to build for TP1
Info: Nothing to build for TP1
22:17:15 **** Incremental Build of configuration Debug for project TP1 ****
Info: Internal Builder is used for build
gcc -O0 -g3 -Wall -c -fmessage-length=0 -o "src\\TP1.o" "..\\src\\TP1.c" 
gcc -o TP1.exe "src\\TP1.o" 
22:18:35 **** Incremental Build of configuration Debug for project TP1 ****
Info: Internal Builder is used for build
gcc -O0 -g3 -Wall -c -fmessage-length=0 -o "src\\TP1.o" "..\\src\\TP1.c" 
gcc -O0 -g3 -Wall -c -fmessage-length=0 -o "src\\validaciones.o" "..\\src\\validaciones.c" 
gcc -o TP1.exe "src\\TP1.o" "src\\validaciones.o" 
Info: Nothing to build for TP1
22:19:38 **** Incremental Build of configuration Debug for project TP1 ****
Info: Internal Builder is used for build
gcc -O0 -g3 -Wall -c -fmessage-length=0 -o "src\\TP1.o" "..\\src\\TP1.c" 
..\src\TP1.c:13:10: fatal error: validaciones.h: No such file or directory
   13 | #include <validaciones.h>
      |          ^~~~~~~~~~~~~~~~
compilation terminated.
22:20:40 **** Incremental Build of configuration Debug for project TP1 ****
Info: Internal Builder is used for build
gcc -O0 -g3 -Wall -c -fmessage-length=0 -o "src\\validaciones.o" "..\\src\\validaciones.c" 
..\src\validaciones.c:8:10: fatal error: validaciones.h: No such file or directory
    8 | #include <validaciones.h>
      |          ^~~~~~~~~~~~~~~~
compilation terminated.
22:20:52 **** Incremental Build of configuration Debug for project TP1 ****
Info: Internal Builder is used for build
gcc -O0 -g3 -Wall -c -fmessage-length=0 -o "src\\TP1.o" "..\\src\\TP1.c" 
..\src\TP1.c:13:10: fatal error: validaciones.h: No such file or directory
   13 | #include <validaciones.h>
      |          ^~~~~~~~~~~~~~~~
compilation terminated.
22:21:03 **** Incremental Build of configuration Debug for project TP1 ****
Info: Internal Builder is used for build
gcc -O0 -g3 -Wall -c -fmessage-length=0 -o "src\\TP1.o" "..\\src\\TP1.c" 
..\src\TP1.c:13:10: fatal error: validaciones.c: No such file or directory
   13 | #include <validaciones.c>
      |          ^~~~~~~~~~~~~~~~
compilation terminated.
22:22:50 **** Incremental Build of configuration Debug for project TP1 ****
Info: Internal Builder is used for build
gcc -O0 -g3 -Wall -c -fmessage-length=0 -o "src\\validaciones.o" "..\\src\\validaciones.c" 
..\src\validaciones.c:8:10: fatal error: validaciones.h: No such file or directory
    8 | #include <validaciones.h>
      |          ^~~~~~~~~~~~~~~~
compilation terminated.
22:22:56 **** Incremental Build of configuration Debug for project TP1 ****
Info: Internal Builder is used for build
gcc -O0 -g3 -Wall -c -fmessage-length=0 -o "src\\TP1.o" "..\\src\\TP1.c" 
gcc -O0 -g3 -Wall -c -fmessage-length=0 -o "src\\validaciones.o" "..\\src\\validaciones.c" 
..\src\validaciones.c:8:10: fatal error: validaciones.h: No such file or directory
    8 | #include <validaciones.h>
      |          ^~~~~~~~~~~~~~~~
compilation terminated.
22:23:10 **** Incremental Build of configuration Debug for project TP1 ****
Info: Internal Builder is used for build
gcc -O0 -g3 -Wall -c -fmessage-length=0 -o "src\\validaciones.o" "..\\src\\validaciones.c" 
gcc -o TP1.exe "src\\TP1.o" "src\\validaciones.o" 
22:51:52 **** Incremental Build of configuration Debug for project TP1 ****
Info: Internal Builder is used for build
gcc -O0 -g3 -Wall -c -fmessage-length=0 -o "src\\TP1.o" "..\\src\\TP1.c" 
gcc -o TP1.exe "src\\TP1.o" "src\\validaciones.o" 
Info: Nothing to build for TP1
22:52:17 **** Incremental Build of configuration Debug for project TP1 ****
Info: Internal Builder is used for build
gcc -O0 -g3 -Wall -c -fmessage-length=0 -o "src\\validaciones.o" "..\\src\\validaciones.c" 
gcc -o TP1.exe "src\\TP1.o" "src\\validaciones.o" 
c:/mingw/bin/../lib/gcc/mingw32/9.2.0/../../../../mingw32/bin/ld.exe: cannot open output file TP1.exe: Permission denied
collect2.exe: error: ld returned 1 exit status
22:52:35 **** Incremental Build of configuration Debug for project TP1 ****
Info: Internal Builder is used for build
gcc -o TP1.exe "src\\TP1.o" "src\\validaciones.o" 
c:/mingw/bin/../lib/gcc/mingw32/9.2.0/../../../../mingw32/bin/ld.exe: cannot open output file TP1.exe: Permission denied
collect2.exe: error: ld returned 1 exit status
22:52:37 **** Incremental Build of configuration Debug for project TP1 ****
Info: Internal Builder is used for build
gcc -o TP1.exe "src\\TP1.o" "src\\validaciones.o" 
Info: Nothing to build for TP1
22:53:39 **** Incremental Build of configuration Debug for project TP1 ****
Info: Internal Builder is used for build
gcc -O0 -g3 -Wall -c -fmessage-length=0 -o "src\\validaciones.o" "..\\src\\validaciones.c" 
gcc -o TP1.exe "src\\TP1.o" "src\\validaciones.o" 
Info: Nothing to build for TP1
Info: Nothing to build for TP1
Info: Nothing to build for TP1
Info: Nothing to build for TP1
22:53:57 **** Incremental Build of configuration Debug for project TP1 ****
Info: Internal Builder is used for build
gcc -O0 -g3 -Wall -c -fmessage-length=0 -o "src\\TP1.o" "..\\src\\TP1.c" 
gcc -o TP1.exe "src\\TP1.o" "src\\validaciones.o" 
c:/mingw/bin/../lib/gcc/mingw32/9.2.0/../../../../mingw32/bin/ld.exe: cannot open output file TP1.exe: Permission denied
collect2.exe: error: ld returned 1 exit status
22:53:57 **** Incremental Build of configuration Debug for project TP1 ****
Info: Internal Builder is used for build
gcc -o TP1.exe "src\\TP1.o" "src\\validaciones.o" 
Info: Nothing to build for TP1
Info: Nothing to build for TP1
Info: Nothing to build for TP1
Info: Nothing to build for TP1
22:55:31 **** Incremental Build of configuration Debug for project TP1 ****
Info: Internal Builder is used for build
gcc -O0 -g3 -Wall -c -fmessage-length=0 -o "src\\TP1.o" "..\\src\\TP1.c" 
gcc -o TP1.exe "src\\TP1.o" "src\\validaciones.o" 
Info: Nothing to build for TP1
22:55:50 **** Incremental Build of configuration Debug for project TP1 ****
Info: Internal Builder is used for build
gcc -O0 -g3 -Wall -c -fmessage-length=0 -o "src\\validaciones.o" "..\\src\\validaciones.c" 
gcc -o TP1.exe "src\\TP1.o" "src\\validaciones.o" 
Info: Nothing to build for TP1
22:56:35 **** Incremental Build of configuration Debug for project TP1 ****
Info: Internal Builder is used for build
gcc -O0 -g3 -Wall -c -fmessage-length=0 -o "src\\TP1.o" "..\\src\\TP1.c" 
gcc -o TP1.exe "src\\TP1.o" "src\\validaciones.o" 
Info: Nothing to build for TP1
22:57:03 **** Incremental Build of configuration Debug for project TP1 ****
Info: Internal Builder is used for build
gcc -O0 -g3 -Wall -c -fmessage-length=0 -o "src\\TP1.o" "..\\src\\TP1.c" 
gcc -o TP1.exe "src\\TP1.o" "src\\validaciones.o" 
Info: Nothing to build for TP1
22:57:15 **** Incremental Build of configuration Debug for project TP1 ****
Info: Internal Builder is used for build
gcc -O0 -g3 -Wall -c -fmessage-length=0 -o "src\\TP1.o" "..\\src\\TP1.c" 
gcc -o TP1.exe "src\\TP1.o" "src\\validaciones.o" 
Info: Nothing to build for TP1
22:57:36 **** Incremental Build of configuration Debug for project TP1 ****
Info: Internal Builder is used for build
gcc -O0 -g3 -Wall -c -fmessage-length=0 -o "src\\TP1.o" "..\\src\\TP1.c" 
gcc -o TP1.exe "src\\TP1.o" "src\\validaciones.o" 
Info: Nothing to build for TP1
Info: Nothing to build for TP1
Info: Nothing to build for TP1
22:58:01 **** Incremental Build of configuration Debug for project TP1 ****
Info: Internal Builder is used for build
gcc -O0 -g3 -Wall -c -fmessage-length=0 -o "src\\TP1.o" "..\\src\\TP1.c" 
gcc -o TP1.exe "src\\TP1.o" "src\\validaciones.o" 
Info: Nothing to build for TP1
00:40:12 **** Incremental Build of configuration Debug for project TP1 ****
Info: Internal Builder is used for build
gcc -O0 -g3 -Wall -c -fmessage-length=0 -o "src\\validaciones.o" "..\\src\\validaciones.c" 
gcc -O0 -g3 -Wall -c -fmessage-length=0 -o "src\\TP1.o" "..\\src\\TP1.c" 
..\src\TP1.c: In function 'main':
..\src\TP1.c:31:19: warning: implicit declaration of function 'utn_getNumero'; did you mean 'unt_getNumero'? [-Wimplicit-function-declaration]
   31 |  retornoFuncion = utn_getNumero(&numero, "Ingresar numero:", "Error, no ingresaste numero en rango", 1, 5, 3);
      |                   ^~~~~~~~~~~~~
      |                   unt_getNumero
..\src\TP1.c:25:6: warning: variable 'retornoFuncion' set but not used [-Wunused-but-set-variable]
   25 |  int retornoFuncion;
      |      ^~~~~~~~~~~~~~
gcc -o TP1.exe "src\\TP1.o" "src\\validaciones.o" 
c:/mingw/bin/../lib/gcc/mingw32/9.2.0/../../../../mingw32/bin/ld.exe: src\TP1.o: in function `main':
C:\Users\herni\UTN\TPS_Laboratorio_1\TP1\Debug/../src/TP1.c:31: undefined reference to `utn_getNumero'
collect2.exe: error: ld returned 1 exit status
00:41:25 **** Incremental Build of configuration Debug for project TP1 ****
Info: Internal Builder is used for build
gcc -O0 -g3 -Wall -c -fmessage-length=0 -o "src\\TP1.o" "..\\src\\TP1.c" 
..\src\TP1.c: In function 'main':
..\src\TP1.c:25:6: warning: variable 'retornoFuncion' set but not used [-Wunused-but-set-variable]
   25 |  int retornoFuncion;
      |      ^~~~~~~~~~~~~~
gcc -o TP1.exe "src\\TP1.o" "src\\validaciones.o" 
00:41:45 **** Incremental Build of configuration Debug for project TP1 ****
Info: Internal Builder is used for build
gcc -O0 -g3 -Wall -c -fmessage-length=0 -o "src\\TP1.o" "..\\src\\TP1.c" 
..\src\TP1.c: In function 'main':
..\src\TP1.c:25:6: warning: variable 'retornoFuncion' set but not used [-Wunused-but-set-variable]
   25 |  int retornoFuncion;
      |      ^~~~~~~~~~~~~~
gcc -o TP1.exe "src\\TP1.o" "src\\validaciones.o" 
Info: Nothing to build for TP1
00:41:56 **** Incremental Build of configuration Debug for project TP1 ****
Info: Internal Builder is used for build
gcc -O0 -g3 -Wall -c -fmessage-length=0 -o "src\\TP1.o" "..\\src\\TP1.c" 
..\src\TP1.c: In function 'main':
..\src\TP1.c:25:6: warning: variable 'retornoFuncion' set but not used [-Wunused-but-set-variable]
   25 |  int retornoFuncion;
      |      ^~~~~~~~~~~~~~
gcc -o TP1.exe "src\\TP1.o" "src\\validaciones.o" 
00:42:18 **** Incremental Build of configuration Debug for project TP1 ****
Info: Internal Builder is used for build
gcc -O0 -g3 -Wall -c -fmessage-length=0 -o "src\\TP1.o" "..\\src\\TP1.c" 
..\src\TP1.c: In function 'main':
..\src\TP1.c:25:6: warning: variable 'retornoFuncion' set but not used [-Wunused-but-set-variable]
   25 |  int retornoFuncion;
      |      ^~~~~~~~~~~~~~
..\src\TP1.c:24:7: warning: unused variable 'caracter' [-Wunused-variable]
   24 |  char caracter;
      |       ^~~~~~~~
gcc -o TP1.exe "src\\TP1.o" "src\\validaciones.o" 
00:42:24 **** Incremental Build of configuration Debug for project TP1 ****
Info: Internal Builder is used for build
gcc -O0 -g3 -Wall -c -fmessage-length=0 -o "src\\TP1.o" "..\\src\\TP1.c" 
..\src\TP1.c: In function 'main':
..\src\TP1.c:25:6: warning: variable 'retornoFuncion' set but not used [-Wunused-but-set-variable]
   25 |  int retornoFuncion;
      |      ^~~~~~~~~~~~~~
gcc -o TP1.exe "src\\TP1.o" "src\\validaciones.o" 
00:42:47 **** Incremental Build of configuration Debug for project TP1 ****
Info: Internal Builder is used for build
gcc -O0 -g3 -Wall -c -fmessage-length=0 -o "src\\TP1.o" "..\\src\\TP1.c" 
gcc -o TP1.exe "src\\TP1.o" "src\\validaciones.o" 
00:43:50 **** Incremental Build of configuration Debug for project TP1 ****
Info: Internal Builder is used for build
gcc -O0 -g3 -Wall -c -fmessage-length=0 -o "src\\TP1.o" "..\\src\\TP1.c" 
gcc -o TP1.exe "src\\TP1.o" "src\\validaciones.o" 
Info: Nothing to build for TP1
Info: Nothing to build for TP1
Info: Nothing to build for TP1
00:44:30 **** Incremental Build of configuration Debug for project TP1 ****
Info: Internal Builder is used for build
gcc -O0 -g3 -Wall -c -fmessage-length=0 -o "src\\TP1.o" "..\\src\\TP1.c" 
gcc -o TP1.exe "src\\TP1.o" "src\\validaciones.o" 
Info: Nothing to build for TP1
Info: Nothing to build for TP1
Info: Nothing to build for TP1
00:44:53 **** Incremental Build of configuration Debug for project TP1 ****
Info: Internal Builder is used for build
gcc -O0 -g3 -Wall -c -fmessage-length=0 -o "src\\TP1.o" "..\\src\\TP1.c" 
gcc -o TP1.exe "src\\TP1.o" "src\\validaciones.o" 
Info: Nothing to build for TP1
00:47:28 **** Incremental Build of configuration Debug for project TP1 ****
Info: Internal Builder is used for build
gcc -O0 -g3 -Wall -c -fmessage-length=0 -o "src\\TP1.o" "..\\src\\TP1.c" 
gcc -O0 -g3 -Wall -c -fmessage-length=0 -o "src\\validaciones.o" "..\\src\\validaciones.c" 
gcc -o TP1.exe "src\\TP1.o" "src\\validaciones.o" 
Info: Nothing to build for TP1
00:48:46 **** Incremental Build of configuration Debug for project TP1 ****
Info: Internal Builder is used for build
gcc -O0 -g3 -Wall -c -fmessage-length=0 -o "src\\TP1.o" "..\\src\\TP1.c" 
gcc -o TP1.exe "src\\TP1.o" "src\\validaciones.o" 
Info: Nothing to build for TP1
00:48:53 **** Incremental Build of configuration Debug for project TP1 ****
Info: Internal Builder is used for build
gcc -O0 -g3 -Wall -c -fmessage-length=0 -o "src\\TP1.o" "..\\src\\TP1.c" 
gcc -o TP1.exe "src\\TP1.o" "src\\validaciones.o" 
c:/mingw/bin/../lib/gcc/mingw32/9.2.0/../../../../mingw32/bin/ld.exe: cannot open output file TP1.exe: Permission denied
collect2.exe: error: ld returned 1 exit status
00:48:54 **** Incremental Build of configuration Debug for project TP1 ****
Info: Internal Builder is used for build
gcc -o TP1.exe "src\\TP1.o" "src\\validaciones.o" 
00:49:15 **** Incremental Build of configuration Debug for project TP1 ****
Info: Internal Builder is used for build
gcc -O0 -g3 -Wall -c -fmessage-length=0 -o "src\\TP1.o" "..\\src\\TP1.c" 
gcc -o TP1.exe "src\\TP1.o" "src\\validaciones.o" 
c:/mingw/bin/../lib/gcc/mingw32/9.2.0/../../../../mingw32/bin/ld.exe: cannot open output file TP1.exe: Permission denied
collect2.exe: error: ld returned 1 exit status
00:49:17 **** Incremental Build of configuration Debug for project TP1 ****
Info: Internal Builder is used for build
gcc -o TP1.exe "src\\TP1.o" "src\\validaciones.o" 
00:52:41 **** Incremental Build of configuration Debug for project TP1 ****
Info: Internal Builder is used for build
gcc -O0 -g3 -Wall -c -fmessage-length=0 -o "src\\validaciones.o" "..\\src\\validaciones.c" 
gcc -o TP1.exe "src\\TP1.o" "src\\validaciones.o" 
00:54:53 **** Incremental Build of configuration Debug for project TP1 ****
Info: Internal Builder is used for build
gcc -O0 -g3 -Wall -c -fmessage-length=0 -o "src\\TP1.o" "..\\src\\TP1.c" 
..\src\TP1.c: In function 'main':
..\src\TP1.c:20:6: warning: unused variable 'retornoFuncion' [-Wunused-variable]
   20 |  int retornoFuncion;
      |      ^~~~~~~~~~~~~~
gcc -o TP1.exe "src\\TP1.o" "src\\validaciones.o" 
00:55:01 **** Incremental Build of configuration Debug for project TP1 ****
Info: Internal Builder is used for build
gcc -O0 -g3 -Wall -c -fmessage-length=0 -o "src\\TP1.o" "..\\src\\TP1.c" 
gcc -o TP1.exe "src\\TP1.o" "src\\validaciones.o" 
Info: Nothing to build for TP1
00:56:52 **** Incremental Build of configuration Debug for project TP1 ****
Info: Internal Builder is used for build
gcc -O0 -g3 -Wall -c -fmessage-length=0 -o "src\\validaciones.o" "..\\src\\validaciones.c" 
gcc -o TP1.exe "src\\TP1.o" "src\\validaciones.o" 
Info: Nothing to build for TP1
00:58:10 **** Incremental Build of configuration Debug for project TP1 ****
Info: Internal Builder is used for build
gcc -O0 -g3 -Wall -c -fmessage-length=0 -o "src\\validaciones.o" "..\\src\\validaciones.c" 
gcc -o TP1.exe "src\\TP1.o" "src\\validaciones.o" 
Info: Nothing to build for TP1
01:50:48 **** Incremental Build of configuration Debug for project TP1 ****
Info: Internal Builder is used for build
gcc -O0 -g3 -Wall -c -fmessage-length=0 -o "src\\validaciones.o" "..\\src\\validaciones.c" 
..\src\validaciones.c: In function 'getInt':
..\src\validaciones.c:100:6: error: too few arguments to function 'myGets'
  100 |  if (myGets(buffer) == 1 && esNumerica(buffer)) { // es numerica confirma que realmente se trate de numeros textuales.
      |      ^~~~~~
..\src\validaciones.c:80:5: note: declared here
   80 | int myGets(char *cadena, int longitud) {
      |     ^~~~~~
01:51:05 **** Incremental Build of configuration Debug for project TP1 ****
Info: Internal Builder is used for build
gcc -O0 -g3 -Wall -c -fmessage-length=0 -o "src\\TP1.o" "..\\src\\TP1.c" 
gcc -O0 -g3 -Wall -c -fmessage-length=0 -o "src\\validaciones.o" "..\\src\\validaciones.c" 
..\src\validaciones.c: In function 'getInt':
..\src\validaciones.c:100:6: error: too few arguments to function 'myGets'
  100 |  if (myGets(buffer) == 1 && esNumerica(buffer)) { // es numerica confirma que realmente se trate de numeros textuales.
      |      ^~~~~~
..\src\validaciones.c:80:5: note: declared here
   80 | int myGets(char *cadena, int longitud) {
      |     ^~~~~~
01:51:25 **** Incremental Build of configuration Debug for project TP1 ****
Info: Internal Builder is used for build
gcc -O0 -g3 -Wall -c -fmessage-length=0 -o "src\\TP1.o" "..\\src\\TP1.c" 
gcc -O0 -g3 -Wall -c -fmessage-length=0 -o "src\\validaciones.o" "..\\src\\validaciones.c" 
gcc -o TP1.exe "src\\TP1.o" "src\\validaciones.o" 
Info: Nothing to build for TP1
12:29:08 **** Incremental Build of configuration Debug for project TP1 ****
Info: Internal Builder is used for build
gcc -O0 -g3 -Wall -c -fmessage-length=0 -o "src\\validaciones.o" "..\\src\\validaciones.c" 
gcc -O0 -g3 -Wall -c -fmessage-length=0 -o "src\\misFunciones.o" "..\\src\\misFunciones.c" 
gcc -O0 -g3 -Wall -c -fmessage-length=0 -o "src\\TP1.o" "..\\src\\TP1.c" 
gcc -o TP1.exe "src\\TP1.o" "src\\misFunciones.o" "src\\validaciones.o" 
Info: Nothing to build for TP1
12:30:37 **** Incremental Build of configuration Debug for project TP1 ****
Info: Internal Builder is used for build
gcc -O0 -g3 -Wall -c -fmessage-length=0 -o "src\\TP1.o" "..\\src\\TP1.c" 
gcc -o TP1.exe "src\\TP1.o" "src\\misFunciones.o" "src\\validaciones.o" 
c:/mingw/bin/../lib/gcc/mingw32/9.2.0/../../../../mingw32/bin/ld.exe: cannot open output file TP1.exe: Permission denied
collect2.exe: error: ld returned 1 exit status
12:30:38 **** Incremental Build of configuration Debug for project TP1 ****
Info: Internal Builder is used for build
gcc -o TP1.exe "src\\TP1.o" "src\\misFunciones.o" "src\\validaciones.o" 
12:30:44 **** Incremental Build of configuration Debug for project TP1 ****
Info: Internal Builder is used for build
gcc -O0 -g3 -Wall -c -fmessage-length=0 -o "src\\TP1.o" "..\\src\\TP1.c" 
gcc -o TP1.exe "src\\TP1.o" "src\\misFunciones.o" "src\\validaciones.o" 
c:/mingw/bin/../lib/gcc/mingw32/9.2.0/../../../../mingw32/bin/ld.exe: cannot open output file TP1.exe: Permission denied
collect2.exe: error: ld returned 1 exit status
12:30:49 **** Incremental Build of configuration Debug for project TP1 ****
Info: Internal Builder is used for build
gcc -o TP1.exe "src\\TP1.o" "src\\misFunciones.o" "src\\validaciones.o" 
Info: Nothing to build for TP1
12:30:59 **** Incremental Build of configuration Debug for project TP1 ****
Info: Internal Builder is used for build
gcc -O0 -g3 -Wall -c -fmessage-length=0 -o "src\\TP1.o" "..\\src\\TP1.c" 
gcc -o TP1.exe "src\\TP1.o" "src\\misFunciones.o" "src\\validaciones.o" 
c:/mingw/bin/../lib/gcc/mingw32/9.2.0/../../../../mingw32/bin/ld.exe: cannot open output file TP1.exe: Permission denied
collect2.exe: error: ld returned 1 exit status
12:31:00 **** Incremental Build of configuration Debug for project TP1 ****
Info: Internal Builder is used for build
gcc -o TP1.exe "src\\TP1.o" "src\\misFunciones.o" "src\\validaciones.o" 
12:31:50 **** Incremental Build of configuration Debug for project TP1 ****
Info: Internal Builder is used for build
gcc -O0 -g3 -Wall -c -fmessage-length=0 -o "src\\TP1.o" "..\\src\\TP1.c" 
gcc -o TP1.exe "src\\TP1.o" "src\\misFunciones.o" "src\\validaciones.o" 
c:/mingw/bin/../lib/gcc/mingw32/9.2.0/../../../../mingw32/bin/ld.exe: cannot open output file TP1.exe: Permission denied
collect2.exe: error: ld returned 1 exit status
12:31:51 **** Incremental Build of configuration Debug for project TP1 ****
Info: Internal Builder is used for build
gcc -o TP1.exe "src\\TP1.o" "src\\misFunciones.o" "src\\validaciones.o" 
12:32:03 **** Incremental Build of configuration Debug for project TP1 ****
Info: Internal Builder is used for build
gcc -O0 -g3 -Wall -c -fmessage-length=0 -o "src\\TP1.o" "..\\src\\TP1.c" 
gcc -o TP1.exe "src\\TP1.o" "src\\misFunciones.o" "src\\validaciones.o" 
c:/mingw/bin/../lib/gcc/mingw32/9.2.0/../../../../mingw32/bin/ld.exe: cannot open output file TP1.exe: Permission denied
collect2.exe: error: ld returned 1 exit status
12:32:04 **** Incremental Build of configuration Debug for project TP1 ****
Info: Internal Builder is used for build
gcc -o TP1.exe "src\\TP1.o" "src\\misFunciones.o" "src\\validaciones.o" 
12:54:14 **** Incremental Build of configuration Debug for project TP1 ****
Info: Internal Builder is used for build
gcc -O0 -g3 -Wall -c -fmessage-length=0 -o "src\\misFunciones.o" "..\\src\\misFunciones.c" 
gcc -O0 -g3 -Wall -c -fmessage-length=0 -o "src\\validaciones.o" "..\\src\\validaciones.c" 
gcc -o TP1.exe "src\\TP1.o" "src\\misFunciones.o" "src\\validaciones.o" 
c:/mingw/bin/../lib/gcc/mingw32/9.2.0/../../../../mingw32/bin/ld.exe: cannot open output file TP1.exe: Permission denied
collect2.exe: error: ld returned 1 exit status
12:54:21 **** Incremental Build of configuration Debug for project TP1 ****
Info: Internal Builder is used for build
gcc -o TP1.exe "src\\TP1.o" "src\\misFunciones.o" "src\\validaciones.o" 
c:/mingw/bin/../lib/gcc/mingw32/9.2.0/../../../../mingw32/bin/ld.exe: cannot open output file TP1.exe: Permission denied
collect2.exe: error: ld returned 1 exit status
12:54:23 **** Incremental Build of configuration Debug for project TP1 ****
Info: Internal Builder is used for build
gcc -o TP1.exe "src\\TP1.o" "src\\misFunciones.o" "src\\validaciones.o" 
Info: Nothing to build for TP1
20:23:14 **** Incremental Build of configuration Debug for project TP1 ****
Info: Internal Builder is used for build
gcc -O0 -g3 -Wall -c -fmessage-length=0 -o "src\\validaciones.o" "..\\src\\validaciones.c" 
gcc -o TP1.exe "src\\TP1.o" "src\\misFunciones.o" "src\\validaciones.o" 
Info: Nothing to build for TP1
20:25:13 **** Incremental Build of configuration Debug for project TP1 ****
Info: Internal Builder is used for build
gcc -O0 -g3 -Wall -c -fmessage-length=0 -o "src\\TP1.o" "..\\src\\TP1.c" 
gcc -o TP1.exe "src\\TP1.o" "src\\misFunciones.o" "src\\validaciones.o" 
Info: Nothing to build for TP1
Info: Nothing to build for TP1
Info: Nothing to build for TP1
20:33:11 **** Incremental Build of configuration Debug for project TP1 ****
Info: Internal Builder is used for build
gcc -O0 -g3 -Wall -c -fmessage-length=0 -o "src\\TP1.o" "..\\src\\TP1.c" 
gcc -o TP1.exe "src\\TP1.o" "src\\misFunciones.o" "src\\validaciones.o" 
Info: Nothing to build for TP1
20:37:49 **** Incremental Build of configuration Debug for project TP1 ****
Info: Internal Builder is used for build
gcc -O0 -g3 -Wall -c -fmessage-length=0 -o "src\\TP1.o" "..\\src\\TP1.c" 
gcc -o TP1.exe "src\\TP1.o" "src\\misFunciones.o" "src\\validaciones.o" 
Info: Nothing to build for TP1
20:38:11 **** Incremental Build of configuration Debug for project TP1 ****
Info: Internal Builder is used for build
gcc -O0 -g3 -Wall -c -fmessage-length=0 -o "src\\TP1.o" "..\\src\\TP1.c" 
gcc -o TP1.exe "src\\TP1.o" "src\\misFunciones.o" "src\\validaciones.o" 
c:/mingw/bin/../lib/gcc/mingw32/9.2.0/../../../../mingw32/bin/ld.exe: cannot open output file TP1.exe: Permission denied
collect2.exe: error: ld returned 1 exit status
20:38:14 **** Incremental Build of configuration Debug for project TP1 ****
Info: Internal Builder is used for build
gcc -o TP1.exe "src\\TP1.o" "src\\misFunciones.o" "src\\validaciones.o" 
Info: Nothing to build for TP1
20:38:30 **** Incremental Build of configuration Debug for project TP1 ****
Info: Internal Builder is used for build
gcc -O0 -g3 -Wall -c -fmessage-length=0 -o "src\\TP1.o" "..\\src\\TP1.c" 
gcc -o TP1.exe "src\\TP1.o" "src\\misFunciones.o" "src\\validaciones.o" 
c:/mingw/bin/../lib/gcc/mingw32/9.2.0/../../../../mingw32/bin/ld.exe: cannot open output file TP1.exe: Permission denied
collect2.exe: error: ld returned 1 exit status
20:38:32 **** Incremental Build of configuration Debug for project TP1 ****
Info: Internal Builder is used for build
gcc -o TP1.exe "src\\TP1.o" "src\\misFunciones.o" "src\\validaciones.o" 
Info: Nothing to build for TP1
20:39:51 **** Incremental Build of configuration Debug for project TP1 ****
Info: Internal Builder is used for build
gcc -O0 -g3 -Wall -c -fmessage-length=0 -o "src\\TP1.o" "..\\src\\TP1.c" 
gcc -o TP1.exe "src\\TP1.o" "src\\misFunciones.o" "src\\validaciones.o" 
c:/mingw/bin/../lib/gcc/mingw32/9.2.0/../../../../mingw32/bin/ld.exe: cannot open output file TP1.exe: Permission denied
collect2.exe: error: ld returned 1 exit status
20:39:55 **** Incremental Build of configuration Debug for project TP1 ****
Info: Internal Builder is used for build
gcc -o TP1.exe "src\\TP1.o" "src\\misFunciones.o" "src\\validaciones.o" 
21:14:48 **** Incremental Build of configuration Debug for project TP1 ****
Info: Internal Builder is used for build
gcc -O0 -g3 -Wall -c -fmessage-length=0 -o "src\\TP1.o" "..\\src\\TP1.c" 
..\src\TP1.c: In function 'main':
..\src\TP1.c:44:2: warning: 'opcionPrincipal' is used uninitialized in this function [-Wuninitialized]
   44 |  }while(opcionPrincipal != 4);
      |  ^
gcc -o TP1.exe "src\\TP1.o" "src\\misFunciones.o" "src\\validaciones.o" 
Info: Nothing to build for TP1
Info: Nothing to build for TP1
21:16:30 **** Incremental Build of configuration Debug for project TP1 ****
Info: Internal Builder is used for build
gcc -O0 -g3 -Wall -c -fmessage-length=0 -o "src\\TP1.o" "..\\src\\TP1.c" 
..\src\TP1.c: In function 'main':
..\src\TP1.c:44:17: warning: passing argument 1 of 'utn_getNumero' makes pointer from integer without a cast [-Wint-conversion]
   44 |   utn_getNumero(opcionPrincipal, "\nCual opcion desea elegir?", "\nError", 1, 5, 3);
      |                 ^~~~~~~~~~~~~~~
      |                 |
      |                 int
In file included from ..\src\TP1.c:16:
..\src\validaciones.h:23:24: note: expected 'int *' but argument is of type 'int'
   23 | int utn_getNumero(int *pResultado, char *mensaje, char *mensajeError,
      |                   ~~~~~^~~~~~~~~~
..\src\TP1.c:44:3: warning: 'opcionPrincipal' is used uninitialized in this function [-Wuninitialized]
   44 |   utn_getNumero(opcionPrincipal, "\nCual opcion desea elegir?", "\nError", 1, 5, 3);
      |   ^~~~~~~~~~~~~~~~~~~~~~~~~~~~~~~~~~~~~~~~~~~~~~~~~~~~~~~~~~~~~~~~~~~~~~~~~~~~~~~~~
gcc -o TP1.exe "src\\TP1.o" "src\\misFunciones.o" "src\\validaciones.o" 
21:16:52 **** Incremental Build of configuration Debug for project TP1 ****
Info: Internal Builder is used for build
gcc -O0 -g3 -Wall -c -fmessage-length=0 -o "src\\TP1.o" "..\\src\\TP1.c" 
gcc -o TP1.exe "src\\TP1.o" "src\\misFunciones.o" "src\\validaciones.o" 
Info: Nothing to build for TP1
21:17:24 **** Incremental Build of configuration Debug for project TP1 ****
Info: Internal Builder is used for build
gcc -O0 -g3 -Wall -c -fmessage-length=0 -o "src\\TP1.o" "..\\src\\TP1.c" 
gcc -o TP1.exe "src\\TP1.o" "src\\misFunciones.o" "src\\validaciones.o" 
c:/mingw/bin/../lib/gcc/mingw32/9.2.0/../../../../mingw32/bin/ld.exe: cannot open output file TP1.exe: Permission denied
collect2.exe: error: ld returned 1 exit status
21:17:27 **** Incremental Build of configuration Debug for project TP1 ****
Info: Internal Builder is used for build
gcc -o TP1.exe "src\\TP1.o" "src\\misFunciones.o" "src\\validaciones.o" 
Info: Nothing to build for TP1
21:20:17 **** Incremental Build of configuration Debug for project TP1 ****
Info: Internal Builder is used for build
gcc -O0 -g3 -Wall -c -fmessage-length=0 -o "src\\TP1.o" "..\\src\\TP1.c" 
..\src\TP1.c: In function 'main':
..\src\TP1.c:48:10: error: expected expression before ')' token
   48 |  switch () {
      |          ^
21:20:37 **** Incremental Build of configuration Debug for project TP1 ****
Info: Internal Builder is used for build
gcc -O0 -g3 -Wall -c -fmessage-length=0 -o "src\\TP1.o" "..\\src\\TP1.c" 
gcc -o TP1.exe "src\\TP1.o" "src\\misFunciones.o" "src\\validaciones.o" 
c:/mingw/bin/../lib/gcc/mingw32/9.2.0/../../../../mingw32/bin/ld.exe: cannot open output file TP1.exe: Permission denied
collect2.exe: error: ld returned 1 exit status
21:20:39 **** Incremental Build of configuration Debug for project TP1 ****
Info: Internal Builder is used for build
gcc -o TP1.exe "src\\TP1.o" "src\\misFunciones.o" "src\\validaciones.o" 
Info: Nothing to build for TP1
21:20:57 **** Incremental Build of configuration Debug for project TP1 ****
Info: Internal Builder is used for build
gcc -O0 -g3 -Wall -c -fmessage-length=0 -o "src\\TP1.o" "..\\src\\TP1.c" 
gcc -o TP1.exe "src\\TP1.o" "src\\misFunciones.o" "src\\validaciones.o" 
c:/mingw/bin/../lib/gcc/mingw32/9.2.0/../../../../mingw32/bin/ld.exe: cannot open output file TP1.exe: Permission denied
collect2.exe: error: ld returned 1 exit status
21:20:59 **** Incremental Build of configuration Debug for project TP1 ****
Info: Internal Builder is used for build
gcc -o TP1.exe "src\\TP1.o" "src\\misFunciones.o" "src\\validaciones.o" 
Info: Nothing to build for TP1
21:21:45 **** Incremental Build of configuration Debug for project TP1 ****
Info: Internal Builder is used for build
gcc -O0 -g3 -Wall -c -fmessage-length=0 -o "src\\TP1.o" "..\\src\\TP1.c" 
gcc -o TP1.exe "src\\TP1.o" "src\\misFunciones.o" "src\\validaciones.o" 
c:/mingw/bin/../lib/gcc/mingw32/9.2.0/../../../../mingw32/bin/ld.exe: cannot open output file TP1.exe: Permission denied
collect2.exe: error: ld returned 1 exit status
21:21:50 **** Incremental Build of configuration Debug for project TP1 ****
Info: Internal Builder is used for build
gcc -o TP1.exe "src\\TP1.o" "src\\misFunciones.o" "src\\validaciones.o" 
Info: Nothing to build for TP1
21:22:55 **** Incremental Build of configuration Debug for project TP1 ****
Info: Internal Builder is used for build
gcc -O0 -g3 -Wall -c -fmessage-length=0 -o "src\\TP1.o" "..\\src\\TP1.c" 
gcc -o TP1.exe "src\\TP1.o" "src\\misFunciones.o" "src\\validaciones.o" 
c:/mingw/bin/../lib/gcc/mingw32/9.2.0/../../../../mingw32/bin/ld.exe: cannot open output file TP1.exe: Permission denied
collect2.exe: error: ld returned 1 exit status
21:23:00 **** Incremental Build of configuration Debug for project TP1 ****
Info: Internal Builder is used for build
gcc -o TP1.exe "src\\TP1.o" "src\\misFunciones.o" "src\\validaciones.o" 
Info: Nothing to build for TP1
21:23:46 **** Incremental Build of configuration Debug for project TP1 ****
Info: Internal Builder is used for build
gcc -O0 -g3 -Wall -c -fmessage-length=0 -o "src\\TP1.o" "..\\src\\TP1.c" 
gcc -o TP1.exe "src\\TP1.o" "src\\misFunciones.o" "src\\validaciones.o" 
c:/mingw/bin/../lib/gcc/mingw32/9.2.0/../../../../mingw32/bin/ld.exe: cannot open output file TP1.exe: Permission denied
collect2.exe: error: ld returned 1 exit status
21:23:48 **** Incremental Build of configuration Debug for project TP1 ****
Info: Internal Builder is used for build
gcc -o TP1.exe "src\\TP1.o" "src\\misFunciones.o" "src\\validaciones.o" 
Info: Nothing to build for TP1
21:25:18 **** Incremental Build of configuration Debug for project TP1 ****
Info: Internal Builder is used for build
gcc -O0 -g3 -Wall -c -fmessage-length=0 -o "src\\TP1.o" "..\\src\\TP1.c" 
gcc -o TP1.exe "src\\TP1.o" "src\\misFunciones.o" "src\\validaciones.o" 
c:/mingw/bin/../lib/gcc/mingw32/9.2.0/../../../../mingw32/bin/ld.exe: cannot open output file TP1.exe: Permission denied
collect2.exe: error: ld returned 1 exit status
21:25:20 **** Incremental Build of configuration Debug for project TP1 ****
Info: Internal Builder is used for build
gcc -o TP1.exe "src\\TP1.o" "src\\misFunciones.o" "src\\validaciones.o" 
Info: Nothing to build for TP1
21:25:41 **** Incremental Build of configuration Debug for project TP1 ****
Info: Internal Builder is used for build
gcc -O0 -g3 -Wall -c -fmessage-length=0 -o "src\\TP1.o" "..\\src\\TP1.c" 
gcc -o TP1.exe "src\\TP1.o" "src\\misFunciones.o" "src\\validaciones.o" 
Info: Nothing to build for TP1
21:25:53 **** Incremental Build of configuration Debug for project TP1 ****
Info: Internal Builder is used for build
gcc -O0 -g3 -Wall -c -fmessage-length=0 -o "src\\TP1.o" "..\\src\\TP1.c" 
gcc -o TP1.exe "src\\TP1.o" "src\\misFunciones.o" "src\\validaciones.o" 
c:/mingw/bin/../lib/gcc/mingw32/9.2.0/../../../../mingw32/bin/ld.exe: cannot open output file TP1.exe: Permission denied
collect2.exe: error: ld returned 1 exit status
21:25:55 **** Incremental Build of configuration Debug for project TP1 ****
Info: Internal Builder is used for build
gcc -o TP1.exe "src\\TP1.o" "src\\misFunciones.o" "src\\validaciones.o" 
Info: Nothing to build for TP1
22:31:42 **** Incremental Build of configuration Debug for project TP1 ****
Info: Internal Builder is used for build
gcc -O0 -g3 -Wall -c -fmessage-length=0 -o "src\\TP1.o" "..\\src\\TP1.c" 
..\src\TP1.c: In function 'main':
..\src\TP1.c:43:7: warning: unused variable 'confederacion' [-Wunused-variable]
   43 |  char confederacion[22][200];
      |       ^~~~~~~~~~~~~
..\src\TP1.c:42:6: warning: unused variable 'posiciones' [-Wunused-variable]
   42 |  int posiciones[22];
      |      ^~~~~~~~~~
..\src\TP1.c:41:6: warning: unused variable 'numerosCamiseta' [-Wunused-variable]
   41 |  int numerosCamiseta[22];
      |      ^~~~~~~~~~~~~~~
gcc -o TP1.exe "src\\TP1.o" "src\\misFunciones.o" "src\\validaciones.o" 
22:37:57 **** Incremental Build of configuration Debug for project TP1 ****
Info: Internal Builder is used for build
gcc -O0 -g3 -Wall -c -fmessage-length=0 -o "src\\TP1.o" "..\\src\\TP1.c" 
..\src\TP1.c: In function 'main':
..\src\TP1.c:43:9: warning: unused variable 'delanteros' [-Wunused-variable]
   43 |     int delanteros = 0; // Maximo 4
      |         ^~~~~~~~~~
..\src\TP1.c:42:9: warning: unused variable 'medioCampistas' [-Wunused-variable]
   42 |     int medioCampistas = 0; // Maximo 8
      |         ^~~~~~~~~~~~~~
..\src\TP1.c:41:9: warning: unused variable 'defensores' [-Wunused-variable]
   41 |     int defensores = 0; // Maximo 8
      |         ^~~~~~~~~~
..\src\TP1.c:40:6: warning: unused variable 'arqueros' [-Wunused-variable]
   40 |  int arqueros = 0; // Maximo 2
      |      ^~~~~~~~
..\src\TP1.c:38:7: warning: unused variable 'confederacion' [-Wunused-variable]
   38 |  char confederacion[MAX_JUGADORES][200];
      |       ^~~~~~~~~~~~~
..\src\TP1.c:37:6: warning: unused variable 'posiciones' [-Wunused-variable]
   37 |  int posiciones[MAX_JUGADORES];
      |      ^~~~~~~~~~
gcc -o TP1.exe "src\\TP1.o" "src\\misFunciones.o" "src\\validaciones.o" 
23:06:11 **** Incremental Build of configuration Debug for project TP1 ****
Info: Internal Builder is used for build
gcc -O0 -g3 -Wall -c -fmessage-length=0 -o "src\\TP1.o" "..\\src\\TP1.c" 
..\src\TP1.c: In function 'main':
..\src\TP1.c:73:24: error: 'opcion' undeclared (first use in this function)
   73 |     if (utn_getNumero(&opcion, "\nOpcion que desea elegir:",
      |                        ^~~~~~
..\src\TP1.c:73:24: note: each undeclared identifier is reported only once for each function it appears in
..\src\TP1.c:122:37: error: 'i' undeclared (first use in this function)
  122 |      utn_getNumero(&numerosCamiseta[i],
      |                                     ^
..\src\TP1.c:128:14: error: expected expression before ')' token
  128 |     } while ();
      |              ^
..\src\TP1.c:45:6: warning: unused variable 'contadorDelanteros' [-Wunused-variable]
   45 |  int contadorDelanteros = 0; // Maximo 4
      |      ^~~~~~~~~~~~~~~~~~
..\src\TP1.c:44:6: warning: unused variable 'contadorMedioCampistas' [-Wunused-variable]
   44 |  int contadorMedioCampistas = 0; // Maximo 8
      |      ^~~~~~~~~~~~~~~~~~~~~~
..\src\TP1.c:43:6: warning: unused variable 'contadorDefensores' [-Wunused-variable]
   43 |  int contadorDefensores = 0; // Maximo 8
      |      ^~~~~~~~~~~~~~~~~~
..\src\TP1.c:42:6: warning: unused variable 'contadorArqueros' [-Wunused-variable]
   42 |  int contadorArqueros = 0; // Maximo 2
      |      ^~~~~~~~~~~~~~~~
..\src\TP1.c:40:7: warning: unused variable 'confederacion' [-Wunused-variable]
   40 |  char confederacion[MAX_JUGADORES][200];
      |       ^~~~~~~~~~~~~
..\src\TP1.c:39:6: warning: unused variable 'posiciones' [-Wunused-variable]
   39 |  int posiciones[MAX_JUGADORES];
      |      ^~~~~~~~~~
..\src\TP1.c:38:6: warning: variable 'numerosCamiseta' set but not used [-Wunused-but-set-variable]
   38 |  int numerosCamiseta[MAX_JUGADORES];
      |      ^~~~~~~~~~~~~~~
..\src\TP1.c:26:6: warning: unused variable 'opcionMantenimiento' [-Wunused-variable]
   26 |  int opcionMantenimiento;
      |      ^~~~~~~~~~~~~~~~~~~
23:10:03 **** Incremental Build of configuration Debug for project TP1 ****
Info: Internal Builder is used for build
gcc -O0 -g3 -Wall -c -fmessage-length=0 -o "src\\TP1.o" "..\\src\\TP1.c" 
..\src\TP1.c: In function 'main':
..\src\TP1.c:131:22: error: expected expression before ',' token
  131 |       utn_getNumero(&, mensaje, mensajeError, minimo, maximo, reintentos);
      |                      ^
..\src\TP1.c:131:24: error: 'mensaje' undeclared (first use in this function)
  131 |       utn_getNumero(&, mensaje, mensajeError, minimo, maximo, reintentos);
      |                        ^~~~~~~
..\src\TP1.c:131:24: note: each undeclared identifier is reported only once for each function it appears in
..\src\TP1.c:131:33: error: 'mensajeError' undeclared (first use in this function)
  131 |       utn_getNumero(&, mensaje, mensajeError, minimo, maximo, reintentos);
      |                                 ^~~~~~~~~~~~
..\src\TP1.c:131:47: error: 'minimo' undeclared (first use in this function)
  131 |       utn_getNumero(&, mensaje, mensajeError, minimo, maximo, reintentos);
      |                                               ^~~~~~
..\src\TP1.c:131:55: error: 'maximo' undeclared (first use in this function)
  131 |       utn_getNumero(&, mensaje, mensajeError, minimo, maximo, reintentos);
      |                                                       ^~~~~~
..\src\TP1.c:131:63: error: 'reintentos' undeclared (first use in this function)
  131 |       utn_getNumero(&, mensaje, mensajeError, minimo, maximo, reintentos);
      |                                                               ^~~~~~~~~~
..\src\TP1.c:45:6: warning: unused variable 'contadorDelanteros' [-Wunused-variable]
   45 |  int contadorDelanteros = 0; // Maximo 4
      |      ^~~~~~~~~~~~~~~~~~
..\src\TP1.c:44:6: warning: unused variable 'contadorMedioCampistas' [-Wunused-variable]
   44 |  int contadorMedioCampistas = 0; // Maximo 8
      |      ^~~~~~~~~~~~~~~~~~~~~~
..\src\TP1.c:43:6: warning: unused variable 'contadorDefensores' [-Wunused-variable]
   43 |  int contadorDefensores = 0; // Maximo 8
      |      ^~~~~~~~~~~~~~~~~~
..\src\TP1.c:40:7: warning: unused variable 'confederacion' [-Wunused-variable]
   40 |  char confederacion[MAX_JUGADORES][200];
      |       ^~~~~~~~~~~~~
..\src\TP1.c:39:6: warning: unused variable 'posiciones' [-Wunused-variable]
   39 |  int posiciones[MAX_JUGADORES];
      |      ^~~~~~~~~~
..\src\TP1.c:38:6: warning: unused variable 'numerosCamiseta' [-Wunused-variable]
   38 |  int numerosCamiseta[MAX_JUGADORES];
      |      ^~~~~~~~~~~~~~~
23:28:20 **** Incremental Build of configuration Debug for project TP1 ****
Info: Internal Builder is used for build
gcc -O0 -g3 -Wall -c -fmessage-length=0 -o "src\\TP1.o" "..\\src\\TP1.c" 
..\src\TP1.c: In function 'main':
..\src\TP1.c:127:22: error: assignment to expression with array type
  127 |        posiciones[i] = "Arquero";
      |                      ^
..\src\TP1.c:133:22: error: assignment to expression with array type
  133 |        posiciones[i] = "Defensor";
      |                      ^
..\src\TP1.c:139:22: error: assignment to expression with array type
  139 |        posiciones[i] = "Delantero";
      |                      ^
..\src\TP1.c:144:22: error: assignment to expression with array type
  144 |        posiciones[i] = "Medio Campista";
      |                      ^
..\src\TP1.c:41:7: warning: unused variable 'confederacion' [-Wunused-variable]
   41 |  char confederacion[MAX_JUGADORES][200];
      |       ^~~~~~~~~~~~~
..\src\TP1.c:40:7: warning: variable 'posiciones' set but not used [-Wunused-but-set-variable]
   40 |  char posiciones[MAX_JUGADORES][500];
      |       ^~~~~~~~~~
..\src\TP1.c:36:6: warning: unused variable 'opcionCarga' [-Wunused-variable]
   36 |  int opcionCarga;
      |      ^~~~~~~~~~~
23:29:55 **** Incremental Build of configuration Debug for project TP1 ****
Info: Internal Builder is used for build
gcc -O0 -g3 -Wall -c -fmessage-length=0 -o "src\\TP1.o" "..\\src\\TP1.c" 
..\src\TP1.c: In function 'main':
..\src\TP1.c:127:22: error: assignment to expression with array type
  127 |        posiciones[i] = "Arquero";
      |                      ^
..\src\TP1.c:133:22: error: assignment to expression with array type
  133 |        posiciones[i] = "Defensor";
      |                      ^
..\src\TP1.c:139:22: error: assignment to expression with array type
  139 |        posiciones[i] = "Delantero";
      |                      ^
..\src\TP1.c:144:22: error: assignment to expression with array type
  144 |        posiciones[i] = "Medio Campista";
      |                      ^
..\src\TP1.c:41:7: warning: unused variable 'confederacion' [-Wunused-variable]
   41 |  char confederacion[MAX_JUGADORES][200];
      |       ^~~~~~~~~~~~~
..\src\TP1.c:40:7: warning: variable 'posiciones' set but not used [-Wunused-but-set-variable]
   40 |  char posiciones[MAX_JUGADORES][500];
      |       ^~~~~~~~~~
..\src\TP1.c:36:6: warning: unused variable 'opcionCarga' [-Wunused-variable]
   36 |  int opcionCarga;
      |      ^~~~~~~~~~~
00:01:39 **** Incremental Build of configuration Debug for project TP1 ****
Info: Internal Builder is used for build
gcc -O0 -g3 -Wall -c -fmessage-length=0 -o "src\\TP1.o" "..\\src\\TP1.c" 
..\src\TP1.c: In function 'main':
..\src\TP1.c:127:25: warning: assignment to 'char' from 'char *' makes integer from pointer without a cast [-Wint-conversion]
  127 |        posiciones[i][i] = "Arquero";
      |                         ^
..\src\TP1.c:134:22: error: assignment to expression with array type
  134 |        posiciones[i] = "Defensor";
      |                      ^
..\src\TP1.c:140:22: error: assignment to expression with array type
  140 |        posiciones[i] = "Delantero";
      |                      ^
..\src\TP1.c:145:22: error: assignment to expression with array type
  145 |        posiciones[i] = "Medio Campista";
      |                      ^
..\src\TP1.c:41:7: warning: unused variable 'confederacion' [-Wunused-variable]
   41 |  char confederacion[MAX_JUGADORES][200];
      |       ^~~~~~~~~~~~~
..\src\TP1.c:40:7: warning: variable 'posiciones' set but not used [-Wunused-but-set-variable]
   40 |  char posiciones[MAX_JUGADORES][500];
      |       ^~~~~~~~~~
..\src\TP1.c:36:6: warning: unused variable 'opcionCarga' [-Wunused-variable]
   36 |  int opcionCarga;
      |      ^~~~~~~~~~~
00:02:18 **** Incremental Build of configuration Debug for project TP1 ****
Info: Internal Builder is used for build
gcc -O0 -g3 -Wall -c -fmessage-length=0 -o "src\\TP1.o" "..\\src\\TP1.c" 
..\src\TP1.c: In function 'main':
..\src\TP1.c:127:27: warning: assignment to 'char' from 'char *' makes integer from pointer without a cast [-Wint-conversion]
  127 |        posiciones[i][i+1] = "Arquero";
      |                           ^
..\src\TP1.c:134:27: warning: assignment to 'char' from 'char *' makes integer from pointer without a cast [-Wint-conversion]
  134 |        posiciones[i][i+1] = "Defensor";
      |                           ^
..\src\TP1.c:140:27: warning: assignment to 'char' from 'char *' makes integer from pointer without a cast [-Wint-conversion]
  140 |        posiciones[i][i+1] = "Delantero";
      |                           ^
..\src\TP1.c:145:22: error: assignment to expression with array type
  145 |        posiciones[i] = "Medio Campista";
      |                      ^
..\src\TP1.c:41:7: warning: unused variable 'confederacion' [-Wunused-variable]
   41 |  char confederacion[MAX_JUGADORES][200];
      |       ^~~~~~~~~~~~~
..\src\TP1.c:40:7: warning: variable 'posiciones' set but not used [-Wunused-but-set-variable]
   40 |  char posiciones[MAX_JUGADORES][500];
      |       ^~~~~~~~~~
..\src\TP1.c:36:6: warning: unused variable 'opcionCarga' [-Wunused-variable]
   36 |  int opcionCarga;
      |      ^~~~~~~~~~~
00:02:32 **** Incremental Build of configuration Debug for project TP1 ****
Info: Internal Builder is used for build
gcc -O0 -g3 -Wall -c -fmessage-length=0 -o "src\\TP1.o" "..\\src\\TP1.c" 
..\src\TP1.c: In function 'main':
..\src\TP1.c:127:27: warning: assignment to 'char' from 'char *' makes integer from pointer without a cast [-Wint-conversion]
  127 |        posiciones[i][i+1] = "Arquero";
      |                           ^
..\src\TP1.c:134:27: warning: assignment to 'char' from 'char *' makes integer from pointer without a cast [-Wint-conversion]
  134 |        posiciones[i][i+1] = "Defensor";
      |                           ^
..\src\TP1.c:140:27: warning: assignment to 'char' from 'char *' makes integer from pointer without a cast [-Wint-conversion]
  140 |        posiciones[i][i+1] = "Delantero";
      |                           ^
..\src\TP1.c:145:27: warning: assignment to 'char' from 'char *' makes integer from pointer without a cast [-Wint-conversion]
  145 |        posiciones[i][i+1] = "Medio Campista";
      |                           ^
..\src\TP1.c:41:7: warning: unused variable 'confederacion' [-Wunused-variable]
   41 |  char confederacion[MAX_JUGADORES][200];
      |       ^~~~~~~~~~~~~
..\src\TP1.c:40:7: warning: variable 'posiciones' set but not used [-Wunused-but-set-variable]
   40 |  char posiciones[MAX_JUGADORES][500];
      |       ^~~~~~~~~~
..\src\TP1.c:36:6: warning: unused variable 'opcionCarga' [-Wunused-variable]
   36 |  int opcionCarga;
      |      ^~~~~~~~~~~
gcc -o TP1.exe "src\\TP1.o" "src\\misFunciones.o" "src\\validaciones.o" 
Info: Nothing to build for TP1
00:19:36 **** Incremental Build of configuration Debug for project TP1 ****
Info: Internal Builder is used for build
gcc -O0 -g3 -Wall -c -fmessage-length=0 -o "src\\TP1.o" "..\\src\\TP1.c" 
..\src\TP1.c: In function 'main':
..\src\TP1.c:41:7: warning: unused variable 'confederacion' [-Wunused-variable]
   41 |  char confederacion[MAX_JUGADORES][200];
      |       ^~~~~~~~~~~~~
..\src\TP1.c:40:8: warning: variable 'posiciones' set but not used [-Wunused-but-set-variable]
   40 |  char *posiciones[MAX_JUGADORES];
      |        ^~~~~~~~~~
..\src\TP1.c:36:6: warning: unused variable 'opcionCarga' [-Wunused-variable]
   36 |  int opcionCarga;
      |      ^~~~~~~~~~~
gcc -o TP1.exe "src\\TP1.o" "src\\misFunciones.o" "src\\validaciones.o" 
Info: Nothing to build for TP1
00:23:52 **** Incremental Build of configuration Debug for project TP1 ****
Info: Internal Builder is used for build
gcc -O0 -g3 -Wall -c -fmessage-length=0 -o "src\\TP1.o" "..\\src\\TP1.c" 
..\src\TP1.c: In function 'main':
..\src\TP1.c:157:28: warning: comparison between pointer and integer
  157 |      } while (confirmacion != "S" && confirmacion != "N");
      |                            ^~
..\src\TP1.c:157:28: warning: comparison with string literal results in unspecified behavior [-Waddress]
..\src\TP1.c:157:51: warning: comparison between pointer and integer
  157 |      } while (confirmacion != "S" && confirmacion != "N");
      |                                                   ^~
..\src\TP1.c:157:51: warning: comparison with string literal results in unspecified behavior [-Waddress]
..\src\TP1.c:42:7: warning: unused variable 'confederacion' [-Wunused-variable]
   42 |  char confederacion[MAX_JUGADORES][200];
      |       ^~~~~~~~~~~~~
..\src\TP1.c:41:8: warning: variable 'posiciones' set but not used [-Wunused-but-set-variable]
   41 |  char *posiciones[MAX_JUGADORES];
      |        ^~~~~~~~~~
..\src\TP1.c:36:6: warning: unused variable 'opcionCarga' [-Wunused-variable]
   36 |  int opcionCarga;
      |      ^~~~~~~~~~~
gcc -o TP1.exe "src\\TP1.o" "src\\misFunciones.o" "src\\validaciones.o" 
Info: Nothing to build for TP1
00:24:32 **** Incremental Build of configuration Debug for project TP1 ****
Info: Internal Builder is used for build
gcc -O0 -g3 -Wall -c -fmessage-length=0 -o "src\\TP1.o" "..\\src\\TP1.c" 
..\src\TP1.c: In function 'main':
..\src\TP1.c:158:28: warning: comparison between pointer and integer
  158 |      } while (confirmacion != "S" && confirmacion != "N");
      |                            ^~
..\src\TP1.c:158:28: warning: comparison with string literal results in unspecified behavior [-Waddress]
..\src\TP1.c:158:51: warning: comparison between pointer and integer
  158 |      } while (confirmacion != "S" && confirmacion != "N");
      |                                                   ^~
..\src\TP1.c:158:51: warning: comparison with string literal results in unspecified behavior [-Waddress]
..\src\TP1.c:42:7: warning: unused variable 'confederacion' [-Wunused-variable]
   42 |  char confederacion[MAX_JUGADORES][200];
      |       ^~~~~~~~~~~~~
..\src\TP1.c:41:8: warning: variable 'posiciones' set but not used [-Wunused-but-set-variable]
   41 |  char *posiciones[MAX_JUGADORES];
      |        ^~~~~~~~~~
..\src\TP1.c:36:6: warning: unused variable 'opcionCarga' [-Wunused-variable]
   36 |  int opcionCarga;
      |      ^~~~~~~~~~~
gcc -o TP1.exe "src\\TP1.o" "src\\misFunciones.o" "src\\validaciones.o" 
c:/mingw/bin/../lib/gcc/mingw32/9.2.0/../../../../mingw32/bin/ld.exe: cannot open output file TP1.exe: Permission denied
collect2.exe: error: ld returned 1 exit status
00:24:33 **** Incremental Build of configuration Debug for project TP1 ****
Info: Internal Builder is used for build
gcc -o TP1.exe "src\\TP1.o" "src\\misFunciones.o" "src\\validaciones.o" 
00:24:57 **** Incremental Build of configuration Debug for project TP1 ****
Info: Internal Builder is used for build
gcc -O0 -g3 -Wall -c -fmessage-length=0 -o "src\\TP1.o" "..\\src\\TP1.c" 
..\src\TP1.c: In function 'main':
..\src\TP1.c:156:7: warning: statement with no effect [-Wunused-value]
  156 |       toupper(confirmacion);
      |       ^~~~~~~~~~~~~~~~~~~~~
..\src\TP1.c:158:28: warning: comparison between pointer and integer
  158 |      } while (confirmacion != "S" && confirmacion != "N");
      |                            ^~
..\src\TP1.c:158:28: warning: comparison with string literal results in unspecified behavior [-Waddress]
..\src\TP1.c:158:51: warning: comparison between pointer and integer
  158 |      } while (confirmacion != "S" && confirmacion != "N");
      |                                                   ^~
..\src\TP1.c:158:51: warning: comparison with string literal results in unspecified behavior [-Waddress]
..\src\TP1.c:42:7: warning: unused variable 'confederacion' [-Wunused-variable]
   42 |  char confederacion[MAX_JUGADORES][200];
      |       ^~~~~~~~~~~~~
..\src\TP1.c:41:8: warning: variable 'posiciones' set but not used [-Wunused-but-set-variable]
   41 |  char *posiciones[MAX_JUGADORES];
      |        ^~~~~~~~~~
..\src\TP1.c:36:6: warning: unused variable 'opcionCarga' [-Wunused-variable]
   36 |  int opcionCarga;
      |      ^~~~~~~~~~~
gcc -o TP1.exe "src\\TP1.o" "src\\misFunciones.o" "src\\validaciones.o" 
Info: Nothing to build for TP1
00:25:22 **** Incremental Build of configuration Debug for project TP1 ****
Info: Internal Builder is used for build
gcc -O0 -g3 -Wall -c -fmessage-length=0 -o "src\\TP1.o" "..\\src\\TP1.c" 
..\src\TP1.c: In function 'main':
..\src\TP1.c:156:7: warning: statement with no effect [-Wunused-value]
  156 |       toupper(confirmacion);
      |       ^~~~~~~~~~~~~~~~~~~~~
..\src\TP1.c:42:7: warning: unused variable 'confederacion' [-Wunused-variable]
   42 |  char confederacion[MAX_JUGADORES][200];
      |       ^~~~~~~~~~~~~
..\src\TP1.c:41:8: warning: variable 'posiciones' set but not used [-Wunused-but-set-variable]
   41 |  char *posiciones[MAX_JUGADORES];
      |        ^~~~~~~~~~
..\src\TP1.c:36:6: warning: unused variable 'opcionCarga' [-Wunused-variable]
   36 |  int opcionCarga;
      |      ^~~~~~~~~~~
gcc -o TP1.exe "src\\TP1.o" "src\\misFunciones.o" "src\\validaciones.o" 
c:/mingw/bin/../lib/gcc/mingw32/9.2.0/../../../../mingw32/bin/ld.exe: cannot open output file TP1.exe: Permission denied
collect2.exe: error: ld returned 1 exit status
00:25:24 **** Incremental Build of configuration Debug for project TP1 ****
Info: Internal Builder is used for build
gcc -o TP1.exe "src\\TP1.o" "src\\misFunciones.o" "src\\validaciones.o" 
Info: Nothing to build for TP1
00:26:35 **** Incremental Build of configuration Debug for project TP1 ****
Info: Internal Builder is used for build
gcc -O0 -g3 -Wall -c -fmessage-length=0 -o "src\\TP1.o" "..\\src\\TP1.c" 
..\src\TP1.c: In function 'main':
..\src\TP1.c:156:7: warning: implicit declaration of function 'toUpper'; did you mean 'toupper'? [-Wimplicit-function-declaration]
  156 |       toUpper(confirmacion);
      |       ^~~~~~~
      |       toupper
..\src\TP1.c:42:7: warning: unused variable 'confederacion' [-Wunused-variable]
   42 |  char confederacion[MAX_JUGADORES][200];
      |       ^~~~~~~~~~~~~
..\src\TP1.c:41:8: warning: variable 'posiciones' set but not used [-Wunused-but-set-variable]
   41 |  char *posiciones[MAX_JUGADORES];
      |        ^~~~~~~~~~
..\src\TP1.c:36:6: warning: unused variable 'opcionCarga' [-Wunused-variable]
   36 |  int opcionCarga;
      |      ^~~~~~~~~~~
gcc -o TP1.exe "src\\TP1.o" "src\\misFunciones.o" "src\\validaciones.o" 
c:/mingw/bin/../lib/gcc/mingw32/9.2.0/../../../../mingw32/bin/ld.exe: cannot open output file TP1.exe: Permission denied
collect2.exe: error: ld returned 1 exit status
00:26:37 **** Incremental Build of configuration Debug for project TP1 ****
Info: Internal Builder is used for build
gcc -o TP1.exe "src\\TP1.o" "src\\misFunciones.o" "src\\validaciones.o" 
c:/mingw/bin/../lib/gcc/mingw32/9.2.0/../../../../mingw32/bin/ld.exe: src\TP1.o: in function `main':
C:\Users\herni\UTN\TPS_Laboratorio_1\TP1\Debug/../src/TP1.c:156: undefined reference to `toUpper'
collect2.exe: error: ld returned 1 exit status
00:26:38 **** Incremental Build of configuration Debug for project TP1 ****
Info: Internal Builder is used for build
gcc -o TP1.exe "src\\TP1.o" "src\\misFunciones.o" "src\\validaciones.o" 
c:/mingw/bin/../lib/gcc/mingw32/9.2.0/../../../../mingw32/bin/ld.exe: src\TP1.o: in function `main':
C:\Users\herni\UTN\TPS_Laboratorio_1\TP1\Debug/../src/TP1.c:156: undefined reference to `toUpper'
collect2.exe: error: ld returned 1 exit status
00:26:45 **** Incremental Build of configuration Debug for project TP1 ****
Info: Internal Builder is used for build
gcc -O0 -g3 -Wall -c -fmessage-length=0 -o "src\\TP1.o" "..\\src\\TP1.c" 
..\src\TP1.c: In function 'main':
..\src\TP1.c:156:7: warning: statement with no effect [-Wunused-value]
  156 |       toupper(confirmacion);
      |       ^~~~~~~~~~~~~~~~~~~~~
..\src\TP1.c:42:7: warning: unused variable 'confederacion' [-Wunused-variable]
   42 |  char confederacion[MAX_JUGADORES][200];
      |       ^~~~~~~~~~~~~
..\src\TP1.c:41:8: warning: variable 'posiciones' set but not used [-Wunused-but-set-variable]
   41 |  char *posiciones[MAX_JUGADORES];
      |        ^~~~~~~~~~
..\src\TP1.c:36:6: warning: unused variable 'opcionCarga' [-Wunused-variable]
   36 |  int opcionCarga;
      |      ^~~~~~~~~~~
gcc -o TP1.exe "src\\TP1.o" "src\\misFunciones.o" "src\\validaciones.o" 
00:27:02 **** Incremental Build of configuration Debug for project TP1 ****
Info: Internal Builder is used for build
gcc -O0 -g3 -Wall -c -fmessage-length=0 -o "src\\TP1.o" "..\\src\\TP1.c" 
..\src\TP1.c: In function 'main':
..\src\TP1.c:42:7: warning: unused variable 'confederacion' [-Wunused-variable]
   42 |  char confederacion[MAX_JUGADORES][200];
      |       ^~~~~~~~~~~~~
..\src\TP1.c:41:8: warning: variable 'posiciones' set but not used [-Wunused-but-set-variable]
   41 |  char *posiciones[MAX_JUGADORES];
      |        ^~~~~~~~~~
..\src\TP1.c:36:6: warning: unused variable 'opcionCarga' [-Wunused-variable]
   36 |  int opcionCarga;
      |      ^~~~~~~~~~~
gcc -o TP1.exe "src\\TP1.o" "src\\misFunciones.o" "src\\validaciones.o" 
Info: Nothing to build for TP1
00:31:25 **** Incremental Build of configuration Debug for project TP1 ****
Info: Internal Builder is used for build
gcc -O0 -g3 -Wall -c -fmessage-length=0 -o "src\\TP1.o" "..\\src\\TP1.c" 
..\src\TP1.c: In function 'main':
..\src\TP1.c:42:7: warning: unused variable 'confederacion' [-Wunused-variable]
   42 |  char confederacion[MAX_JUGADORES][200];
      |       ^~~~~~~~~~~~~
..\src\TP1.c:41:8: warning: variable 'posiciones' set but not used [-Wunused-but-set-variable]
   41 |  char *posiciones[MAX_JUGADORES];
      |        ^~~~~~~~~~
..\src\TP1.c:36:6: warning: unused variable 'opcionCarga' [-Wunused-variable]
   36 |  int opcionCarga;
      |      ^~~~~~~~~~~
gcc -o TP1.exe "src\\TP1.o" "src\\misFunciones.o" "src\\validaciones.o" 
c:/mingw/bin/../lib/gcc/mingw32/9.2.0/../../../../mingw32/bin/ld.exe: cannot open output file TP1.exe: Permission denied
collect2.exe: error: ld returned 1 exit status
00:31:32 **** Incremental Build of configuration Debug for project TP1 ****
Info: Internal Builder is used for build
gcc -o TP1.exe "src\\TP1.o" "src\\misFunciones.o" "src\\validaciones.o" 
Info: Nothing to build for TP1
Info: Nothing to build for TP1
Info: Nothing to build for TP1
Info: Nothing to build for TP1
00:33:00 **** Incremental Build of configuration Debug for project TP1 ****
Info: Internal Builder is used for build
gcc -O0 -g3 -Wall -c -fmessage-length=0 -o "src\\TP1.o" "..\\src\\TP1.c" 
..\src\TP1.c: In function 'main':
..\src\TP1.c:42:7: warning: unused variable 'confederacion' [-Wunused-variable]
   42 |  char confederacion[MAX_JUGADORES][200];
      |       ^~~~~~~~~~~~~
..\src\TP1.c:41:8: warning: variable 'posiciones' set but not used [-Wunused-but-set-variable]
   41 |  char *posiciones[MAX_JUGADORES];
      |        ^~~~~~~~~~
..\src\TP1.c:36:6: warning: unused variable 'opcionCarga' [-Wunused-variable]
   36 |  int opcionCarga;
      |      ^~~~~~~~~~~
gcc -o TP1.exe "src\\TP1.o" "src\\misFunciones.o" "src\\validaciones.o" 
c:/mingw/bin/../lib/gcc/mingw32/9.2.0/../../../../mingw32/bin/ld.exe: cannot open output file TP1.exe: Permission denied
collect2.exe: error: ld returned 1 exit status
00:33:03 **** Incremental Build of configuration Debug for project TP1 ****
Info: Internal Builder is used for build
gcc -o TP1.exe "src\\TP1.o" "src\\misFunciones.o" "src\\validaciones.o" 
Info: Nothing to build for TP1
Info: Nothing to build for TP1
Info: Nothing to build for TP1
00:38:35 **** Incremental Build of configuration Debug for project TP1 ****
Info: Internal Builder is used for build
gcc -O0 -g3 -Wall -c -fmessage-length=0 -o "src\\TP1.o" "..\\src\\TP1.c" 
..\src\TP1.c: In function 'main':
..\src\TP1.c:42:7: warning: unused variable 'confederacion' [-Wunused-variable]
   42 |  char confederacion[MAX_JUGADORES][200];
      |       ^~~~~~~~~~~~~
..\src\TP1.c:41:8: warning: variable 'posiciones' set but not used [-Wunused-but-set-variable]
   41 |  char *posiciones[MAX_JUGADORES];
      |        ^~~~~~~~~~
..\src\TP1.c:36:6: warning: unused variable 'opcionCarga' [-Wunused-variable]
   36 |  int opcionCarga;
      |      ^~~~~~~~~~~
gcc -o TP1.exe "src\\TP1.o" "src\\misFunciones.o" "src\\validaciones.o" 
Info: Nothing to build for TP1
Info: Nothing to build for TP1
Info: Nothing to build for TP1
Info: Nothing to build for TP1
Info: Nothing to build for TP1
00:46:25 **** Incremental Build of configuration Debug for project TP1 ****
Info: Internal Builder is used for build
gcc -O0 -g3 -Wall -c -fmessage-length=0 -o "src\\TP1.o" "..\\src\\TP1.c" 
..\src\TP1.c: In function 'main':
..\src\TP1.c:112:4: error: a label can only be part of a statement and a declaration is not a statement
  112 |    int contadorArqueros = 0; // Maximo 2
      |    ^~~
..\src\TP1.c:113:4: error: expected expression before 'int'
  113 |    int contadorDefensores = 0; // Maximo 8
      |    ^~~
..\src\TP1.c:136:11: error: 'contadorDefensores' undeclared (first use in this function); did you mean 'contadorDelanteros'?
  136 |       if (contadorDefensores <= 8) {
      |           ^~~~~~~~~~~~~~~~~~
      |           contadorDelanteros
..\src\TP1.c:136:11: note: each undeclared identifier is reported only once for each function it appears in
..\src\TP1.c:42:7: warning: unused variable 'confederacion' [-Wunused-variable]
   42 |  char confederacion[MAX_JUGADORES][200];
      |       ^~~~~~~~~~~~~
..\src\TP1.c:41:8: warning: variable 'posiciones' set but not used [-Wunused-but-set-variable]
   41 |  char *posiciones[MAX_JUGADORES];
      |        ^~~~~~~~~~
..\src\TP1.c:36:6: warning: unused variable 'opcionCarga' [-Wunused-variable]
   36 |  int opcionCarga;
      |      ^~~~~~~~~~~
00:46:31 **** Incremental Build of configuration Debug for project TP1 ****
Info: Internal Builder is used for build
gcc -O0 -g3 -Wall -c -fmessage-length=0 -o "src\\TP1.o" "..\\src\\TP1.c" 
..\src\TP1.c: In function 'main':
..\src\TP1.c:112:4: error: a label can only be part of a statement and a declaration is not a statement
  112 |    int contadorArqueros = 0; // Maximo 2
      |    ^~~
..\src\TP1.c:113:4: error: expected expression before 'int'
  113 |    int contadorDefensores = 0; // Maximo 8
      |    ^~~
..\src\TP1.c:136:11: error: 'contadorDefensores' undeclared (first use in this function); did you mean 'contadorDelanteros'?
  136 |       if (contadorDefensores <= 8) {
      |           ^~~~~~~~~~~~~~~~~~
      |           contadorDelanteros
..\src\TP1.c:136:11: note: each undeclared identifier is reported only once for each function it appears in
..\src\TP1.c:42:7: warning: unused variable 'confederacion' [-Wunused-variable]
   42 |  char confederacion[MAX_JUGADORES][200];
      |       ^~~~~~~~~~~~~
..\src\TP1.c:41:8: warning: variable 'posiciones' set but not used [-Wunused-but-set-variable]
   41 |  char *posiciones[MAX_JUGADORES];
      |        ^~~~~~~~~~
..\src\TP1.c:36:6: warning: unused variable 'opcionCarga' [-Wunused-variable]
   36 |  int opcionCarga;
      |      ^~~~~~~~~~~
00:46:50 **** Incremental Build of configuration Debug for project TP1 ****
Info: Internal Builder is used for build
gcc -O0 -g3 -Wall -c -fmessage-length=0 -o "src\\TP1.o" "..\\src\\TP1.c" 
..\src\TP1.c: In function 'main':
..\src\TP1.c:112:4: error: a label can only be part of a statement and a declaration is not a statement
  112 |    int contadorArqueros = 0; // Maximo 2
      |    ^~~
..\src\TP1.c:113:4: error: expected expression before 'int'
  113 |    int contadorDefensores = 0; // Maximo 8
      |    ^~~
..\src\TP1.c:136:11: error: 'contadorDefensores' undeclared (first use in this function); did you mean 'contadorDelanteros'?
  136 |       if (contadorDefensores <= 8) {
      |           ^~~~~~~~~~~~~~~~~~
      |           contadorDelanteros
..\src\TP1.c:136:11: note: each undeclared identifier is reported only once for each function it appears in
..\src\TP1.c:42:7: warning: unused variable 'confederacion' [-Wunused-variable]
   42 |  char confederacion[MAX_JUGADORES][200];
      |       ^~~~~~~~~~~~~
..\src\TP1.c:41:8: warning: variable 'posiciones' set but not used [-Wunused-but-set-variable]
   41 |  char *posiciones[MAX_JUGADORES];
      |        ^~~~~~~~~~
..\src\TP1.c:36:6: warning: unused variable 'opcionCarga' [-Wunused-variable]
   36 |  int opcionCarga;
      |      ^~~~~~~~~~~
00:47:17 **** Incremental Build of configuration Debug for project TP1 ****
Info: Internal Builder is used for build
gcc -O0 -g3 -Wall -c -fmessage-length=0 -o "src\\TP1.o" "..\\src\\TP1.c" 
..\src\TP1.c: In function 'main':
..\src\TP1.c:42:7: warning: unused variable 'confederacion' [-Wunused-variable]
   42 |  char confederacion[MAX_JUGADORES][200];
      |       ^~~~~~~~~~~~~
..\src\TP1.c:41:8: warning: variable 'posiciones' set but not used [-Wunused-but-set-variable]
   41 |  char *posiciones[MAX_JUGADORES];
      |        ^~~~~~~~~~
..\src\TP1.c:36:6: warning: unused variable 'opcionCarga' [-Wunused-variable]
   36 |  int opcionCarga;
      |      ^~~~~~~~~~~
gcc -o TP1.exe "src\\TP1.o" "src\\misFunciones.o" "src\\validaciones.o" 
00:49:21 **** Incremental Build of configuration Debug for project TP1 ****
Info: Internal Builder is used for build
gcc -O0 -g3 -Wall -c -fmessage-length=0 -o "src\\TP1.o" "..\\src\\TP1.c" 
..\src\TP1.c: In function 'main':
..\src\TP1.c:42:7: warning: unused variable 'confederacion' [-Wunused-variable]
   42 |  char confederacion[MAX_JUGADORES][200];
      |       ^~~~~~~~~~~~~
..\src\TP1.c:41:8: warning: variable 'posiciones' set but not used [-Wunused-but-set-variable]
   41 |  char *posiciones[MAX_JUGADORES];
      |        ^~~~~~~~~~
..\src\TP1.c:36:6: warning: unused variable 'opcionCarga' [-Wunused-variable]
   36 |  int opcionCarga;
      |      ^~~~~~~~~~~
gcc -o TP1.exe "src\\TP1.o" "src\\misFunciones.o" "src\\validaciones.o" 
Info: Nothing to build for TP1
00:50:59 **** Incremental Build of configuration Debug for project TP1 ****
Info: Internal Builder is used for build
gcc -O0 -g3 -Wall -c -fmessage-length=0 -o "src\\TP1.o" "..\\src\\TP1.c" 
..\src\TP1.c: In function 'main':
..\src\TP1.c:42:7: warning: unused variable 'confederacion' [-Wunused-variable]
   42 |  char confederacion[MAX_JUGADORES][200];
      |       ^~~~~~~~~~~~~
..\src\TP1.c:41:8: warning: variable 'posiciones' set but not used [-Wunused-but-set-variable]
   41 |  char *posiciones[MAX_JUGADORES];
      |        ^~~~~~~~~~
..\src\TP1.c:36:6: warning: unused variable 'opcionCarga' [-Wunused-variable]
   36 |  int opcionCarga;
      |      ^~~~~~~~~~~
gcc -o TP1.exe "src\\TP1.o" "src\\misFunciones.o" "src\\validaciones.o" 
c:/mingw/bin/../lib/gcc/mingw32/9.2.0/../../../../mingw32/bin/ld.exe: cannot open output file TP1.exe: Permission denied
collect2.exe: error: ld returned 1 exit status
00:51:01 **** Incremental Build of configuration Debug for project TP1 ****
Info: Internal Builder is used for build
gcc -o TP1.exe "src\\TP1.o" "src\\misFunciones.o" "src\\validaciones.o" 
Info: Nothing to build for TP1
01:02:28 **** Incremental Build of configuration Debug for project TP1 ****
Info: Internal Builder is used for build
gcc -O0 -g3 -Wall -c -fmessage-length=0 -o "src\\TP1.o" "..\\src\\TP1.c" 
..\src\TP1.c: In function 'main':
..\src\TP1.c:115:4: error: a label can only be part of a statement and a declaration is not a statement
  115 |    int contadorArqueros = 0; // Maximo 2
      |    ^~~
..\src\TP1.c:42:7: warning: unused variable 'confederacion' [-Wunused-variable]
   42 |  char confederacion[MAX_JUGADORES][200];
      |       ^~~~~~~~~~~~~
..\src\TP1.c:41:8: warning: variable 'posiciones' set but not used [-Wunused-but-set-variable]
   41 |  char *posiciones[MAX_JUGADORES];
      |        ^~~~~~~~~~
..\src\TP1.c:36:6: warning: unused variable 'opcionCarga' [-Wunused-variable]
   36 |  int opcionCarga;
      |      ^~~~~~~~~~~
01:02:32 **** Incremental Build of configuration Debug for project TP1 ****
Info: Internal Builder is used for build
gcc -O0 -g3 -Wall -c -fmessage-length=0 -o "src\\TP1.o" "..\\src\\TP1.c" 
..\src\TP1.c: In function 'main':
..\src\TP1.c:115:4: error: a label can only be part of a statement and a declaration is not a statement
  115 |    int contadorArqueros = 0; // Maximo 2
      |    ^~~
..\src\TP1.c:42:7: warning: unused variable 'confederacion' [-Wunused-variable]
   42 |  char confederacion[MAX_JUGADORES][200];
      |       ^~~~~~~~~~~~~
..\src\TP1.c:41:8: warning: variable 'posiciones' set but not used [-Wunused-but-set-variable]
   41 |  char *posiciones[MAX_JUGADORES];
      |        ^~~~~~~~~~
..\src\TP1.c:36:6: warning: unused variable 'opcionCarga' [-Wunused-variable]
   36 |  int opcionCarga;
      |      ^~~~~~~~~~~
19:14:17 **** Incremental Build of configuration Debug for project TP1 ****
Info: Internal Builder is used for build
gcc -O0 -g3 -Wall -c -fmessage-length=0 -o "src\\TP1.o" "..\\src\\TP1.c" 
..\src\TP1.c: In function 'main':
..\src\TP1.c:44:6: warning: unused variable 'contadorTotal' [-Wunused-variable]
   44 |  int contadorTotal = 0; // maximo 22
      |      ^~~~~~~~~~~~~
..\src\TP1.c:43:6: warning: unused variable 'contadorDelanteros' [-Wunused-variable]
   43 |  int contadorDelanteros = 0; // Maximo 4
      |      ^~~~~~~~~~~~~~~~~~
..\src\TP1.c:42:6: warning: unused variable 'contadorMedioCampistas' [-Wunused-variable]
   42 |  int contadorMedioCampistas = 0; // Maximo 8
      |      ^~~~~~~~~~~~~~~~~~~~~~
..\src\TP1.c:41:6: warning: unused variable 'contadorDefensores' [-Wunused-variable]
   41 |  int contadorDefensores = 0; // Maximo 8
      |      ^~~~~~~~~~~~~~~~~~
..\src\TP1.c:40:6: warning: unused variable 'contadorArqueros' [-Wunused-variable]
   40 |  int contadorArqueros = 0; // Maximo 2
      |      ^~~~~~~~~~~~~~~~
..\src\TP1.c:38:7: warning: unused variable 'confederacion' [-Wunused-variable]
   38 |  char confederacion[MAX_JUGADORES][200];
      |       ^~~~~~~~~~~~~
..\src\TP1.c:37:8: warning: unused variable 'posiciones' [-Wunused-variable]
   37 |  char *posiciones[MAX_JUGADORES];
      |        ^~~~~~~~~~
..\src\TP1.c:36:6: warning: unused variable 'numerosCamiseta' [-Wunused-variable]
   36 |  int numerosCamiseta[MAX_JUGADORES];
      |      ^~~~~~~~~~~~~~~
..\src\TP1.c:34:7: warning: unused variable 'confirmacion' [-Wunused-variable]
   34 |  char confirmacion;
      |       ^~~~~~~~~~~~
..\src\TP1.c:33:6: warning: unused variable 'opcionPosicion' [-Wunused-variable]
   33 |  int opcionPosicion;
      |      ^~~~~~~~~~~~~~
..\src\TP1.c:32:6: warning: unused variable 'opcionCarga' [-Wunused-variable]
   32 |  int opcionCarga;
      |      ^~~~~~~~~~~
gcc -o TP1.exe "src\\TP1.o" "src\\misFunciones.o" "src\\validaciones.o" 
19:14:40 **** Incremental Build of configuration Debug for project TP1 ****
Info: Internal Builder is used for build
gcc -O0 -g3 -Wall -c -fmessage-length=0 -o "src\\TP1.o" "..\\src\\TP1.c" 
..\src\TP1.c: In function 'main':
..\src\TP1.c:34:7: warning: unused variable 'confirmacion' [-Wunused-variable]
   34 |  char confirmacion;
      |       ^~~~~~~~~~~~
..\src\TP1.c:33:6: warning: unused variable 'opcionPosicion' [-Wunused-variable]
   33 |  int opcionPosicion;
      |      ^~~~~~~~~~~~~~
..\src\TP1.c:32:6: warning: unused variable 'opcionCarga' [-Wunused-variable]
   32 |  int opcionCarga;
      |      ^~~~~~~~~~~
gcc -o TP1.exe "src\\TP1.o" "src\\misFunciones.o" "src\\validaciones.o" 
Info: Nothing to build for TP1
19:39:26 **** Incremental Build of configuration Debug for project TP1 ****
Info: Internal Builder is used for build
gcc -O0 -g3 -Wall -c -fmessage-length=0 -o "src\\TP1.o" "..\\src\\TP1.c" 
..\src\TP1.c: In function 'main':
..\src\TP1.c:40:7: warning: unused variable 'contadorDelanteros' [-Wunused-variable]
   40 |   int contadorDelanteros = 0; // Maximo 4
      |       ^~~~~~~~~~~~~~~~~~
..\src\TP1.c:39:7: warning: unused variable 'contadorMedioCampistas' [-Wunused-variable]
   39 |   int contadorMedioCampistas = 0; // Maximo 8
      |       ^~~~~~~~~~~~~~~~~~~~~~
..\src\TP1.c:38:7: warning: unused variable 'contadorDefensores' [-Wunused-variable]
   38 |   int contadorDefensores = 0; // Maximo 8
      |       ^~~~~~~~~~~~~~~~~~
..\src\TP1.c:34:7: warning: unused variable 'confirmacion' [-Wunused-variable]
   34 |  char confirmacion;
      |       ^~~~~~~~~~~~
..\src\TP1.c:32:6: warning: unused variable 'opcionCarga' [-Wunused-variable]
   32 |  int opcionCarga;
      |      ^~~~~~~~~~~
gcc -o TP1.exe "src\\TP1.o" "src\\misFunciones.o" "src\\validaciones.o" 
c:/mingw/bin/../lib/gcc/mingw32/9.2.0/../../../../mingw32/bin/ld.exe: cannot open output file TP1.exe: Permission denied
collect2.exe: error: ld returned 1 exit status
19:39:29 **** Incremental Build of configuration Debug for project TP1 ****
Info: Internal Builder is used for build
gcc -o TP1.exe "src\\TP1.o" "src\\misFunciones.o" "src\\validaciones.o" 
Info: Nothing to build for TP1
19:56:36 **** Incremental Build of configuration Debug for project TP1 ****
Info: Internal Builder is used for build
gcc -O0 -g3 -Wall -c -fmessage-length=0 -o "src\\misFunciones.o" "..\\src\\misFunciones.c" 
gcc -O0 -g3 -Wall -c -fmessage-length=0 -o "src\\TP1.o" "..\\src\\TP1.c" 
..\src\TP1.c: In function 'main':
..\src\TP1.c:134:46: error: expected ';' before 'printf'
  134 |     printf("\nHasta el momento se cargador:")
      |                                              ^
      |                                              ;
  135 |     printf("\nDesea cargar otro jugador [S|N]");
      |     ~~~~~~                                    
..\src\TP1.c:37:6: warning: unused variable 'contadorDelanteros' [-Wunused-variable]
   37 |  int contadorDelanteros = 0; // Maximo 4
      |      ^~~~~~~~~~~~~~~~~~
..\src\TP1.c:36:6: warning: unused variable 'contadorMedioCampistas' [-Wunused-variable]
   36 |  int contadorMedioCampistas = 0; // Maximo 8
      |      ^~~~~~~~~~~~~~~~~~~~~~
..\src\TP1.c:35:6: warning: unused variable 'contadorDefensores' [-Wunused-variable]
   35 |  int contadorDefensores = 0; // Maximo 8
      |      ^~~~~~~~~~~~~~~~~~
19:56:39 **** Incremental Build of configuration Debug for project TP1 ****
Info: Internal Builder is used for build
gcc -O0 -g3 -Wall -c -fmessage-length=0 -o "src\\TP1.o" "..\\src\\TP1.c" 
..\src\TP1.c: In function 'main':
..\src\TP1.c:134:46: error: expected ';' before 'printf'
  134 |     printf("\nHasta el momento se cargador:")
      |                                              ^
      |                                              ;
  135 |     printf("\nDesea cargar otro jugador [S|N]");
      |     ~~~~~~                                    
..\src\TP1.c:37:6: warning: unused variable 'contadorDelanteros' [-Wunused-variable]
   37 |  int contadorDelanteros = 0; // Maximo 4
      |      ^~~~~~~~~~~~~~~~~~
..\src\TP1.c:36:6: warning: unused variable 'contadorMedioCampistas' [-Wunused-variable]
   36 |  int contadorMedioCampistas = 0; // Maximo 8
      |      ^~~~~~~~~~~~~~~~~~~~~~
..\src\TP1.c:35:6: warning: unused variable 'contadorDefensores' [-Wunused-variable]
   35 |  int contadorDefensores = 0; // Maximo 8
      |      ^~~~~~~~~~~~~~~~~~
19:56:47 **** Incremental Build of configuration Debug for project TP1 ****
Info: Internal Builder is used for build
gcc -O0 -g3 -Wall -c -fmessage-length=0 -o "src\\TP1.o" "..\\src\\TP1.c" 
..\src\TP1.c: In function 'main':
..\src\TP1.c:37:6: warning: unused variable 'contadorDelanteros' [-Wunused-variable]
   37 |  int contadorDelanteros = 0; // Maximo 4
      |      ^~~~~~~~~~~~~~~~~~
..\src\TP1.c:36:6: warning: unused variable 'contadorMedioCampistas' [-Wunused-variable]
   36 |  int contadorMedioCampistas = 0; // Maximo 8
      |      ^~~~~~~~~~~~~~~~~~~~~~
..\src\TP1.c:35:6: warning: unused variable 'contadorDefensores' [-Wunused-variable]
   35 |  int contadorDefensores = 0; // Maximo 8
      |      ^~~~~~~~~~~~~~~~~~
gcc -o TP1.exe "src\\TP1.o" "src\\misFunciones.o" "src\\validaciones.o" 
Info: Nothing to build for TP1
19:58:30 **** Incremental Build of configuration Debug for project TP1 ****
Info: Internal Builder is used for build
gcc -O0 -g3 -Wall -c -fmessage-length=0 -o "src\\TP1.o" "..\\src\\TP1.c" 
..\src\TP1.c: In function 'main':
..\src\TP1.c:134:61: warning: format '%i' expects a matching 'int' argument [-Wformat=]
  134 |     printf("\nHasta el momento se cargador:\n -  Arqueros: %i\n - Defensores: %i\n - Delanteros: %i\n - Medio Campistas: %i");
      |                                                            ~^
      |                                                             |
      |                                                             int
..\src\TP1.c:134:80: warning: format '%i' expects a matching 'int' argument [-Wformat=]
  134 |     printf("\nHasta el momento se cargador:\n -  Arqueros: %i\n - Defensores: %i\n - Delanteros: %i\n - Medio Campistas: %i");
      |                                                                               ~^
      |                                                                                |
      |                                                                                int
..\src\TP1.c:134:99: warning: format '%i' expects a matching 'int' argument [-Wformat=]
  134 |     printf("\nHasta el momento se cargador:\n -  Arqueros: %i\n - Defensores: %i\n - Delanteros: %i\n - Medio Campistas: %i");
      |                                                                                                  ~^
      |                                                                                                   |
      |                                                                                                   int
..\src\TP1.c:134:123: warning: format '%i' expects a matching 'int' argument [-Wformat=]
  134 |     printf("\nHasta el momento se cargador:\n -  Arqueros: %i\n - Defensores: %i\n - Delanteros: %i\n - Medio Campistas: %i");
      |                                                                                                                          ~^
      |                                                                                                                           |
      |                                                                                                                           int
..\src\TP1.c:37:6: warning: unused variable 'contadorDelanteros' [-Wunused-variable]
   37 |  int contadorDelanteros = 0; // Maximo 4
      |      ^~~~~~~~~~~~~~~~~~
..\src\TP1.c:36:6: warning: unused variable 'contadorMedioCampistas' [-Wunused-variable]
   36 |  int contadorMedioCampistas = 0; // Maximo 8
      |      ^~~~~~~~~~~~~~~~~~~~~~
..\src\TP1.c:35:6: warning: unused variable 'contadorDefensores' [-Wunused-variable]
   35 |  int contadorDefensores = 0; // Maximo 8
      |      ^~~~~~~~~~~~~~~~~~
gcc -o TP1.exe "src\\TP1.o" "src\\misFunciones.o" "src\\validaciones.o" 
c:/mingw/bin/../lib/gcc/mingw32/9.2.0/../../../../mingw32/bin/ld.exe: cannot open output file TP1.exe: Permission denied
collect2.exe: error: ld returned 1 exit status
19:58:33 **** Incremental Build of configuration Debug for project TP1 ****
Info: Internal Builder is used for build
gcc -o TP1.exe "src\\TP1.o" "src\\misFunciones.o" "src\\validaciones.o" 
Info: Nothing to build for TP1
20:00:30 **** Incremental Build of configuration Debug for project TP1 ****
Info: Internal Builder is used for build
gcc -O0 -g3 -Wall -c -fmessage-length=0 -o "src\\TP1.o" "..\\src\\TP1.c" 
gcc -o TP1.exe "src\\TP1.o" "src\\misFunciones.o" "src\\validaciones.o" 
c:/mingw/bin/../lib/gcc/mingw32/9.2.0/../../../../mingw32/bin/ld.exe: cannot open output file TP1.exe: Permission denied
collect2.exe: error: ld returned 1 exit status
20:00:32 **** Incremental Build of configuration Debug for project TP1 ****
Info: Internal Builder is used for build
gcc -o TP1.exe "src\\TP1.o" "src\\misFunciones.o" "src\\validaciones.o" 
Info: Nothing to build for TP1
20:07:30 **** Incremental Build of configuration Debug for project TP1 ****
Info: Internal Builder is used for build
gcc -O0 -g3 -Wall -c -fmessage-length=0 -o "src\\TP1.o" "..\\src\\TP1.c" 
gcc -o TP1.exe "src\\TP1.o" "src\\misFunciones.o" "src\\validaciones.o" 
c:/mingw/bin/../lib/gcc/mingw32/9.2.0/../../../../mingw32/bin/ld.exe: cannot open output file TP1.exe: Permission denied
collect2.exe: error: ld returned 1 exit status
20:07:33 **** Incremental Build of configuration Debug for project TP1 ****
Info: Internal Builder is used for build
gcc -o TP1.exe "src\\TP1.o" "src\\misFunciones.o" "src\\validaciones.o" 
Info: Nothing to build for TP1
20:10:17 **** Incremental Build of configuration Debug for project TP1 ****
Info: Internal Builder is used for build
gcc -O0 -g3 -Wall -c -fmessage-length=0 -o "src\\TP1.o" "..\\src\\TP1.c" 
gcc -o TP1.exe "src\\TP1.o" "src\\misFunciones.o" "src\\validaciones.o" 
c:/mingw/bin/../lib/gcc/mingw32/9.2.0/../../../../mingw32/bin/ld.exe: cannot open output file TP1.exe: Permission denied
collect2.exe: error: ld returned 1 exit status
20:10:19 **** Incremental Build of configuration Debug for project TP1 ****
Info: Internal Builder is used for build
gcc -o TP1.exe "src\\TP1.o" "src\\misFunciones.o" "src\\validaciones.o" 
Info: Nothing to build for TP1
20:10:43 **** Incremental Build of configuration Debug for project TP1 ****
Info: Internal Builder is used for build
gcc -O0 -g3 -Wall -c -fmessage-length=0 -o "src\\TP1.o" "..\\src\\TP1.c" 
gcc -o TP1.exe "src\\TP1.o" "src\\misFunciones.o" "src\\validaciones.o" 
c:/mingw/bin/../lib/gcc/mingw32/9.2.0/../../../../mingw32/bin/ld.exe: cannot open output file TP1.exe: Permission denied
collect2.exe: error: ld returned 1 exit status
20:11:00 **** Incremental Build of configuration Debug for project TP1 ****
Info: Internal Builder is used for build
gcc -O0 -g3 -Wall -c -fmessage-length=0 -o "src\\TP1.o" "..\\src\\TP1.c" 
gcc -o TP1.exe "src\\TP1.o" "src\\misFunciones.o" "src\\validaciones.o" 
c:/mingw/bin/../lib/gcc/mingw32/9.2.0/../../../../mingw32/bin/ld.exe: cannot open output file TP1.exe: Permission denied
collect2.exe: error: ld returned 1 exit status
20:11:01 **** Incremental Build of configuration Debug for project TP1 ****
Info: Internal Builder is used for build
gcc -o TP1.exe "src\\TP1.o" "src\\misFunciones.o" "src\\validaciones.o" 
Info: Nothing to build for TP1
Info: Nothing to build for TP1
20:11:37 **** Incremental Build of configuration Debug for project TP1 ****
Info: Internal Builder is used for build
gcc -O0 -g3 -Wall -c -fmessage-length=0 -o "src\\TP1.o" "..\\src\\TP1.c" 
gcc -o TP1.exe "src\\TP1.o" "src\\misFunciones.o" "src\\validaciones.o" 
c:/mingw/bin/../lib/gcc/mingw32/9.2.0/../../../../mingw32/bin/ld.exe: cannot open output file TP1.exe: Permission denied
collect2.exe: error: ld returned 1 exit status
20:11:38 **** Incremental Build of configuration Debug for project TP1 ****
Info: Internal Builder is used for build
gcc -o TP1.exe "src\\TP1.o" "src\\misFunciones.o" "src\\validaciones.o" 
Info: Nothing to build for TP1
Info: Nothing to build for TP1
20:20:09 **** Incremental Build of configuration Debug for project TP1 ****
Info: Internal Builder is used for build
gcc -O0 -g3 -Wall -c -fmessage-length=0 -o "src\\misFunciones.o" "..\\src\\misFunciones.c" 
gcc -O0 -g3 -Wall -c -fmessage-length=0 -o "src\\TP1.o" "..\\src\\TP1.c" 
gcc -o TP1.exe "src\\TP1.o" "src\\misFunciones.o" "src\\validaciones.o" 
c:/mingw/bin/../lib/gcc/mingw32/9.2.0/../../../../mingw32/bin/ld.exe: cannot open output file TP1.exe: Permission denied
collect2.exe: error: ld returned 1 exit status
20:20:12 **** Incremental Build of configuration Debug for project TP1 ****
Info: Internal Builder is used for build
gcc -o TP1.exe "src\\TP1.o" "src\\misFunciones.o" "src\\validaciones.o" 
Info: Nothing to build for TP1
20:22:18 **** Incremental Build of configuration Debug for project TP1 ****
Info: Internal Builder is used for build
gcc -O0 -g3 -Wall -c -fmessage-length=0 -o "src\\TP1.o" "..\\src\\TP1.c" 
gcc -o TP1.exe "src\\TP1.o" "src\\misFunciones.o" "src\\validaciones.o" 
c:/mingw/bin/../lib/gcc/mingw32/9.2.0/../../../../mingw32/bin/ld.exe: cannot open output file TP1.exe: Permission denied
collect2.exe: error: ld returned 1 exit status
20:22:20 **** Incremental Build of configuration Debug for project TP1 ****
Info: Internal Builder is used for build
gcc -o TP1.exe "src\\TP1.o" "src\\misFunciones.o" "src\\validaciones.o" 
Info: Nothing to build for TP1
20:47:30 **** Incremental Build of configuration Debug for project TP1 ****
Info: Internal Builder is used for build
gcc -O0 -g3 -Wall -c -fmessage-length=0 -o "src\\misFunciones.o" "..\\src\\misFunciones.c" 
..\src\misFunciones.c: In function 'CargarJugador':
..\src\misFunciones.c:17:24: warning: comparison between pointer and integer
   17 |   if (contadorArqueros <= 2) {
      |                        ^~
..\src\misFunciones.c:20:4: warning: implicit declaration of function 'utn_getNumero' [-Wimplicit-function-declaration]
   20 |    utn_getNumero(&numeroDeCamiseta,
      |    ^~~~~~~~~~~~~
..\src\misFunciones.c:33:26: warning: comparison between pointer and integer
   33 |   if (contadorDefensores <= 8) {
      |                          ^~
..\src\misFunciones.c:50:26: warning: comparison between pointer and integer
   50 |   if (contadorDefensores <= 4) {
      |                          ^~
..\src\misFunciones.c:66:26: warning: comparison between pointer and integer
   66 |   if (contadorDelanteros <= 4) {
      |                          ^~
gcc -O0 -g3 -Wall -c -fmessage-length=0 -o "src\\TP1.o" "..\\src\\TP1.c" 
..\src\TP1.c: In function 'main':
..\src\TP1.c:113:124: error: expected ';' before '}' token
  113 |         CargarJugador(opcionPosicion, &contadorArqueros, &contadorDefensores, &contadorMedioCampistas, &contadorDelanteros)
      |                                                                                                                            ^
      |                                                                                                                            ;
  114 |     }
      |     ~                                                                                                                       
..\src\TP1.c:30:6: warning: unused variable 'numeroDeCamiseta' [-Wunused-variable]
   30 |  int numeroDeCamiseta;
      |      ^~~~~~~~~~~~~~~~
20:47:33 **** Incremental Build of configuration Debug for project TP1 ****
Info: Internal Builder is used for build
gcc -O0 -g3 -Wall -c -fmessage-length=0 -o "src\\TP1.o" "..\\src\\TP1.c" 
..\src\TP1.c: In function 'main':
..\src\TP1.c:113:124: error: expected ';' before '}' token
  113 |         CargarJugador(opcionPosicion, &contadorArqueros, &contadorDefensores, &contadorMedioCampistas, &contadorDelanteros)
      |                                                                                                                            ^
      |                                                                                                                            ;
  114 |     }
      |     ~                                                                                                                       
..\src\TP1.c:30:6: warning: unused variable 'numeroDeCamiseta' [-Wunused-variable]
   30 |  int numeroDeCamiseta;
      |      ^~~~~~~~~~~~~~~~
20:48:02 **** Incremental Build of configuration Debug for project TP1 ****
Info: Internal Builder is used for build
gcc -O0 -g3 -Wall -c -fmessage-length=0 -o "src\\validaciones.o" "..\\src\\validaciones.c" 
gcc -O0 -g3 -Wall -c -fmessage-length=0 -o "src\\TP1.o" "..\\src\\TP1.c" 
..\src\TP1.c: In function 'main':
..\src\TP1.c:30:6: warning: unused variable 'numeroDeCamiseta' [-Wunused-variable]
   30 |  int numeroDeCamiseta;
      |      ^~~~~~~~~~~~~~~~
gcc -o TP1.exe "src\\TP1.o" "src\\misFunciones.o" "src\\validaciones.o" 
Info: Nothing to build for TP1
23:18:07 **** Incremental Build of configuration Debug for project TP1 ****
Info: Internal Builder is used for build
gcc -O0 -g3 -Wall -c -fmessage-length=0 -o "src\\misFunciones.o" "..\\src\\misFunciones.c" 
..\src\misFunciones.c: In function 'CargarJugador':
..\src\misFunciones.c:17:24: warning: comparison between pointer and integer
   17 |   if (contadorArqueros <= 2) {
      |                        ^~
..\src\misFunciones.c:20:4: warning: implicit declaration of function 'utn_getNumero' [-Wimplicit-function-declaration]
   20 |    utn_getNumero(&numeroDeCamiseta,
      |    ^~~~~~~~~~~~~
..\src\misFunciones.c:33:26: warning: comparison between pointer and integer
   33 |   if (contadorDefensores <= 8) {
      |                          ^~
..\src\misFunciones.c:50:26: warning: comparison between pointer and integer
   50 |   if (contadorDefensores <= 4) {
      |                          ^~
..\src\misFunciones.c:66:26: warning: comparison between pointer and integer
   66 |   if (contadorDelanteros <= 4) {
      |                          ^~
gcc -o TP1.exe "src\\TP1.o" "src\\misFunciones.o" "src\\validaciones.o" 
Info: Nothing to build for TP1
23:20:09 **** Incremental Build of configuration Debug for project TP1 ****
Info: Internal Builder is used for build
gcc -O0 -g3 -Wall -c -fmessage-length=0 -o "src\\misFunciones.o" "..\\src\\misFunciones.c" 
..\src\misFunciones.c:10:5: error: conflicting types for 'CargarJugador'
   10 | int CargarJugador(int opcionPosicion, int contadorArqueros,int* contadorDefensores, int* contadorMedioCampistas, int* contadorDelanteros) {
      |     ^~~~~~~~~~~~~
In file included from ..\src\misFunciones.c:8:
..\src\misFunciones.h:16:5: note: previous declaration of 'CargarJugador' was here
   16 | int CargarJugador(int opcionPosicion, int* contadorArqueros,int* contadorDefensores, int* contadorMedioCampistas, int* contadorDelanteros);
      |     ^~~~~~~~~~~~~
..\src\misFunciones.c: In function 'CargarJugador':
..\src\misFunciones.c:20:4: warning: implicit declaration of function 'utn_getNumero' [-Wimplicit-function-declaration]
   20 |    utn_getNumero(&numeroDeCamiseta,
      |    ^~~~~~~~~~~~~
..\src\misFunciones.c:33:26: warning: comparison between pointer and integer
   33 |   if (contadorDefensores <= 8) {
      |                          ^~
..\src\misFunciones.c:50:26: warning: comparison between pointer and integer
   50 |   if (contadorDefensores <= 4) {
      |                          ^~
..\src\misFunciones.c:66:26: warning: comparison between pointer and integer
   66 |   if (contadorDelanteros <= 4) {
      |                          ^~
23:21:20 **** Incremental Build of configuration Debug for project TP1 ****
Info: Internal Builder is used for build
gcc -O0 -g3 -Wall -c -fmessage-length=0 -o "src\\misFunciones.o" "..\\src\\misFunciones.c" 
gcc -O0 -g3 -Wall -c -fmessage-length=0 -o "src\\TP1.o" "..\\src\\TP1.c" 
..\src\TP1.c: In function 'main':
..\src\TP1.c:176:8: error: 'retorno' undeclared (first use in this function)
  176 |        retorno = 0;
      |        ^~~~~~~
..\src\TP1.c:176:8: note: each undeclared identifier is reported only once for each function it appears in
23:21:22 **** Incremental Build of configuration Debug for project TP1 ****
Info: Internal Builder is used for build
gcc -O0 -g3 -Wall -c -fmessage-length=0 -o "src\\TP1.o" "..\\src\\TP1.c" 
..\src\TP1.c: In function 'main':
..\src\TP1.c:176:8: error: 'retorno' undeclared (first use in this function)
  176 |        retorno = 0;
      |        ^~~~~~~
..\src\TP1.c:176:8: note: each undeclared identifier is reported only once for each function it appears in
23:21:26 **** Incremental Build of configuration Debug for project TP1 ****
Info: Internal Builder is used for build
gcc -O0 -g3 -Wall -c -fmessage-length=0 -o "src\\TP1.o" "..\\src\\TP1.c" 
..\src\TP1.c: In function 'main':
..\src\TP1.c:176:8: error: 'retorno' undeclared (first use in this function)
  176 |        retorno = 0;
      |        ^~~~~~~
..\src\TP1.c:176:8: note: each undeclared identifier is reported only once for each function it appears in
23:21:38 **** Incremental Build of configuration Debug for project TP1 ****
Info: Internal Builder is used for build
gcc -O0 -g3 -Wall -c -fmessage-length=0 -o "src\\TP1.o" "..\\src\\TP1.c" 
gcc -o TP1.exe "src\\TP1.o" "src\\misFunciones.o" "src\\validaciones.o" 
Info: Nothing to build for TP1
Info: Nothing to build for TP1
Info: Nothing to build for TP1
Info: Nothing to build for TP1
23:30:59 **** Incremental Build of configuration Debug for project TP1 ****
Info: Internal Builder is used for build
gcc -O0 -g3 -Wall -c -fmessage-length=0 -o "src\\TP1.o" "..\\src\\TP1.c" 
gcc -o TP1.exe "src\\TP1.o" "src\\misFunciones.o" "src\\validaciones.o" 
c:/mingw/bin/../lib/gcc/mingw32/9.2.0/../../../../mingw32/bin/ld.exe: cannot open output file TP1.exe: Permission denied
collect2.exe: error: ld returned 1 exit status
23:31:01 **** Incremental Build of configuration Debug for project TP1 ****
Info: Internal Builder is used for build
gcc -o TP1.exe "src\\TP1.o" "src\\misFunciones.o" "src\\validaciones.o" 
Info: Nothing to build for TP1
23:31:25 **** Incremental Build of configuration Debug for project TP1 ****
Info: Internal Builder is used for build
gcc -O0 -g3 -Wall -c -fmessage-length=0 -o "src\\TP1.o" "..\\src\\TP1.c" 
gcc -o TP1.exe "src\\TP1.o" "src\\misFunciones.o" "src\\validaciones.o" 
c:/mingw/bin/../lib/gcc/mingw32/9.2.0/../../../../mingw32/bin/ld.exe: cannot open output file TP1.exe: Permission denied
collect2.exe: error: ld returned 1 exit status
23:31:27 **** Incremental Build of configuration Debug for project TP1 ****
Info: Internal Builder is used for build
gcc -o TP1.exe "src\\TP1.o" "src\\misFunciones.o" "src\\validaciones.o" 
Info: Nothing to build for TP1
00:14:37 **** Incremental Build of configuration Debug for project TP1 ****
Info: Internal Builder is used for build
gcc -O0 -g3 -Wall -c -fmessage-length=0 -o "src\\TP1.o" "..\\src\\TP1.c" 
In file included from ..\src\TP1.c:13:
..\src\misFunciones.h:16:1: warning: data definition has no type or storage class
   16 | function(int opcionPosicion, int *contadorArqueros, int *contadorDefensores,
      | ^~~~~~~~
..\src\misFunciones.h:16:1: warning: type defaults to 'int' in declaration of 'function' [-Wimplicit-int]
..\src\TP1.c: In function 'main':
..\src\TP1.c:43:6: warning: unused variable 'contadorOFC' [-Wunused-variable]
   43 |  int contadorOFC = 0;
      |      ^~~~~~~~~~~
..\src\TP1.c:42:6: warning: unused variable 'contadorUEFA' [-Wunused-variable]
   42 |  int contadorUEFA = 0;
      |      ^~~~~~~~~~~~
..\src\TP1.c:41:6: warning: unused variable 'contadorCONMEBOL' [-Wunused-variable]
   41 |  int contadorCONMEBOL = 0;
      |      ^~~~~~~~~~~~~~~~
..\src\TP1.c:40:6: warning: unused variable 'contadorCONCACAF' [-Wunused-variable]
   40 |  int contadorCONCACAF = 0;
      |      ^~~~~~~~~~~~~~~~
..\src\TP1.c:39:6: warning: unused variable 'contadorCAF' [-Wunused-variable]
   39 |  int contadorCAF = 0;
      |      ^~~~~~~~~~~
..\src\TP1.c:38:6: warning: unused variable 'contadorAFC' [-Wunused-variable]
   38 |  int contadorAFC = 0;
      |      ^~~~~~~~~~~
..\src\TP1.c:30:6: warning: unused variable 'numeroDeCamiseta' [-Wunused-variable]
   30 |  int numeroDeCamiseta;
      |      ^~~~~~~~~~~~~~~~
gcc -O0 -g3 -Wall -c -fmessage-length=0 -o "src\\misFunciones.o" "..\\src\\misFunciones.c" 
In file included from ..\src\misFunciones.c:8:
..\src\misFunciones.h:16:1: warning: data definition has no type or storage class
   16 | function(int opcionPosicion, int *contadorArqueros, int *contadorDefensores,
      | ^~~~~~~~
..\src\misFunciones.h:16:1: warning: type defaults to 'int' in declaration of 'function' [-Wimplicit-int]
..\src\misFunciones.c:11:1: warning: return type defaults to 'int' [-Wimplicit-int]
   11 | function(int opcionPosicion, int *contadorArqueros, int *contadorDefensores,
      | ^~~~~~~~
..\src\misFunciones.c: In function 'function':
..\src\misFunciones.c:24:24: warning: comparison between pointer and integer
   24 |   if (contadorArqueros <= 2) {
      |                        ^~
..\src\misFunciones.c:27:4: warning: implicit declaration of function 'utn_getNumero' [-Wimplicit-function-declaration]
   27 |    utn_getNumero(&numeroDeCamiseta,
      |    ^~~~~~~~~~~~~
..\src\misFunciones.c:91:1: error: expected declaration or statement at end of input
   91 | }
      | ^
..\src\misFunciones.c:17:6: warning: unused variable 'contadorMedio' [-Wunused-variable]
   17 |  int contadorMedio = 0;
      |      ^~~~~~~~~~~~~
..\src\misFunciones.c:16:6: warning: unused variable 'contadorDel' [-Wunused-variable]
   16 |  int contadorDel = 0;
      |      ^~~~~~~~~~~
..\src\misFunciones.c:15:6: warning: unused variable 'contadorDef' [-Wunused-variable]
   15 |  int contadorDef = 0;
      |      ^~~~~~~~~~~
..\src\misFunciones.c:91:1: warning: control reaches end of non-void function [-Wreturn-type]
   91 | }
      | ^
00:14:59 **** Incremental Build of configuration Debug for project TP1 ****
Info: Internal Builder is used for build
gcc -O0 -g3 -Wall -c -fmessage-length=0 -o "src\\misFunciones.o" "..\\src\\misFunciones.c" 
In file included from ..\src\misFunciones.c:8:
..\src\misFunciones.h:16:1: warning: data definition has no type or storage class
   16 | function(int opcionPosicion, int *contadorArqueros, int *contadorDefensores,
      | ^~~~~~~~
..\src\misFunciones.h:16:1: warning: type defaults to 'int' in declaration of 'function' [-Wimplicit-int]
..\src\misFunciones.c:11:1: warning: return type defaults to 'int' [-Wimplicit-int]
   11 | function(int opcionPosicion, int *contadorArqueros, int *contadorDefensores,
      | ^~~~~~~~
..\src\misFunciones.c: In function 'function':
..\src\misFunciones.c:24:24: warning: comparison between pointer and integer
   24 |   if (contadorArqueros <= 2) {
      |                        ^~
..\src\misFunciones.c:27:4: warning: implicit declaration of function 'utn_getNumero' [-Wimplicit-function-declaration]
   27 |    utn_getNumero(&numeroDeCamiseta,
      |    ^~~~~~~~~~~~~
..\src\misFunciones.c:91:1: error: expected declaration or statement at end of input
   91 | }
      | ^
..\src\misFunciones.c:17:6: warning: unused variable 'contadorMedio' [-Wunused-variable]
   17 |  int contadorMedio = 0;
      |      ^~~~~~~~~~~~~
..\src\misFunciones.c:16:6: warning: unused variable 'contadorDel' [-Wunused-variable]
   16 |  int contadorDel = 0;
      |      ^~~~~~~~~~~
..\src\misFunciones.c:15:6: warning: unused variable 'contadorDef' [-Wunused-variable]
   15 |  int contadorDef = 0;
      |      ^~~~~~~~~~~
..\src\misFunciones.c:91:1: warning: control reaches end of non-void function [-Wreturn-type]
   91 | }
      | ^
00:15:40 **** Incremental Build of configuration Debug for project TP1 ****
Info: Internal Builder is used for build
gcc -O0 -g3 -Wall -c -fmessage-length=0 -o "src\\misFunciones.o" "..\\src\\misFunciones.c" 
In file included from ..\src\misFunciones.c:8:
..\src\misFunciones.h:16:1: warning: data definition has no type or storage class
   16 | function(int opcionPosicion, int *contadorArqueros, int *contadorDefensores,
      | ^~~~~~~~
..\src\misFunciones.h:16:1: warning: type defaults to 'int' in declaration of 'function' [-Wimplicit-int]
..\src\misFunciones.c:11:1: warning: return type defaults to 'int' [-Wimplicit-int]
   11 | function(int opcionPosicion, int *contadorArqueros, int *contadorDefensores,
      | ^~~~~~~~
..\src\misFunciones.c: In function 'function':
..\src\misFunciones.c:24:24: warning: comparison between pointer and integer
   24 |   if (contadorArqueros <= 2) {
      |                        ^~
..\src\misFunciones.c:27:4: warning: implicit declaration of function 'utn_getNumero' [-Wimplicit-function-declaration]
   27 |    utn_getNumero(&numeroDeCamiseta,
      |    ^~~~~~~~~~~~~
..\src\misFunciones.c:91:1: error: expected declaration or statement at end of input
   91 | }
      | ^
..\src\misFunciones.c:17:6: warning: unused variable 'contadorMedio' [-Wunused-variable]
   17 |  int contadorMedio = 0;
      |      ^~~~~~~~~~~~~
..\src\misFunciones.c:16:6: warning: unused variable 'contadorDel' [-Wunused-variable]
   16 |  int contadorDel = 0;
      |      ^~~~~~~~~~~
..\src\misFunciones.c:15:6: warning: unused variable 'contadorDef' [-Wunused-variable]
   15 |  int contadorDef = 0;
      |      ^~~~~~~~~~~
..\src\misFunciones.c:91:1: warning: control reaches end of non-void function [-Wreturn-type]
   91 | }
      | ^
00:16:34 **** Incremental Build of configuration Debug for project TP1 ****
Info: Internal Builder is used for build
gcc -O0 -g3 -Wall -c -fmessage-length=0 -o "src\\TP1.o" "..\\src\\TP1.c" 
In file included from ..\src\TP1.c:13:
..\src\misFunciones.h:16:1: warning: data definition has no type or storage class
   16 | function(int opcionPosicion, int *contadorArqueros, int *contadorDefensores,
      | ^~~~~~~~
..\src\misFunciones.h:16:1: warning: type defaults to 'int' in declaration of 'function' [-Wimplicit-int]
..\src\TP1.c: In function 'main':
..\src\TP1.c:43:6: warning: unused variable 'contadorOFC' [-Wunused-variable]
   43 |  int contadorOFC = 0;
      |      ^~~~~~~~~~~
..\src\TP1.c:42:6: warning: unused variable 'contadorUEFA' [-Wunused-variable]
   42 |  int contadorUEFA = 0;
      |      ^~~~~~~~~~~~
..\src\TP1.c:41:6: warning: unused variable 'contadorCONMEBOL' [-Wunused-variable]
   41 |  int contadorCONMEBOL = 0;
      |      ^~~~~~~~~~~~~~~~
..\src\TP1.c:40:6: warning: unused variable 'contadorCONCACAF' [-Wunused-variable]
   40 |  int contadorCONCACAF = 0;
      |      ^~~~~~~~~~~~~~~~
..\src\TP1.c:39:6: warning: unused variable 'contadorCAF' [-Wunused-variable]
   39 |  int contadorCAF = 0;
      |      ^~~~~~~~~~~
..\src\TP1.c:38:6: warning: unused variable 'contadorAFC' [-Wunused-variable]
   38 |  int contadorAFC = 0;
      |      ^~~~~~~~~~~
..\src\TP1.c:30:6: warning: unused variable 'numeroDeCamiseta' [-Wunused-variable]
   30 |  int numeroDeCamiseta;
      |      ^~~~~~~~~~~~~~~~
gcc -O0 -g3 -Wall -c -fmessage-length=0 -o "src\\misFunciones.o" "..\\src\\misFunciones.c" 
In file included from ..\src\misFunciones.c:8:
..\src\misFunciones.h:16:1: warning: data definition has no type or storage class
   16 | function(int opcionPosicion, int *contadorArqueros, int *contadorDefensores,
      | ^~~~~~~~
..\src\misFunciones.h:16:1: warning: type defaults to 'int' in declaration of 'function' [-Wimplicit-int]
..\src\misFunciones.c:11:1: warning: return type defaults to 'int' [-Wimplicit-int]
   11 | function(int opcionPosicion, int *contadorArqueros, int *contadorDefensores,
      | ^~~~~~~~
..\src\misFunciones.c: In function 'function':
..\src\misFunciones.c:24:24: warning: comparison between pointer and integer
   24 |   if (contadorArqueros <= 2) {
      |                        ^~
..\src\misFunciones.c:27:4: warning: implicit declaration of function 'utn_getNumero' [-Wimplicit-function-declaration]
   27 |    utn_getNumero(&numeroDeCamiseta,
      |    ^~~~~~~~~~~~~
..\src\misFunciones.c:91:1: error: expected declaration or statement at end of input
   91 | }
      | ^
..\src\misFunciones.c:17:6: warning: unused variable 'contadorMedio' [-Wunused-variable]
   17 |  int contadorMedio = 0;
      |      ^~~~~~~~~~~~~
..\src\misFunciones.c:16:6: warning: unused variable 'contadorDel' [-Wunused-variable]
   16 |  int contadorDel = 0;
      |      ^~~~~~~~~~~
..\src\misFunciones.c:15:6: warning: unused variable 'contadorDef' [-Wunused-variable]
   15 |  int contadorDef = 0;
      |      ^~~~~~~~~~~
..\src\misFunciones.c:91:1: warning: control reaches end of non-void function [-Wreturn-type]
   91 | }
      | ^
00:16:59 **** Incremental Build of configuration Debug for project TP1 ****
Info: Internal Builder is used for build
gcc -O0 -g3 -Wall -c -fmessage-length=0 -o "src\\misFunciones.o" "..\\src\\misFunciones.c" 
In file included from ..\src\misFunciones.c:8:
..\src\misFunciones.h:16:1: warning: data definition has no type or storage class
   16 | function(int opcionPosicion, int *contadorArqueros, int *contadorDefensores,
      | ^~~~~~~~
..\src\misFunciones.h:16:1: warning: type defaults to 'int' in declaration of 'function' [-Wimplicit-int]
..\src\misFunciones.c:11:1: warning: return type defaults to 'int' [-Wimplicit-int]
   11 | function(int opcionPosicion, int *contadorArqueros, int *contadorDefensores,
      | ^~~~~~~~
..\src\misFunciones.c: In function 'function':
..\src\misFunciones.c:24:24: warning: comparison between pointer and integer
   24 |   if (contadorArqueros <= 2) {
      |                        ^~
..\src\misFunciones.c:27:4: warning: implicit declaration of function 'utn_getNumero' [-Wimplicit-function-declaration]
   27 |    utn_getNumero(&numeroDeCamiseta,
      |    ^~~~~~~~~~~~~
..\src\misFunciones.c:91:1: error: expected declaration or statement at end of input
   91 | }
      | ^
..\src\misFunciones.c:17:6: warning: unused variable 'contadorMedio' [-Wunused-variable]
   17 |  int contadorMedio = 0;
      |      ^~~~~~~~~~~~~
..\src\misFunciones.c:16:6: warning: unused variable 'contadorDel' [-Wunused-variable]
   16 |  int contadorDel = 0;
      |      ^~~~~~~~~~~
..\src\misFunciones.c:15:6: warning: unused variable 'contadorDef' [-Wunused-variable]
   15 |  int contadorDef = 0;
      |      ^~~~~~~~~~~
..\src\misFunciones.c:91:1: warning: control reaches end of non-void function [-Wreturn-type]
   91 | }
      | ^
00:17:10 **** Incremental Build of configuration Debug for project TP1 ****
Info: Internal Builder is used for build
gcc -O0 -g3 -Wall -c -fmessage-length=0 -o "src\\TP1.o" "..\\src\\TP1.c" 
In file included from ..\src\TP1.c:13:
..\src\misFunciones.h:16:1: warning: data definition has no type or storage class
   16 | function(int opcionPosicion, int *contadorArqueros, int *contadorDefensores,
      | ^~~~~~~~
..\src\misFunciones.h:16:1: warning: type defaults to 'int' in declaration of 'function' [-Wimplicit-int]
gcc -O0 -g3 -Wall -c -fmessage-length=0 -o "src\\misFunciones.o" "..\\src\\misFunciones.c" 
In file included from ..\src\misFunciones.c:8:
..\src\misFunciones.h:16:1: warning: data definition has no type or storage class
   16 | function(int opcionPosicion, int *contadorArqueros, int *contadorDefensores,
      | ^~~~~~~~
..\src\misFunciones.h:16:1: warning: type defaults to 'int' in declaration of 'function' [-Wimplicit-int]
..\src\misFunciones.c:11:1: warning: return type defaults to 'int' [-Wimplicit-int]
   11 | function(int opcionPosicion, int *contadorArqueros, int *contadorDefensores,
      | ^~~~~~~~
..\src\misFunciones.c: In function 'function':
..\src\misFunciones.c:24:24: warning: comparison between pointer and integer
   24 |   if (contadorArqueros <= 2) {
      |                        ^~
..\src\misFunciones.c:27:4: warning: implicit declaration of function 'utn_getNumero' [-Wimplicit-function-declaration]
   27 |    utn_getNumero(&numeroDeCamiseta,
      |    ^~~~~~~~~~~~~
..\src\misFunciones.c:91:1: error: expected declaration or statement at end of input
   91 | }
      | ^
..\src\misFunciones.c:17:6: warning: unused variable 'contadorMedio' [-Wunused-variable]
   17 |  int contadorMedio = 0;
      |      ^~~~~~~~~~~~~
..\src\misFunciones.c:16:6: warning: unused variable 'contadorDel' [-Wunused-variable]
   16 |  int contadorDel = 0;
      |      ^~~~~~~~~~~
..\src\misFunciones.c:15:6: warning: unused variable 'contadorDef' [-Wunused-variable]
   15 |  int contadorDef = 0;
      |      ^~~~~~~~~~~
..\src\misFunciones.c:91:1: warning: control reaches end of non-void function [-Wreturn-type]
   91 | }
      | ^
00:18:03 **** Incremental Build of configuration Debug for project TP1 ****
Info: Internal Builder is used for build
gcc -O0 -g3 -Wall -c -fmessage-length=0 -o "src\\misFunciones.o" "..\\src\\misFunciones.c" 
In file included from ..\src\misFunciones.c:8:
..\src\misFunciones.h:16:1: warning: data definition has no type or storage class
   16 | function(int opcionPosicion, int *contadorArqueros, int *contadorDefensores,
      | ^~~~~~~~
..\src\misFunciones.h:16:1: warning: type defaults to 'int' in declaration of 'function' [-Wimplicit-int]
..\src\misFunciones.c:11:1: warning: return type defaults to 'int' [-Wimplicit-int]
   11 | function(int opcionPosicion, int *contadorArqueros, int *contadorDefensores,
      | ^~~~~~~~
..\src\misFunciones.c: In function 'function':
..\src\misFunciones.c:24:24: warning: comparison between pointer and integer
   24 |   if (contadorArqueros <= 2) {
      |                        ^~
..\src\misFunciones.c:27:4: warning: implicit declaration of function 'utn_getNumero' [-Wimplicit-function-declaration]
   27 |    utn_getNumero(&numeroDeCamiseta,
      |    ^~~~~~~~~~~~~
..\src\misFunciones.c:17:6: warning: unused variable 'contadorMedio' [-Wunused-variable]
   17 |  int contadorMedio = 0;
      |      ^~~~~~~~~~~~~
..\src\misFunciones.c:16:6: warning: unused variable 'contadorDel' [-Wunused-variable]
   16 |  int contadorDel = 0;
      |      ^~~~~~~~~~~
..\src\misFunciones.c:15:6: warning: unused variable 'contadorDef' [-Wunused-variable]
   15 |  int contadorDef = 0;
      |      ^~~~~~~~~~~
..\src\misFunciones.c:92:1: warning: control reaches end of non-void function [-Wreturn-type]
   92 | }
      | ^
gcc -o TP1.exe "src\\TP1.o" "src\\misFunciones.o" "src\\validaciones.o" 
c:/mingw/bin/../lib/gcc/mingw32/9.2.0/../../../../mingw32/bin/ld.exe: cannot open output file TP1.exe: Permission denied
collect2.exe: error: ld returned 1 exit status
00:18:07 **** Incremental Build of configuration Debug for project TP1 ****
Info: Internal Builder is used for build
gcc -o TP1.exe "src\\TP1.o" "src\\misFunciones.o" "src\\validaciones.o" 
Info: Nothing to build for TP1
00:19:54 **** Incremental Build of configuration Debug for project TP1 ****
Info: Internal Builder is used for build
gcc -O0 -g3 -Wall -c -fmessage-length=0 -o "src\\TP1.o" "..\\src\\TP1.c" 
..\src\TP1.c: In function 'main':
..\src\TP1.c:122:33: error: expected ')' before 'int'
  122 |      void cargar(opcionPosicion, int *contadorArqueros, int *contadorDefensores,
      |                                 ^~~~
      |                                 )
00:21:48 **** Incremental Build of configuration Debug for project TP1 ****
Info: Internal Builder is used for build
gcc -O0 -g3 -Wall -c -fmessage-length=0 -o "src\\TP1.o" "..\\src\\TP1.c" 
gcc -O0 -g3 -Wall -c -fmessage-length=0 -o "src\\misFunciones.o" "..\\src\\misFunciones.c" 
..\src\misFunciones.c: In function 'cargar':
..\src\misFunciones.c:24:24: warning: comparison between pointer and integer
   24 |   if (contadorArqueros <= 2) {
      |                        ^~
..\src\misFunciones.c:27:4: warning: implicit declaration of function 'utn_getNumero' [-Wimplicit-function-declaration]
   27 |    utn_getNumero(&numeroDeCamiseta,
      |    ^~~~~~~~~~~~~
..\src\misFunciones.c:17:6: warning: unused variable 'contadorMedio' [-Wunused-variable]
   17 |  int contadorMedio = 0;
      |      ^~~~~~~~~~~~~
..\src\misFunciones.c:16:6: warning: unused variable 'contadorDel' [-Wunused-variable]
   16 |  int contadorDel = 0;
      |      ^~~~~~~~~~~
..\src\misFunciones.c:15:6: warning: unused variable 'contadorDef' [-Wunused-variable]
   15 |  int contadorDef = 0;
      |      ^~~~~~~~~~~
gcc -o TP1.exe "src\\TP1.o" "src\\misFunciones.o" "src\\validaciones.o" 
Info: Nothing to build for TP1
00:22:10 **** Incremental Build of configuration Debug for project TP1 ****
Info: Internal Builder is used for build
gcc -O0 -g3 -Wall -c -fmessage-length=0 -o "src\\TP1.o" "..\\src\\TP1.c" 
gcc -o TP1.exe "src\\TP1.o" "src\\misFunciones.o" "src\\validaciones.o" 
c:/mingw/bin/../lib/gcc/mingw32/9.2.0/../../../../mingw32/bin/ld.exe: cannot open output file TP1.exe: Permission denied
collect2.exe: error: ld returned 1 exit status
00:22:12 **** Incremental Build of configuration Debug for project TP1 ****
Info: Internal Builder is used for build
gcc -o TP1.exe "src\\TP1.o" "src\\misFunciones.o" "src\\validaciones.o" 
Info: Nothing to build for TP1
00:25:10 **** Incremental Build of configuration Debug for project TP1 ****
Info: Internal Builder is used for build
gcc -O0 -g3 -Wall -c -fmessage-length=0 -o "src\\misFunciones.o" "..\\src\\misFunciones.c" 
..\src\misFunciones.c: In function 'cargar':
..\src\misFunciones.c:27:4: warning: implicit declaration of function 'utn_getNumero' [-Wimplicit-function-declaration]
   27 |    utn_getNumero(&numeroDeCamiseta,
      |    ^~~~~~~~~~~~~
..\src\misFunciones.c:17:6: warning: unused variable 'contadorMedio' [-Wunused-variable]
   17 |  int contadorMedio = 0;
      |      ^~~~~~~~~~~~~
..\src\misFunciones.c:16:6: warning: unused variable 'contadorDel' [-Wunused-variable]
   16 |  int contadorDel = 0;
      |      ^~~~~~~~~~~
..\src\misFunciones.c:15:6: warning: unused variable 'contadorDef' [-Wunused-variable]
   15 |  int contadorDef = 0;
      |      ^~~~~~~~~~~
gcc -o TP1.exe "src\\TP1.o" "src\\misFunciones.o" "src\\validaciones.o" 
c:/mingw/bin/../lib/gcc/mingw32/9.2.0/../../../../mingw32/bin/ld.exe: cannot open output file TP1.exe: Permission denied
collect2.exe: error: ld returned 1 exit status
00:25:16 **** Incremental Build of configuration Debug for project TP1 ****
Info: Internal Builder is used for build
gcc -o TP1.exe "src\\TP1.o" "src\\misFunciones.o" "src\\validaciones.o" 
Info: Nothing to build for TP1
00:28:17 **** Incremental Build of configuration Debug for project TP1 ****
Info: Internal Builder is used for build
gcc -O0 -g3 -Wall -c -fmessage-length=0 -o "src\\misFunciones.o" "..\\src\\misFunciones.c" 
..\src\misFunciones.c: In function 'cargar':
..\src\misFunciones.c:27:4: warning: implicit declaration of function 'utn_getNumero' [-Wimplicit-function-declaration]
   27 |    utn_getNumero(&numeroDeCamiseta,
      |    ^~~~~~~~~~~~~
gcc -o TP1.exe "src\\TP1.o" "src\\misFunciones.o" "src\\validaciones.o" 
c:/mingw/bin/../lib/gcc/mingw32/9.2.0/../../../../mingw32/bin/ld.exe: cannot open output file TP1.exe: Permission denied
collect2.exe: error: ld returned 1 exit status
00:28:31 **** Incremental Build of configuration Debug for project TP1 ****
Info: Internal Builder is used for build
gcc -o TP1.exe "src\\TP1.o" "src\\misFunciones.o" "src\\validaciones.o" 
c:/mingw/bin/../lib/gcc/mingw32/9.2.0/../../../../mingw32/bin/ld.exe: cannot open output file TP1.exe: Permission denied
collect2.exe: error: ld returned 1 exit status
00:28:33 **** Incremental Build of configuration Debug for project TP1 ****
Info: Internal Builder is used for build
gcc -o TP1.exe "src\\TP1.o" "src\\misFunciones.o" "src\\validaciones.o" 
c:/mingw/bin/../lib/gcc/mingw32/9.2.0/../../../../mingw32/bin/ld.exe: cannot open output file TP1.exe: Permission denied
collect2.exe: error: ld returned 1 exit status
00:28:36 **** Incremental Build of configuration Debug for project TP1 ****
Info: Internal Builder is used for build
gcc -o TP1.exe "src\\TP1.o" "src\\misFunciones.o" "src\\validaciones.o" 
c:/mingw/bin/../lib/gcc/mingw32/9.2.0/../../../../mingw32/bin/ld.exe: cannot open output file TP1.exe: Permission denied
collect2.exe: error: ld returned 1 exit status
00:28:37 **** Incremental Build of configuration Debug for project TP1 ****
Info: Internal Builder is used for build
gcc -o TP1.exe "src\\TP1.o" "src\\misFunciones.o" "src\\validaciones.o" 
c:/mingw/bin/../lib/gcc/mingw32/9.2.0/../../../../mingw32/bin/ld.exe: cannot open output file TP1.exe: Permission denied
collect2.exe: error: ld returned 1 exit status
00:28:38 **** Incremental Build of configuration Debug for project TP1 ****
Info: Internal Builder is used for build
gcc -o TP1.exe "src\\TP1.o" "src\\misFunciones.o" "src\\validaciones.o" 
Info: Nothing to build for TP1
Info: Nothing to build for TP1
00:32:14 **** Incremental Build of configuration Debug for project TP1 ****
Info: Internal Builder is used for build
gcc -O0 -g3 -Wall -c -fmessage-length=0 -o "src\\TP1.o" "..\\src\\TP1.c" 
gcc -O0 -g3 -Wall -c -fmessage-length=0 -o "src\\misFunciones.o" "..\\src\\misFunciones.c" 
..\src\misFunciones.c: In function 'cargar':
..\src\misFunciones.c:27:4: warning: implicit declaration of function 'utn_getNumero' [-Wimplicit-function-declaration]
   27 |    utn_getNumero(&numeroDeCamiseta,
      |    ^~~~~~~~~~~~~
gcc -o TP1.exe "src\\TP1.o" "src\\misFunciones.o" "src\\validaciones.o" 
c:/mingw/bin/../lib/gcc/mingw32/9.2.0/../../../../mingw32/bin/ld.exe: cannot open output file TP1.exe: Permission denied
collect2.exe: error: ld returned 1 exit status
00:32:18 **** Incremental Build of configuration Debug for project TP1 ****
Info: Internal Builder is used for build
gcc -o TP1.exe "src\\TP1.o" "src\\misFunciones.o" "src\\validaciones.o" 
Info: Nothing to build for TP1
00:35:35 **** Incremental Build of configuration Debug for project TP1 ****
Info: Internal Builder is used for build
gcc -O0 -g3 -Wall -c -fmessage-length=0 -o "src\\misFunciones.o" "..\\src\\misFunciones.c" 
..\src\misFunciones.c: In function 'cargar':
..\src\misFunciones.c:28:4: warning: implicit declaration of function 'utn_getNumero' [-Wimplicit-function-declaration]
   28 |    utn_getNumero(&numeroDeCamiseta,
      |    ^~~~~~~~~~~~~
..\src\misFunciones.c:95:1: warning: control reaches end of non-void function [-Wreturn-type]
   95 | }
      | ^
gcc -O0 -g3 -Wall -c -fmessage-length=0 -o "src\\TP1.o" "..\\src\\TP1.c" 
gcc -o TP1.exe "src\\TP1.o" "src\\misFunciones.o" "src\\validaciones.o" 
Info: Nothing to build for TP1
23:58:55 **** Incremental Build of configuration Debug for project TP1 ****
Info: Internal Builder is used for build
gcc -O0 -g3 -Wall -c -fmessage-length=0 -o "src\\TP1.o" "..\\src\\TP1.c" 
gcc -o TP1.exe "src\\TP1.o" "src\\misFunciones.o" "src\\validaciones.o" 
Info: Nothing to build for TP1
23:59:45 **** Incremental Build of configuration Debug for project TP1 ****
Info: Internal Builder is used for build
gcc -O0 -g3 -Wall -c -fmessage-length=0 -o "src\\TP1.o" "..\\src\\TP1.c" 
gcc -o TP1.exe "src\\TP1.o" "src\\misFunciones.o" "src\\validaciones.o" 
c:/mingw/bin/../lib/gcc/mingw32/9.2.0/../../../../mingw32/bin/ld.exe: cannot open output file TP1.exe: Permission denied
collect2.exe: error: ld returned 1 exit status
23:59:47 **** Incremental Build of configuration Debug for project TP1 ****
Info: Internal Builder is used for build
gcc -o TP1.exe "src\\TP1.o" "src\\misFunciones.o" "src\\validaciones.o" 
Info: Nothing to build for TP1
00:07:17 **** Incremental Build of configuration Debug for project TP1 ****
Info: Internal Builder is used for build
gcc -O0 -g3 -Wall -c -fmessage-length=0 -o "src\\TP1.o" "..\\src\\TP1.c" 
gcc -o TP1.exe "src\\TP1.o" "src\\misFunciones.o" "src\\validaciones.o" 
c:/mingw/bin/../lib/gcc/mingw32/9.2.0/../../../../mingw32/bin/ld.exe: cannot open output file TP1.exe: Permission denied
collect2.exe: error: ld returned 1 exit status
00:07:18 **** Incremental Build of configuration Debug for project TP1 ****
Info: Internal Builder is used for build
gcc -o TP1.exe "src\\TP1.o" "src\\misFunciones.o" "src\\validaciones.o" 
c:/mingw/bin/../lib/gcc/mingw32/9.2.0/../../../../mingw32/bin/ld.exe: cannot open output file TP1.exe: Permission denied
collect2.exe: error: ld returned 1 exit status
00:07:23 **** Incremental Build of configuration Debug for project TP1 ****
Info: Internal Builder is used for build
gcc -o TP1.exe "src\\TP1.o" "src\\misFunciones.o" "src\\validaciones.o" 
Info: Nothing to build for TP1
Info: Nothing to build for TP1
00:09:54 **** Incremental Build of configuration Debug for project TP1 ****
Info: Internal Builder is used for build
gcc -O0 -g3 -Wall -c -fmessage-length=0 -o "src\\TP1.o" "..\\src\\TP1.c" 
gcc -o TP1.exe "src\\TP1.o" "src\\misFunciones.o" "src\\validaciones.o" 
c:/mingw/bin/../lib/gcc/mingw32/9.2.0/../../../../mingw32/bin/ld.exe: cannot open output file TP1.exe: Permission denied
collect2.exe: error: ld returned 1 exit status
00:09:56 **** Incremental Build of configuration Debug for project TP1 ****
Info: Internal Builder is used for build
gcc -o TP1.exe "src\\TP1.o" "src\\misFunciones.o" "src\\validaciones.o" 
Info: Nothing to build for TP1
00:10:42 **** Incremental Build of configuration Debug for project TP1 ****
Info: Internal Builder is used for build
gcc -O0 -g3 -Wall -c -fmessage-length=0 -o "src\\TP1.o" "..\\src\\TP1.c" 
gcc -o TP1.exe "src\\TP1.o" "src\\misFunciones.o" "src\\validaciones.o" 
c:/mingw/bin/../lib/gcc/mingw32/9.2.0/../../../../mingw32/bin/ld.exe: cannot open output file TP1.exe: Permission denied
collect2.exe: error: ld returned 1 exit status
00:10:47 **** Incremental Build of configuration Debug for project TP1 ****
Info: Internal Builder is used for build
gcc -o TP1.exe "src\\TP1.o" "src\\misFunciones.o" "src\\validaciones.o" 
Info: Nothing to build for TP1
Info: Nothing to build for TP1
Info: Nothing to build for TP1
00:11:16 **** Incremental Build of configuration Debug for project TP1 ****
Info: Internal Builder is used for build
gcc -O0 -g3 -Wall -c -fmessage-length=0 -o "src\\TP1.o" "..\\src\\TP1.c" 
gcc -o TP1.exe "src\\TP1.o" "src\\misFunciones.o" "src\\validaciones.o" 
c:/mingw/bin/../lib/gcc/mingw32/9.2.0/../../../../mingw32/bin/ld.exe: cannot open output file TP1.exe: Permission denied
collect2.exe: error: ld returned 1 exit status
00:11:18 **** Incremental Build of configuration Debug for project TP1 ****
Info: Internal Builder is used for build
gcc -o TP1.exe "src\\TP1.o" "src\\misFunciones.o" "src\\validaciones.o" 
Info: Nothing to build for TP1
00:12:22 **** Incremental Build of configuration Debug for project TP1 ****
Info: Internal Builder is used for build
gcc -O0 -g3 -Wall -c -fmessage-length=0 -o "src\\TP1.o" "..\\src\\TP1.c" 
gcc -o TP1.exe "src\\TP1.o" "src\\misFunciones.o" "src\\validaciones.o" 
Info: Nothing to build for TP1
Info: Nothing to build for TP1
Info: Nothing to build for TP1
Info: Nothing to build for TP1
Info: Nothing to build for TP1
00:17:06 **** Incremental Build of configuration Debug for project TP1 ****
Info: Internal Builder is used for build
gcc -O0 -g3 -Wall -c -fmessage-length=0 -o "src\\TP1.o" "..\\src\\TP1.c" 
gcc -o TP1.exe "src\\TP1.o" "src\\misFunciones.o" "src\\validaciones.o" 
c:/mingw/bin/../lib/gcc/mingw32/9.2.0/../../../../mingw32/bin/ld.exe: cannot open output file TP1.exe: Permission denied
collect2.exe: error: ld returned 1 exit status
00:17:08 **** Incremental Build of configuration Debug for project TP1 ****
Info: Internal Builder is used for build
gcc -o TP1.exe "src\\TP1.o" "src\\misFunciones.o" "src\\validaciones.o" 
Info: Nothing to build for TP1
00:21:09 **** Incremental Build of configuration Debug for project TP1 ****
Info: Internal Builder is used for build
gcc -O0 -g3 -Wall -c -fmessage-length=0 -o "src\\TP1.o" "..\\src\\TP1.c" 
gcc -o TP1.exe "src\\TP1.o" "src\\misFunciones.o" "src\\validaciones.o" 
c:/mingw/bin/../lib/gcc/mingw32/9.2.0/../../../../mingw32/bin/ld.exe: cannot open output file TP1.exe: Permission denied
collect2.exe: error: ld returned 1 exit status
00:21:12 **** Incremental Build of configuration Debug for project TP1 ****
Info: Internal Builder is used for build
gcc -o TP1.exe "src\\TP1.o" "src\\misFunciones.o" "src\\validaciones.o" 
Info: Nothing to build for TP1
Info: Nothing to build for TP1
Info: Nothing to build for TP1
00:30:36 **** Incremental Build of configuration Debug for project TP1 ****
Info: Internal Builder is used for build
gcc -O0 -g3 -Wall -c -fmessage-length=0 -o "src\\TP1.o" "..\\src\\TP1.c" 
..\src\TP1.c: In function 'main':
..\src\TP1.c:29:7: warning: unused variable 'seguirCarga' [-Wunused-variable]
   29 |  char seguirCarga = 'S';
      |       ^~~~~~~~~~~
gcc -o TP1.exe "src\\TP1.o" "src\\misFunciones.o" "src\\validaciones.o" 
00:30:51 **** Incremental Build of configuration Debug for project TP1 ****
Info: Internal Builder is used for build
gcc -O0 -g3 -Wall -c -fmessage-length=0 -o "src\\TP1.o" "..\\src\\TP1.c" 
gcc -o TP1.exe "src\\TP1.o" "src\\misFunciones.o" "src\\validaciones.o" 
Info: Nothing to build for TP1
00:32:58 **** Incremental Build of configuration Debug for project TP1 ****
Info: Internal Builder is used for build
gcc -O0 -g3 -Wall -c -fmessage-length=0 -o "src\\TP1.o" "..\\src\\TP1.c" 
gcc -o TP1.exe "src\\TP1.o" "src\\misFunciones.o" "src\\validaciones.o" 
Info: Nothing to build for TP1
00:34:34 **** Incremental Build of configuration Debug for project TP1 ****
Info: Internal Builder is used for build
gcc -O0 -g3 -Wall -c -fmessage-length=0 -o "src\\TP1.o" "..\\src\\TP1.c" 
gcc -o TP1.exe "src\\TP1.o" "src\\misFunciones.o" "src\\validaciones.o" 
Info: Nothing to build for TP1
00:35:30 **** Incremental Build of configuration Debug for project TP1 ****
Info: Internal Builder is used for build
gcc -O0 -g3 -Wall -c -fmessage-length=0 -o "src\\TP1.o" "..\\src\\TP1.c" 
gcc -o TP1.exe "src\\TP1.o" "src\\misFunciones.o" "src\\validaciones.o" 
c:/mingw/bin/../lib/gcc/mingw32/9.2.0/../../../../mingw32/bin/ld.exe: cannot open output file TP1.exe: Permission denied
collect2.exe: error: ld returned 1 exit status
00:35:31 **** Incremental Build of configuration Debug for project TP1 ****
Info: Internal Builder is used for build
gcc -o TP1.exe "src\\TP1.o" "src\\misFunciones.o" "src\\validaciones.o" 
00:36:02 **** Incremental Build of configuration Debug for project TP1 ****
Info: Internal Builder is used for build
gcc -O0 -g3 -Wall -c -fmessage-length=0 -o "src\\TP1.o" "..\\src\\TP1.c" 
gcc -o TP1.exe "src\\TP1.o" "src\\misFunciones.o" "src\\validaciones.o" 
Info: Nothing to build for TP1
00:37:25 **** Incremental Build of configuration Debug for project TP1 ****
Info: Internal Builder is used for build
gcc -O0 -g3 -Wall -c -fmessage-length=0 -o "src\\TP1.o" "..\\src\\TP1.c" 
gcc -o TP1.exe "src\\TP1.o" "src\\misFunciones.o" "src\\validaciones.o" 
c:/mingw/bin/../lib/gcc/mingw32/9.2.0/../../../../mingw32/bin/ld.exe: cannot open output file TP1.exe: Permission denied
collect2.exe: error: ld returned 1 exit status
00:37:30 **** Incremental Build of configuration Debug for project TP1 ****
Info: Internal Builder is used for build
gcc -o TP1.exe "src\\TP1.o" "src\\misFunciones.o" "src\\validaciones.o" 
Info: Nothing to build for TP1
00:45:18 **** Incremental Build of configuration Debug for project TP1 ****
Info: Internal Builder is used for build
gcc -O0 -g3 -Wall -c -fmessage-length=0 -o "src\\TP1.o" "..\\src\\TP1.c" 
..\src\TP1.c: In function 'main':
..\src\TP1.c:162:11: warning: zero-length ms_printf format string [-Wformat-zero-length]
  162 |    printf("");
      |           ^~
gcc -o TP1.exe "src\\TP1.o" "src\\misFunciones.o" "src\\validaciones.o" 
Info: Nothing to build for TP1
01:20:10 **** Incremental Build of configuration Debug for project TP1 ****
Info: Internal Builder is used for build
gcc -O0 -g3 -Wall -c -fmessage-length=0 -o "src\\misFunciones.o" "..\\src\\misFunciones.c" 
..\src\misFunciones.c: In function 'ElegirCondeferacion':
..\src\misFunciones.c:32:2: warning: implicit declaration of function 'utn_getNumero' [-Wimplicit-function-declaration]
   32 |  utn_getNumero(&opcionConfe, "\nIngresar CONFEDERACION del jugador:", "\nError, no esta en el rango", 1, 6, 3);
      |  ^~~~~~~~~~~~~
..\src\misFunciones.c:50:2: error: duplicate case value
   50 |  case 5:
      |  ^~~~
..\src\misFunciones.c:47:2: note: previously used here
   47 |  case 5:
      |  ^~~~
01:20:49 **** Incremental Build of configuration Debug for project TP1 ****
Info: Internal Builder is used for build
gcc -O0 -g3 -Wall -c -fmessage-length=0 -o "src\\TP1.o" "..\\src\\TP1.c" 
gcc -O0 -g3 -Wall -c -fmessage-length=0 -o "src\\misFunciones.o" "..\\src\\misFunciones.c" 
..\src\misFunciones.c: In function 'ElegirCondeferacion':
..\src\misFunciones.c:32:2: warning: implicit declaration of function 'utn_getNumero' [-Wimplicit-function-declaration]
   32 |  utn_getNumero(&opcionConfe, "\nIngresar CONFEDERACION del jugador:", "\nError, no esta en el rango", 1, 6, 3);
      |  ^~~~~~~~~~~~~
gcc -o TP1.exe "src\\TP1.o" "src\\misFunciones.o" "src\\validaciones.o" 
c:/mingw/bin/../lib/gcc/mingw32/9.2.0/../../../../mingw32/bin/ld.exe: cannot open output file TP1.exe: Permission denied
collect2.exe: error: ld returned 1 exit status
01:20:55 **** Incremental Build of configuration Debug for project TP1 ****
Info: Internal Builder is used for build
gcc -o TP1.exe "src\\TP1.o" "src\\misFunciones.o" "src\\validaciones.o" 
Info: Nothing to build for TP1
01:22:59 **** Incremental Build of configuration Debug for project TP1 ****
Info: Internal Builder is used for build
gcc -O0 -g3 -Wall -c -fmessage-length=0 -o "src\\TP1.o" "..\\src\\TP1.c" 
gcc -o TP1.exe "src\\TP1.o" "src\\misFunciones.o" "src\\validaciones.o" 
c:/mingw/bin/../lib/gcc/mingw32/9.2.0/../../../../mingw32/bin/ld.exe: cannot open output file TP1.exe: Permission denied
collect2.exe: error: ld returned 1 exit status
01:23:04 **** Incremental Build of configuration Debug for project TP1 ****
Info: Internal Builder is used for build
gcc -o TP1.exe "src\\TP1.o" "src\\misFunciones.o" "src\\validaciones.o" 
Info: Nothing to build for TP1
01:44:34 **** Incremental Build of configuration Debug for project TP1 ****
Info: Internal Builder is used for build
gcc -O0 -g3 -Wall -c -fmessage-length=0 -o "src\\TP1.o" "..\\src\\TP1.c" 
..\src\TP1.c: In function 'main':
..\src\TP1.c:184:13: warning: unknown escape sequence: '\N'
  184 |      printf("\NPromedio AFC: OK");
      |             ^~~~~~~~~~~~~~~~~~~~
..\src\TP1.c:188:13: warning: unknown escape sequence: '\N'
  188 |      printf("\NFallo promedio AFC");
      |             ^~~~~~~~~~~~~~~~~~~~~~
..\src\TP1.c:58:7: warning: unused variable 'totalMantenimiento' [-Wunused-variable]
   58 |   int totalMantenimiento;
      |       ^~~~~~~~~~~~~~~~~~
..\src\TP1.c:56:7: warning: unused variable 'promedioOFC' [-Wunused-variable]
   56 |   int promedioOFC;
      |       ^~~~~~~~~~~
..\src\TP1.c:55:7: warning: unused variable 'promedioUEFA' [-Wunused-variable]
   55 |   int promedioUEFA;
      |       ^~~~~~~~~~~~
..\src\TP1.c:54:7: warning: unused variable 'promedioCONMEBOL' [-Wunused-variable]
   54 |   int promedioCONMEBOL;
      |       ^~~~~~~~~~~~~~~~
..\src\TP1.c:53:7: warning: unused variable 'promedioCONCACAF' [-Wunused-variable]
   53 |   int promedioCONCACAF;
      |       ^~~~~~~~~~~~~~~~
..\src\TP1.c:52:7: warning: unused variable 'promedioCAF' [-Wunused-variable]
   52 |   int promedioCAF;
      |       ^~~~~~~~~~~
gcc -O0 -g3 -Wall -c -fmessage-length=0 -o "src\\misFunciones.o" "..\\src\\misFunciones.c" 
..\src\misFunciones.c: In function 'ElegirCondeferacion':
..\src\misFunciones.c:35:2: warning: implicit declaration of function 'utn_getNumero' [-Wimplicit-function-declaration]
   35 |  utn_getNumero(&opcionConfe, "\nIngresar CONFEDERACION del jugador:",
      |  ^~~~~~~~~~~~~
..\src\misFunciones.c: In function 'CalcularPromedio':
..\src\misFunciones.c:70:18: warning: left-hand operand of comma expression has no effect [-Wunused-value]
   70 |  if (prom != NULL, contador != NULL && (totalJugadores == 22)) {
      |                  ^
..\src\misFunciones.c: In function 'CalcularMantenimiento':
..\src\misFunciones.c:81:31: error: invalid operands to binary + (have 'int *' and 'int *')
   81 |   *resultado = costoHospedaje + costoComida + costoTransporte;
      |                               ^
01:45:08 **** Incremental Build of configuration Debug for project TP1 ****
Info: Internal Builder is used for build
gcc -O0 -g3 -Wall -c -fmessage-length=0 -o "src\\misFunciones.o" "..\\src\\misFunciones.c" 
..\src\misFunciones.c: In function 'ElegirCondeferacion':
..\src\misFunciones.c:35:2: warning: implicit declaration of function 'utn_getNumero' [-Wimplicit-function-declaration]
   35 |  utn_getNumero(&opcionConfe, "\nIngresar CONFEDERACION del jugador:",
      |  ^~~~~~~~~~~~~
gcc -o TP1.exe "src\\TP1.o" "src\\misFunciones.o" "src\\validaciones.o" 
01:45:43 **** Incremental Build of configuration Debug for project TP1 ****
Info: Internal Builder is used for build
gcc -O0 -g3 -Wall -c -fmessage-length=0 -o "src\\TP1.o" "..\\src\\TP1.c" 
..\src\TP1.c: In function 'main':
..\src\TP1.c:184:13: warning: unknown escape sequence: '\N'
  184 |      printf("\NPromedio AFC: OK");
      |             ^~~~~~~~~~~~~~~~~~~~
..\src\TP1.c:188:13: warning: unknown escape sequence: '\N'
  188 |      printf("\NFallo promedio AFC");
      |             ^~~~~~~~~~~~~~~~~~~~~~
..\src\TP1.c:58:7: warning: unused variable 'totalMantenimiento' [-Wunused-variable]
   58 |   int totalMantenimiento;
      |       ^~~~~~~~~~~~~~~~~~
..\src\TP1.c:56:7: warning: unused variable 'promedioOFC' [-Wunused-variable]
   56 |   int promedioOFC;
      |       ^~~~~~~~~~~
..\src\TP1.c:55:7: warning: unused variable 'promedioUEFA' [-Wunused-variable]
   55 |   int promedioUEFA;
      |       ^~~~~~~~~~~~
..\src\TP1.c:54:7: warning: unused variable 'promedioCONMEBOL' [-Wunused-variable]
   54 |   int promedioCONMEBOL;
      |       ^~~~~~~~~~~~~~~~
..\src\TP1.c:53:7: warning: unused variable 'promedioCONCACAF' [-Wunused-variable]
   53 |   int promedioCONCACAF;
      |       ^~~~~~~~~~~~~~~~
..\src\TP1.c:52:7: warning: unused variable 'promedioCAF' [-Wunused-variable]
   52 |   int promedioCAF;
      |       ^~~~~~~~~~~
gcc -O0 -g3 -Wall -c -fmessage-length=0 -o "src\\misFunciones.o" "..\\src\\misFunciones.c" 
gcc -o TP1.exe "src\\TP1.o" "src\\misFunciones.o" "src\\validaciones.o" 
01:46:18 **** Incremental Build of configuration Debug for project TP1 ****
Info: Internal Builder is used for build
gcc -O0 -g3 -Wall -c -fmessage-length=0 -o "src\\TP1.o" "..\\src\\TP1.c" 
..\src\TP1.c: In function 'main':
..\src\TP1.c:58:7: warning: unused variable 'totalMantenimiento' [-Wunused-variable]
   58 |   int totalMantenimiento;
      |       ^~~~~~~~~~~~~~~~~~
..\src\TP1.c:56:7: warning: unused variable 'promedioOFC' [-Wunused-variable]
   56 |   int promedioOFC;
      |       ^~~~~~~~~~~
..\src\TP1.c:55:7: warning: unused variable 'promedioUEFA' [-Wunused-variable]
   55 |   int promedioUEFA;
      |       ^~~~~~~~~~~~
..\src\TP1.c:54:7: warning: unused variable 'promedioCONMEBOL' [-Wunused-variable]
   54 |   int promedioCONMEBOL;
      |       ^~~~~~~~~~~~~~~~
..\src\TP1.c:53:7: warning: unused variable 'promedioCONCACAF' [-Wunused-variable]
   53 |   int promedioCONCACAF;
      |       ^~~~~~~~~~~~~~~~
..\src\TP1.c:52:7: warning: unused variable 'promedioCAF' [-Wunused-variable]
   52 |   int promedioCAF;
      |       ^~~~~~~~~~~
gcc -o TP1.exe "src\\TP1.o" "src\\misFunciones.o" "src\\validaciones.o" 
Info: Nothing to build for TP1
01:51:28 **** Incremental Build of configuration Debug for project TP1 ****
Info: Internal Builder is used for build
gcc -O0 -g3 -Wall -c -fmessage-length=0 -o "src\\TP1.o" "..\\src\\TP1.c" 
..\src\TP1.c: In function 'main':
..\src\TP1.c:58:7: warning: unused variable 'totalMantenimiento' [-Wunused-variable]
   58 |   int totalMantenimiento;
      |       ^~~~~~~~~~~~~~~~~~
..\src\TP1.c:56:7: warning: unused variable 'promedioOFC' [-Wunused-variable]
   56 |   int promedioOFC;
      |       ^~~~~~~~~~~
..\src\TP1.c:55:7: warning: unused variable 'promedioUEFA' [-Wunused-variable]
   55 |   int promedioUEFA;
      |       ^~~~~~~~~~~~
..\src\TP1.c:54:7: warning: unused variable 'promedioCONMEBOL' [-Wunused-variable]
   54 |   int promedioCONMEBOL;
      |       ^~~~~~~~~~~~~~~~
..\src\TP1.c:53:7: warning: unused variable 'promedioCONCACAF' [-Wunused-variable]
   53 |   int promedioCONCACAF;
      |       ^~~~~~~~~~~~~~~~
..\src\TP1.c:52:7: warning: unused variable 'promedioCAF' [-Wunused-variable]
   52 |   int promedioCAF;
      |       ^~~~~~~~~~~
gcc -o TP1.exe "src\\TP1.o" "src\\misFunciones.o" "src\\validaciones.o" 
Info: Nothing to build for TP1
Info: Nothing to build for TP1
Info: Nothing to build for TP1
01:57:25 **** Incremental Build of configuration Debug for project TP1 ****
Info: Internal Builder is used for build
gcc -O0 -g3 -Wall -c -fmessage-length=0 -o "src\\misFunciones.o" "..\\src\\misFunciones.c" 
..\src\misFunciones.c: In function 'ElegirCondeferacion':
..\src\misFunciones.c:38:16: warning: assignment to 'int' from 'int *' makes integer from pointer without a cast [-Wint-conversion]
   38 |   *contadorAFC = contadorAFC++;
      |                ^
..\src\misFunciones.c:38:29: warning: operation on 'contadorAFC' may be undefined [-Wsequence-point]
   38 |   *contadorAFC = contadorAFC++;
      |                  ~~~~~~~~~~~^~
..\src\misFunciones.c:41:16: warning: assignment to 'int' from 'int *' makes integer from pointer without a cast [-Wint-conversion]
   41 |   *contadorCAF = contadorCAF++;
      |                ^
..\src\misFunciones.c:41:29: warning: operation on 'contadorCAF' may be undefined [-Wsequence-point]
   41 |   *contadorCAF = contadorCAF++;
      |                  ~~~~~~~~~~~^~
..\src\misFunciones.c:44:21: warning: assignment to 'int' from 'int *' makes integer from pointer without a cast [-Wint-conversion]
   44 |   *contadorCONCACAF = contadorCONCACAF++;
      |                     ^
..\src\misFunciones.c:44:39: warning: operation on 'contadorCONCACAF' may be undefined [-Wsequence-point]
   44 |   *contadorCONCACAF = contadorCONCACAF++;
      |                       ~~~~~~~~~~~~~~~~^~
..\src\misFunciones.c:47:21: warning: assignment to 'int' from 'int *' makes integer from pointer without a cast [-Wint-conversion]
   47 |   *contadorCONMEBOL = contadorCONMEBOL++;
      |                     ^
..\src\misFunciones.c:47:39: warning: operation on 'contadorCONMEBOL' may be undefined [-Wsequence-point]
   47 |   *contadorCONMEBOL = contadorCONMEBOL++;
      |                       ~~~~~~~~~~~~~~~~^~
..\src\misFunciones.c:50:17: warning: assignment to 'int' from 'int *' makes integer from pointer without a cast [-Wint-conversion]
   50 |   *contadorUEFA = contadorUEFA++;
      |                 ^
..\src\misFunciones.c:50:31: warning: operation on 'contadorUEFA' may be undefined [-Wsequence-point]
   50 |   *contadorUEFA = contadorUEFA++;
      |                   ~~~~~~~~~~~~^~
..\src\misFunciones.c:53:16: warning: assignment to 'int' from 'int *' makes integer from pointer without a cast [-Wint-conversion]
   53 |   *contadorOFC = contadorOFC++;
      |                ^
..\src\misFunciones.c:53:29: warning: operation on 'contadorOFC' may be undefined [-Wsequence-point]
   53 |   *contadorOFC = contadorOFC++;
      |                  ~~~~~~~~~~~^~
gcc -o TP1.exe "src\\TP1.o" "src\\misFunciones.o" "src\\validaciones.o" 
c:/mingw/bin/../lib/gcc/mingw32/9.2.0/../../../../mingw32/bin/ld.exe: cannot open output file TP1.exe: Permission denied
collect2.exe: error: ld returned 1 exit status
01:57:30 **** Incremental Build of configuration Debug for project TP1 ****
Info: Internal Builder is used for build
gcc -o TP1.exe "src\\TP1.o" "src\\misFunciones.o" "src\\validaciones.o" 
Info: Nothing to build for TP1
Info: Nothing to build for TP1
Info: Nothing to build for TP1
02:16:11 **** Incremental Build of configuration Debug for project TP1 ****
Info: Internal Builder is used for build
gcc -O0 -g3 -Wall -c -fmessage-length=0 -o "src\\TP1.o" "..\\src\\TP1.c" 
..\src\TP1.c: In function 'main':
..\src\TP1.c:60:7: warning: unused variable 'totalMantenimiento' [-Wunused-variable]
   60 |   int totalMantenimiento;
      |       ^~~~~~~~~~~~~~~~~~
..\src\TP1.c:58:7: warning: unused variable 'promedioOFC' [-Wunused-variable]
   58 |   int promedioOFC;
      |       ^~~~~~~~~~~
..\src\TP1.c:57:7: warning: unused variable 'promedioUEFA' [-Wunused-variable]
   57 |   int promedioUEFA;
      |       ^~~~~~~~~~~~
..\src\TP1.c:56:7: warning: unused variable 'promedioCONMEBOL' [-Wunused-variable]
   56 |   int promedioCONMEBOL;
      |       ^~~~~~~~~~~~~~~~
..\src\TP1.c:55:7: warning: unused variable 'promedioCONCACAF' [-Wunused-variable]
   55 |   int promedioCONCACAF;
      |       ^~~~~~~~~~~~~~~~
..\src\TP1.c:54:7: warning: unused variable 'promedioCAF' [-Wunused-variable]
   54 |   int promedioCAF;
      |       ^~~~~~~~~~~
..\src\TP1.c:51:7: warning: unused variable 'contadorOFC' [-Wunused-variable]
   51 |   int contadorOFC = 0;
      |       ^~~~~~~~~~~
..\src\TP1.c:50:7: warning: unused variable 'contadorUEFA' [-Wunused-variable]
   50 |   int contadorUEFA = 0;
      |       ^~~~~~~~~~~~
..\src\TP1.c:49:7: warning: unused variable 'contadorCONMEBOL' [-Wunused-variable]
   49 |   int contadorCONMEBOL = 0;
      |       ^~~~~~~~~~~~~~~~
..\src\TP1.c:48:7: warning: unused variable 'contadorCONCACAF' [-Wunused-variable]
   48 |   int contadorCONCACAF = 0;
      |       ^~~~~~~~~~~~~~~~
..\src\TP1.c:47:7: warning: unused variable 'contadorCAF' [-Wunused-variable]
   47 |   int contadorCAF = 0;
      |       ^~~~~~~~~~~
gcc -O0 -g3 -Wall -c -fmessage-length=0 -o "src\\misFunciones.o" "..\\src\\misFunciones.c" 
..\src\misFunciones.c: In function 'SumarContadorConfe':
..\src\misFunciones.c:38:9: error: switch quantity not an integer
   38 |  switch(opcionConfe){
      |         ^~~~~~~~~~~
02:16:12 **** Incremental Build of configuration Debug for project TP1 ****
Info: Internal Builder is used for build
gcc -O0 -g3 -Wall -c -fmessage-length=0 -o "src\\misFunciones.o" "..\\src\\misFunciones.c" 
..\src\misFunciones.c: In function 'SumarContadorConfe':
..\src\misFunciones.c:38:9: error: switch quantity not an integer
   38 |  switch(opcionConfe){
      |         ^~~~~~~~~~~
12:37:30 **** Incremental Build of configuration Debug for project TP1 ****
Info: Internal Builder is used for build
gcc -O0 -g3 -Wall -c -fmessage-length=0 -o "src\\TP1.o" "..\\src\\TP1.c" 
..\src\TP1.c: In function 'main':
..\src\TP1.c:147:7: error: too few arguments to function 'ElegirCondeferacion'
  147 |       ElegirCondeferacion(&opcionConfe);
      |       ^~~~~~~~~~~~~~~~~~~
In file included from ..\src\TP1.c:14:
..\src\misFunciones.h:19:6: note: declared here
   19 | void ElegirCondeferacion(int* contAFC, int* contCAF, int* contCONCACAF, int* contCONMEBOL, int* contUEFA, int* contOFC);
      |      ^~~~~~~~~~~~~~~~~~~
..\src\TP1.c:60:7: warning: unused variable 'totalMantenimiento' [-Wunused-variable]
   60 |   int totalMantenimiento;
      |       ^~~~~~~~~~~~~~~~~~
..\src\TP1.c:58:7: warning: unused variable 'promedioOFC' [-Wunused-variable]
   58 |   int promedioOFC;
      |       ^~~~~~~~~~~
..\src\TP1.c:57:7: warning: unused variable 'promedioUEFA' [-Wunused-variable]
   57 |   int promedioUEFA;
      |       ^~~~~~~~~~~~
..\src\TP1.c:56:7: warning: unused variable 'promedioCONMEBOL' [-Wunused-variable]
   56 |   int promedioCONMEBOL;
      |       ^~~~~~~~~~~~~~~~
..\src\TP1.c:55:7: warning: unused variable 'promedioCONCACAF' [-Wunused-variable]
   55 |   int promedioCONCACAF;
      |       ^~~~~~~~~~~~~~~~
..\src\TP1.c:54:7: warning: unused variable 'promedioCAF' [-Wunused-variable]
   54 |   int promedioCAF;
      |       ^~~~~~~~~~~
..\src\TP1.c:51:7: warning: unused variable 'contadorOFC' [-Wunused-variable]
   51 |   int contadorOFC = 0;
      |       ^~~~~~~~~~~
..\src\TP1.c:50:7: warning: unused variable 'contadorUEFA' [-Wunused-variable]
   50 |   int contadorUEFA = 0;
      |       ^~~~~~~~~~~~
..\src\TP1.c:49:7: warning: unused variable 'contadorCONMEBOL' [-Wunused-variable]
   49 |   int contadorCONMEBOL = 0;
      |       ^~~~~~~~~~~~~~~~
..\src\TP1.c:48:7: warning: unused variable 'contadorCONCACAF' [-Wunused-variable]
   48 |   int contadorCONCACAF = 0;
      |       ^~~~~~~~~~~~~~~~
..\src\TP1.c:47:7: warning: unused variable 'contadorCAF' [-Wunused-variable]
   47 |   int contadorCAF = 0;
      |       ^~~~~~~~~~~
12:38:56 **** Incremental Build of configuration Debug for project TP1 ****
Info: Internal Builder is used for build
gcc -O0 -g3 -Wall -c -fmessage-length=0 -o "src\\TP1.o" "..\\src\\TP1.c" 
..\src\TP1.c: In function 'main':
..\src\TP1.c:60:7: warning: unused variable 'totalMantenimiento' [-Wunused-variable]
   60 |   int totalMantenimiento;
      |       ^~~~~~~~~~~~~~~~~~
..\src\TP1.c:58:7: warning: unused variable 'promedioOFC' [-Wunused-variable]
   58 |   int promedioOFC;
      |       ^~~~~~~~~~~
..\src\TP1.c:57:7: warning: unused variable 'promedioUEFA' [-Wunused-variable]
   57 |   int promedioUEFA;
      |       ^~~~~~~~~~~~
..\src\TP1.c:56:7: warning: unused variable 'promedioCONMEBOL' [-Wunused-variable]
   56 |   int promedioCONMEBOL;
      |       ^~~~~~~~~~~~~~~~
..\src\TP1.c:55:7: warning: unused variable 'promedioCONCACAF' [-Wunused-variable]
   55 |   int promedioCONCACAF;
      |       ^~~~~~~~~~~~~~~~
..\src\TP1.c:54:7: warning: unused variable 'promedioCAF' [-Wunused-variable]
   54 |   int promedioCAF;
      |       ^~~~~~~~~~~
..\src\TP1.c:44:6: warning: unused variable 'opcionConfe' [-Wunused-variable]
   44 |  int opcionConfe;
      |      ^~~~~~~~~~~
gcc -O0 -g3 -Wall -c -fmessage-length=0 -o "src\\misFunciones.o" "..\\src\\misFunciones.c" 
gcc -o TP1.exe "src\\TP1.o" "src\\misFunciones.o" "src\\validaciones.o" 
Info: Nothing to build for TP1
22:44:55 **** Rebuild of configuration Debug for project TP1 ****
Info: Internal Builder is used for build
gcc -O0 -g3 -Wall -c -fmessage-length=0 -o "src\\validaciones.o" "..\\src\\validaciones.c" 
gcc -O0 -g3 -Wall -c -fmessage-length=0 -o "src\\TP1.o" "..\\src\\TP1.c" 
..\src\TP1.c: In function 'main':
..\src\TP1.c:191:5: warning: implicit declaration of function 'pintf'; did you mean 'printf'? [-Wimplicit-function-declaration]
  191 |     pintf("\Los calculos fueron hechos efectivamente");
      |     ^~~~~
      |     printf
..\src\TP1.c:191:11: warning: unknown escape sequence: '\L'
  191 |     pintf("\Los calculos fueron hechos efectivamente");
      |           ^~~~~~~~~~~~~~~~~~~~~~~~~~~~~~~~~~~~~~~~~~~
..\src\TP1.c:214:47: warning: format '%i' expects a matching 'int' argument [-Wformat=]
  214 |     printf("El costo de mantenimiento era de %i y "
      |                                              ~^
      |                                               |
      |                                               int
..\src\TP1.c:214:12: warning: format '%i' expects a matching 'int' argument [-Wformat=]
  214 |     printf("El costo de mantenimiento era de %i y "
      |            ^~~~~~~~~~~~~~~~~~~~~~~~~~~~~~~~~~~~~~~~
..\src\TP1.c:215:32: note: format string is defined here
  215 |       "recibio un aumento de $%i, su nuevo valor es de: $%i");
      |                               ~^
      |                                |
      |                                int
..\src\TP1.c:214:12: warning: format '%i' expects a matching 'int' argument [-Wformat=]
  214 |     printf("El costo de mantenimiento era de %i y "
      |            ^~~~~~~~~~~~~~~~~~~~~~~~~~~~~~~~~~~~~~~~
..\src\TP1.c:215:59: note: format string is defined here
  215 |       "recibio un aumento de $%i, su nuevo valor es de: $%i");
      |                                                          ~^
      |                                                           |
      |                                                           int
..\src\TP1.c:40:6: warning: variable 'opcionDosCargada' set but not used [-Wunused-but-set-variable]
   40 |  int opcionDosCargada = 0;
      |      ^~~~~~~~~~~~~~~~
..\src\TP1.c:39:6: warning: unused variable 'opcionUnoCargada' [-Wunused-variable]
   39 |  int opcionUnoCargada = 0;
      |      ^~~~~~~~~~~~~~~~
gcc -O0 -g3 -Wall -c -fmessage-length=0 -o "src\\misFunciones.o" "..\\src\\misFunciones.c" 
gcc -o TP1.exe "src\\TP1.o" "src\\misFunciones.o" "src\\validaciones.o" 
c:/mingw/bin/../lib/gcc/mingw32/9.2.0/../../../../mingw32/bin/ld.exe: src\TP1.o: in function `main':
C:\Users\herni\UTN\TPS_Laboratorio_1\TP1\Debug/../src/TP1.c:191: undefined reference to `pintf'
collect2.exe: error: ld returned 1 exit status
Info: Nothing to build for TP1
22:47:50 **** Incremental Build of configuration Debug for project TP1 ****
Info: Internal Builder is used for build
gcc -O0 -g3 -Wall -c -fmessage-length=0 -o "src\\TP1.o" "..\\src\\TP1.c" 
..\src\TP1.c: In function 'main':
..\src\TP1.c:194:5: warning: implicit declaration of function 'pintf'; did you mean 'printf'? [-Wimplicit-function-declaration]
  194 |     pintf("\Los calculos fueron hechos efectivamente");
      |     ^~~~~
      |     printf
..\src\TP1.c:194:11: warning: unknown escape sequence: '\L'
  194 |     pintf("\Los calculos fueron hechos efectivamente");
      |           ^~~~~~~~~~~~~~~~~~~~~~~~~~~~~~~~~~~~~~~~~~~
..\src\TP1.c:40:6: warning: variable 'opcionDosCargada' set but not used [-Wunused-but-set-variable]
   40 |  int opcionDosCargada = 0;
      |      ^~~~~~~~~~~~~~~~
..\src\TP1.c:39:6: warning: unused variable 'opcionUnoCargada' [-Wunused-variable]
   39 |  int opcionUnoCargada = 0;
      |      ^~~~~~~~~~~~~~~~
gcc -o TP1.exe "src\\TP1.o" "src\\misFunciones.o" "src\\validaciones.o" 
c:/mingw/bin/../lib/gcc/mingw32/9.2.0/../../../../mingw32/bin/ld.exe: src\TP1.o: in function `main':
C:\Users\herni\UTN\TPS_Laboratorio_1\TP1\Debug/../src/TP1.c:194: undefined reference to `pintf'
collect2.exe: error: ld returned 1 exit status
22:48:26 **** Incremental Build of configuration Debug for project TP1 ****
Info: Internal Builder is used for build
gcc -O0 -g3 -Wall -c -fmessage-length=0 -o "src\\TP1.o" "..\\src\\TP1.c" 
..\src\TP1.c: In function 'main':
..\src\TP1.c:194:5: warning: implicit declaration of function 'pintf'; did you mean 'printf'? [-Wimplicit-function-declaration]
  194 |     pintf("\nLos calculos fueron hechos efectivamente");
      |     ^~~~~
      |     printf
..\src\TP1.c:40:6: warning: variable 'opcionDosCargada' set but not used [-Wunused-but-set-variable]
   40 |  int opcionDosCargada = 0;
      |      ^~~~~~~~~~~~~~~~
..\src\TP1.c:39:6: warning: unused variable 'opcionUnoCargada' [-Wunused-variable]
   39 |  int opcionUnoCargada = 0;
      |      ^~~~~~~~~~~~~~~~
gcc -o TP1.exe "src\\TP1.o" "src\\misFunciones.o" "src\\validaciones.o" 
c:/mingw/bin/../lib/gcc/mingw32/9.2.0/../../../../mingw32/bin/ld.exe: src\TP1.o: in function `main':
C:\Users\herni\UTN\TPS_Laboratorio_1\TP1\Debug/../src/TP1.c:194: undefined reference to `pintf'
collect2.exe: error: ld returned 1 exit status
22:48:43 **** Incremental Build of configuration Debug for project TP1 ****
Info: Internal Builder is used for build
gcc -O0 -g3 -Wall -c -fmessage-length=0 -o "src\\TP1.o" "..\\src\\TP1.c" 
..\src\TP1.c: In function 'main':
..\src\TP1.c:40:6: warning: variable 'opcionDosCargada' set but not used [-Wunused-but-set-variable]
   40 |  int opcionDosCargada = 0;
      |      ^~~~~~~~~~~~~~~~
..\src\TP1.c:39:6: warning: unused variable 'opcionUnoCargada' [-Wunused-variable]
   39 |  int opcionUnoCargada = 0;
      |      ^~~~~~~~~~~~~~~~
gcc -o TP1.exe "src\\TP1.o" "src\\misFunciones.o" "src\\validaciones.o" 
22:49:36 **** Incremental Build of configuration Debug for project TP1 ****
Info: Internal Builder is used for build
gcc -O0 -g3 -Wall -c -fmessage-length=0 -o "src\\TP1.o" "..\\src\\TP1.c" 
gcc -o TP1.exe "src\\TP1.o" "src\\misFunciones.o" "src\\validaciones.o" 
Info: Nothing to build for TP1
23:20:22 **** Incremental Build of configuration Debug for project TP1 ****
Info: Internal Builder is used for build
gcc -O0 -g3 -Wall -c -fmessage-length=0 -o "src\\TP1.o" "..\\src\\TP1.c" 
gcc -o TP1.exe "src\\TP1.o" "src\\misFunciones.o" "src\\validaciones.o" 
c:/mingw/bin/../lib/gcc/mingw32/9.2.0/../../../../mingw32/bin/ld.exe: cannot open output file TP1.exe: Permission denied
collect2.exe: error: ld returned 1 exit status
23:20:28 **** Incremental Build of configuration Debug for project TP1 ****
Info: Internal Builder is used for build
gcc -o TP1.exe "src\\TP1.o" "src\\misFunciones.o" "src\\validaciones.o" 
Info: Nothing to build for TP1
Info: Nothing to build for TP1
23:26:53 **** Incremental Build of configuration Debug for project TP1 ****
Info: Internal Builder is used for build
gcc -O0 -g3 -Wall -c -fmessage-length=0 -o "src\\TP1.o" "..\\src\\TP1.c" 
gcc -o TP1.exe "src\\TP1.o" "src\\misFunciones.o" "src\\validaciones.o" 
Info: Nothing to build for TP1
Info: Nothing to build for TP1
Info: Nothing to build for TP1
23:32:54 **** Incremental Build of configuration Debug for project TP1 ****
Info: Internal Builder is used for build
gcc -O0 -g3 -Wall -c -fmessage-length=0 -o "src\\TP1.o" "..\\src\\TP1.c" 
gcc -o TP1.exe "src\\TP1.o" "src\\misFunciones.o" "src\\validaciones.o" 
Info: Nothing to build for TP1
23:34:12 **** Incremental Build of configuration Debug for project TP1 ****
Info: Internal Builder is used for build
gcc -O0 -g3 -Wall -c -fmessage-length=0 -o "src\\TP1.o" "..\\src\\TP1.c" 
gcc -o TP1.exe "src\\TP1.o" "src\\misFunciones.o" "src\\validaciones.o" 
c:/mingw/bin/../lib/gcc/mingw32/9.2.0/../../../../mingw32/bin/ld.exe: cannot open output file TP1.exe: Permission denied
collect2.exe: error: ld returned 1 exit status
23:34:16 **** Incremental Build of configuration Debug for project TP1 ****
Info: Internal Builder is used for build
gcc -o TP1.exe "src\\TP1.o" "src\\misFunciones.o" "src\\validaciones.o" 
23:34:23 **** Incremental Build of configuration Debug for project TP1 ****
Info: Internal Builder is used for build
gcc -O0 -g3 -Wall -c -fmessage-length=0 -o "src\\TP1.o" "..\\src\\TP1.c" 
gcc -o TP1.exe "src\\TP1.o" "src\\misFunciones.o" "src\\validaciones.o" 
Info: Nothing to build for TP1
23:38:15 **** Incremental Build of configuration Debug for project TP1 ****
Info: Internal Builder is used for build
gcc -O0 -g3 -Wall -c -fmessage-length=0 -o "src\\TP1.o" "..\\src\\TP1.c" 
gcc -O0 -g3 -Wall -c -fmessage-length=0 -o "src\\misFunciones.o" "..\\src\\misFunciones.c" 
gcc -o TP1.exe "src\\TP1.o" "src\\misFunciones.o" "src\\validaciones.o" 
Info: Nothing to build for TP1
Info: Nothing to build for TP1
00:02:36 **** Incremental Build of configuration Debug for project TP1 ****
Info: Internal Builder is used for build
gcc -O0 -g3 -Wall -c -fmessage-length=0 -o "src\\misFunciones.o" "..\\src\\misFunciones.c" 
gcc -O0 -g3 -Wall -c -fmessage-length=0 -o "src\\TP1.o" "..\\src\\TP1.c" 
gcc -o TP1.exe "src\\TP1.o" "src\\misFunciones.o" "src\\validaciones.o" 
Info: Nothing to build for TP1
00:05:37 **** Incremental Build of configuration Debug for project TP1 ****
Info: Internal Builder is used for build
gcc -O0 -g3 -Wall -c -fmessage-length=0 -o "src\\TP1.o" "..\\src\\TP1.c" 
gcc -o TP1.exe "src\\TP1.o" "src\\misFunciones.o" "src\\validaciones.o" 
Info: Nothing to build for TP1
19:28:56 **** Incremental Build of configuration Debug for project TP1 ****
Info: Internal Builder is used for build
gcc -O0 -g3 -Wall -c -fmessage-length=0 -o "src\\TP1.o" "..\\src\\TP1.c" 
..\src\TP1.c: In function 'CalcularPromedio':
..\src\TP1.c:18:16: error: expected '=', ',', ';', 'asm' or '__attribute__' before '{' token
   18 | int main(void) {
      |                ^
In file included from ..\src\TP1.c:14:
..\src\misFunciones.h:21:7: error: old-style parameter declarations in prototyped function definition
   21 | float CalcularPromedio(int *contador, int* contadorTotal)
      |       ^~~~~~~~~~~~~~~~
..\src\TP1.c:255: error: expected '{' at end of input
  255 | 
      | 
..\src\TP1.c:252:1: warning: control reaches end of non-void function [-Wreturn-type]
  252 | }
      | ^
19:28:58 **** Incremental Build of configuration Debug for project TP1 ****
Info: Internal Builder is used for build
gcc -O0 -g3 -Wall -c -fmessage-length=0 -o "src\\TP1.o" "..\\src\\TP1.c" 
..\src\TP1.c: In function 'CalcularPromedio':
..\src\TP1.c:18:16: error: expected '=', ',', ';', 'asm' or '__attribute__' before '{' token
   18 | int main(void) {
      |                ^
In file included from ..\src\TP1.c:14:
..\src\misFunciones.h:21:7: error: old-style parameter declarations in prototyped function definition
   21 | float CalcularPromedio(int *contador, int* contadorTotal)
      |       ^~~~~~~~~~~~~~~~
..\src\TP1.c:255: error: expected '{' at end of input
  255 | 
      | 
..\src\TP1.c:252:1: warning: control reaches end of non-void function [-Wreturn-type]
  252 | }
      | ^
19:29:51 **** Incremental Build of configuration Debug for project TP1 ****
Info: Internal Builder is used for build
gcc -O0 -g3 -Wall -c -fmessage-length=0 -o "src\\misFunciones.o" "..\\src\\misFunciones.c" 
gcc -O0 -g3 -Wall -c -fmessage-length=0 -o "src\\TP1.o" "..\\src\\TP1.c" 
..\src\TP1.c: In function 'main':
..\src\TP1.c:205:36: warning: passing argument 1 of 'CalcularPromedio' makes pointer from integer without a cast [-Wint-conversion]
  205 |     promedioAFC = CalcularPromedio(contadorAFC, contadorJugadores);
      |                                    ^~~~~~~~~~~
      |                                    |
      |                                    int
In file included from ..\src\TP1.c:14:
..\src\misFunciones.h:21:29: note: expected 'int *' but argument is of type 'int'
   21 | float CalcularPromedio(int *contador, int* contadorTotal);
      |                        ~~~~~^~~~~~~~
..\src\TP1.c:205:49: warning: passing argument 2 of 'CalcularPromedio' makes pointer from integer without a cast [-Wint-conversion]
  205 |     promedioAFC = CalcularPromedio(contadorAFC, contadorJugadores);
      |                                                 ^~~~~~~~~~~~~~~~~
      |                                                 |
      |                                                 int
In file included from ..\src\TP1.c:14:
..\src\misFunciones.h:21:44: note: expected 'int *' but argument is of type 'int'
   21 | float CalcularPromedio(int *contador, int* contadorTotal);
      |                                       ~~~~~^~~~~~~~~~~~~
..\src\TP1.c:206:37: warning: passing argument 1 of 'CalcularPromedio' makes pointer from integer without a cast [-Wint-conversion]
  206 |     promedioCAF =  CalcularPromedio(contadorCAF, contadorJugadores);
      |                                     ^~~~~~~~~~~
      |                                     |
      |                                     int
In file included from ..\src\TP1.c:14:
..\src\misFunciones.h:21:29: note: expected 'int *' but argument is of type 'int'
   21 | float CalcularPromedio(int *contador, int* contadorTotal);
      |                        ~~~~~^~~~~~~~
..\src\TP1.c:206:50: warning: passing argument 2 of 'CalcularPromedio' makes pointer from integer without a cast [-Wint-conversion]
  206 |     promedioCAF =  CalcularPromedio(contadorCAF, contadorJugadores);
      |                                                  ^~~~~~~~~~~~~~~~~
      |                                                  |
      |                                                  int
In file included from ..\src\TP1.c:14:
..\src\misFunciones.h:21:44: note: expected 'int *' but argument is of type 'int'
   21 | float CalcularPromedio(int *contador, int* contadorTotal);
      |                                       ~~~~~^~~~~~~~~~~~~
..\src\TP1.c:207:41: warning: passing argument 1 of 'CalcularPromedio' makes pointer from integer without a cast [-Wint-conversion]
  207 |     promedioCONCACAF = CalcularPromedio(contadorCONCACAF, contadorJugadores);
      |                                         ^~~~~~~~~~~~~~~~
      |                                         |
      |                                         int
In file included from ..\src\TP1.c:14:
..\src\misFunciones.h:21:29: note: expected 'int *' but argument is of type 'int'
   21 | float CalcularPromedio(int *contador, int* contadorTotal);
      |                        ~~~~~^~~~~~~~
..\src\TP1.c:207:59: warning: passing argument 2 of 'CalcularPromedio' makes pointer from integer without a cast [-Wint-conversion]
  207 |     promedioCONCACAF = CalcularPromedio(contadorCONCACAF, contadorJugadores);
      |                                                           ^~~~~~~~~~~~~~~~~
      |                                                           |
      |                                                           int
In file included from ..\src\TP1.c:14:
..\src\misFunciones.h:21:44: note: expected 'int *' but argument is of type 'int'
   21 | float CalcularPromedio(int *contador, int* contadorTotal);
      |                                       ~~~~~^~~~~~~~~~~~~
..\src\TP1.c:208:41: warning: passing argument 1 of 'CalcularPromedio' makes pointer from integer without a cast [-Wint-conversion]
  208 |     promedioCONMEBOL = CalcularPromedio(contadorCONMEBOL, contadorJugadores);
      |                                         ^~~~~~~~~~~~~~~~
      |                                         |
      |                                         int
In file included from ..\src\TP1.c:14:
..\src\misFunciones.h:21:29: note: expected 'int *' but argument is of type 'int'
   21 | float CalcularPromedio(int *contador, int* contadorTotal);
      |                        ~~~~~^~~~~~~~
..\src\TP1.c:208:59: warning: passing argument 2 of 'CalcularPromedio' makes pointer from integer without a cast [-Wint-conversion]
  208 |     promedioCONMEBOL = CalcularPromedio(contadorCONMEBOL, contadorJugadores);
      |                                                           ^~~~~~~~~~~~~~~~~
      |                                                           |
      |                                                           int
In file included from ..\src\TP1.c:14:
..\src\misFunciones.h:21:44: note: expected 'int *' but argument is of type 'int'
   21 | float CalcularPromedio(int *contador, int* contadorTotal);
      |                                       ~~~~~^~~~~~~~~~~~~
..\src\TP1.c:209:36: warning: passing argument 1 of 'CalcularPromedio' makes pointer from integer without a cast [-Wint-conversion]
  209 |     promedioOFC = CalcularPromedio(contadorOFC, contadorJugadores);
      |                                    ^~~~~~~~~~~
      |                                    |
      |                                    int
In file included from ..\src\TP1.c:14:
..\src\misFunciones.h:21:29: note: expected 'int *' but argument is of type 'int'
   21 | float CalcularPromedio(int *contador, int* contadorTotal);
      |                        ~~~~~^~~~~~~~
..\src\TP1.c:209:49: warning: passing argument 2 of 'CalcularPromedio' makes pointer from integer without a cast [-Wint-conversion]
  209 |     promedioOFC = CalcularPromedio(contadorOFC, contadorJugadores);
      |                                                 ^~~~~~~~~~~~~~~~~
      |                                                 |
      |                                                 int
In file included from ..\src\TP1.c:14:
..\src\misFunciones.h:21:44: note: expected 'int *' but argument is of type 'int'
   21 | float CalcularPromedio(int *contador, int* contadorTotal);
      |                                       ~~~~~^~~~~~~~~~~~~
..\src\TP1.c:210:37: warning: passing argument 1 of 'CalcularPromedio' makes pointer from integer without a cast [-Wint-conversion]
  210 |     promedioUEFA = CalcularPromedio(contadorUEFA, contadorJugadores);
      |                                     ^~~~~~~~~~~~
      |                                     |
      |                                     int
In file included from ..\src\TP1.c:14:
..\src\misFunciones.h:21:29: note: expected 'int *' but argument is of type 'int'
   21 | float CalcularPromedio(int *contador, int* contadorTotal);
      |                        ~~~~~^~~~~~~~
..\src\TP1.c:210:51: warning: passing argument 2 of 'CalcularPromedio' makes pointer from integer without a cast [-Wint-conversion]
  210 |     promedioUEFA = CalcularPromedio(contadorUEFA, contadorJugadores);
      |                                                   ^~~~~~~~~~~~~~~~~
      |                                                   |
      |                                                   int
In file included from ..\src\TP1.c:14:
..\src\misFunciones.h:21:44: note: expected 'int *' but argument is of type 'int'
   21 | float CalcularPromedio(int *contador, int* contadorTotal);
      |                                       ~~~~~^~~~~~~~~~~~~
gcc -o TP1.exe "src\\TP1.o" "src\\misFunciones.o" "src\\validaciones.o" 
19:30:43 **** Incremental Build of configuration Debug for project TP1 ****
Info: Internal Builder is used for build
gcc -O0 -g3 -Wall -c -fmessage-length=0 -o "src\\TP1.o" "..\\src\\TP1.c" 
..\src\TP1.c: In function 'main':
..\src\TP1.c:206:37: warning: passing argument 1 of 'CalcularPromedio' makes pointer from integer without a cast [-Wint-conversion]
  206 |     promedioCAF =  CalcularPromedio(contadorCAF, contadorJugadores);
      |                                     ^~~~~~~~~~~
      |                                     |
      |                                     int
In file included from ..\src\TP1.c:14:
..\src\misFunciones.h:21:29: note: expected 'int *' but argument is of type 'int'
   21 | float CalcularPromedio(int *contador, int* contadorTotal);
      |                        ~~~~~^~~~~~~~
..\src\TP1.c:206:50: warning: passing argument 2 of 'CalcularPromedio' makes pointer from integer without a cast [-Wint-conversion]
  206 |     promedioCAF =  CalcularPromedio(contadorCAF, contadorJugadores);
      |                                                  ^~~~~~~~~~~~~~~~~
      |                                                  |
      |                                                  int
In file included from ..\src\TP1.c:14:
..\src\misFunciones.h:21:44: note: expected 'int *' but argument is of type 'int'
   21 | float CalcularPromedio(int *contador, int* contadorTotal);
      |                                       ~~~~~^~~~~~~~~~~~~
..\src\TP1.c:207:41: warning: passing argument 1 of 'CalcularPromedio' makes pointer from integer without a cast [-Wint-conversion]
  207 |     promedioCONCACAF = CalcularPromedio(contadorCONCACAF, contadorJugadores);
      |                                         ^~~~~~~~~~~~~~~~
      |                                         |
      |                                         int
In file included from ..\src\TP1.c:14:
..\src\misFunciones.h:21:29: note: expected 'int *' but argument is of type 'int'
   21 | float CalcularPromedio(int *contador, int* contadorTotal);
      |                        ~~~~~^~~~~~~~
..\src\TP1.c:207:59: warning: passing argument 2 of 'CalcularPromedio' makes pointer from integer without a cast [-Wint-conversion]
  207 |     promedioCONCACAF = CalcularPromedio(contadorCONCACAF, contadorJugadores);
      |                                                           ^~~~~~~~~~~~~~~~~
      |                                                           |
      |                                                           int
In file included from ..\src\TP1.c:14:
..\src\misFunciones.h:21:44: note: expected 'int *' but argument is of type 'int'
   21 | float CalcularPromedio(int *contador, int* contadorTotal);
      |                                       ~~~~~^~~~~~~~~~~~~
..\src\TP1.c:208:41: warning: passing argument 1 of 'CalcularPromedio' makes pointer from integer without a cast [-Wint-conversion]
  208 |     promedioCONMEBOL = CalcularPromedio(contadorCONMEBOL, contadorJugadores);
      |                                         ^~~~~~~~~~~~~~~~
      |                                         |
      |                                         int
In file included from ..\src\TP1.c:14:
..\src\misFunciones.h:21:29: note: expected 'int *' but argument is of type 'int'
   21 | float CalcularPromedio(int *contador, int* contadorTotal);
      |                        ~~~~~^~~~~~~~
..\src\TP1.c:208:59: warning: passing argument 2 of 'CalcularPromedio' makes pointer from integer without a cast [-Wint-conversion]
  208 |     promedioCONMEBOL = CalcularPromedio(contadorCONMEBOL, contadorJugadores);
      |                                                           ^~~~~~~~~~~~~~~~~
      |                                                           |
      |                                                           int
In file included from ..\src\TP1.c:14:
..\src\misFunciones.h:21:44: note: expected 'int *' but argument is of type 'int'
   21 | float CalcularPromedio(int *contador, int* contadorTotal);
      |                                       ~~~~~^~~~~~~~~~~~~
..\src\TP1.c:209:36: warning: passing argument 1 of 'CalcularPromedio' makes pointer from integer without a cast [-Wint-conversion]
  209 |     promedioOFC = CalcularPromedio(contadorOFC, contadorJugadores);
      |                                    ^~~~~~~~~~~
      |                                    |
      |                                    int
In file included from ..\src\TP1.c:14:
..\src\misFunciones.h:21:29: note: expected 'int *' but argument is of type 'int'
   21 | float CalcularPromedio(int *contador, int* contadorTotal);
      |                        ~~~~~^~~~~~~~
..\src\TP1.c:209:49: warning: passing argument 2 of 'CalcularPromedio' makes pointer from integer without a cast [-Wint-conversion]
  209 |     promedioOFC = CalcularPromedio(contadorOFC, contadorJugadores);
      |                                                 ^~~~~~~~~~~~~~~~~
      |                                                 |
      |                                                 int
In file included from ..\src\TP1.c:14:
..\src\misFunciones.h:21:44: note: expected 'int *' but argument is of type 'int'
   21 | float CalcularPromedio(int *contador, int* contadorTotal);
      |                                       ~~~~~^~~~~~~~~~~~~
..\src\TP1.c:210:37: warning: passing argument 1 of 'CalcularPromedio' makes pointer from integer without a cast [-Wint-conversion]
  210 |     promedioUEFA = CalcularPromedio(contadorUEFA, contadorJugadores);
      |                                     ^~~~~~~~~~~~
      |                                     |
      |                                     int
In file included from ..\src\TP1.c:14:
..\src\misFunciones.h:21:29: note: expected 'int *' but argument is of type 'int'
   21 | float CalcularPromedio(int *contador, int* contadorTotal);
      |                        ~~~~~^~~~~~~~
..\src\TP1.c:210:51: warning: passing argument 2 of 'CalcularPromedio' makes pointer from integer without a cast [-Wint-conversion]
  210 |     promedioUEFA = CalcularPromedio(contadorUEFA, contadorJugadores);
      |                                                   ^~~~~~~~~~~~~~~~~
      |                                                   |
      |                                                   int
In file included from ..\src\TP1.c:14:
..\src\misFunciones.h:21:44: note: expected 'int *' but argument is of type 'int'
   21 | float CalcularPromedio(int *contador, int* contadorTotal);
      |                                       ~~~~~^~~~~~~~~~~~~
gcc -o TP1.exe "src\\TP1.o" "src\\misFunciones.o" "src\\validaciones.o" 
19:31:14 **** Incremental Build of configuration Debug for project TP1 ****
Info: Internal Builder is used for build
gcc -O0 -g3 -Wall -c -fmessage-length=0 -o "src\\TP1.o" "..\\src\\TP1.c" 
gcc -o TP1.exe "src\\TP1.o" "src\\misFunciones.o" "src\\validaciones.o" 
Info: Nothing to build for TP1
19:33:12 **** Incremental Build of configuration Debug for project TP1 ****
Info: Internal Builder is used for build
gcc -O0 -g3 -Wall -c -fmessage-length=0 -o "src\\misFunciones.o" "..\\src\\misFunciones.c" 
gcc -o TP1.exe "src\\TP1.o" "src\\misFunciones.o" "src\\validaciones.o" 
c:/mingw/bin/../lib/gcc/mingw32/9.2.0/../../../../mingw32/bin/ld.exe: cannot open output file TP1.exe: Permission denied
collect2.exe: error: ld returned 1 exit status
19:33:13 **** Incremental Build of configuration Debug for project TP1 ****
Info: Internal Builder is used for build
gcc -o TP1.exe "src\\TP1.o" "src\\misFunciones.o" "src\\validaciones.o" 
19:38:52 **** Incremental Build of configuration Debug for project TP1 ****
Info: Internal Builder is used for build
gcc -O0 -g3 -Wall -c -fmessage-length=0 -o "src\\misFunciones.o" "..\\src\\misFunciones.c" 
gcc -o TP1.exe "src\\TP1.o" "src\\misFunciones.o" "src\\validaciones.o" 
c:/mingw/bin/../lib/gcc/mingw32/9.2.0/../../../../mingw32/bin/ld.exe: cannot open output file TP1.exe: Permission denied
collect2.exe: error: ld returned 1 exit status
19:38:56 **** Incremental Build of configuration Debug for project TP1 ****
Info: Internal Builder is used for build
gcc -o TP1.exe "src\\TP1.o" "src\\misFunciones.o" "src\\validaciones.o" 
Info: Nothing to build for TP1
19:40:09 **** Incremental Build of configuration Debug for project TP1 ****
Info: Internal Builder is used for build
gcc -O0 -g3 -Wall -c -fmessage-length=0 -o "src\\misFunciones.o" "..\\src\\misFunciones.c" 
..\src\misFunciones.c: In function 'CalcularPromedio':
..\src\misFunciones.c:68:2: error: pointer value used where a floating point value was expected
   68 |  bufferPorcen =  (float) contador / contadorTotal;
      |  ^~~~~~~~~~~~
..\src\misFunciones.c:68:35: error: invalid operands to binary / (have 'float' and 'int *')
   68 |  bufferPorcen =  (float) contador / contadorTotal;
      |                  ~~~~~~~~~~~~~~~~ ^
      |                  |
      |                  float
19:40:12 **** Incremental Build of configuration Debug for project TP1 ****
Info: Internal Builder is used for build
gcc -O0 -g3 -Wall -c -fmessage-length=0 -o "src\\misFunciones.o" "..\\src\\misFunciones.c" 
..\src\misFunciones.c: In function 'CalcularPromedio':
..\src\misFunciones.c:68:2: error: pointer value used where a floating point value was expected
   68 |  bufferPorcen =  (float) contador / contadorTotal;
      |  ^~~~~~~~~~~~
..\src\misFunciones.c:68:35: error: invalid operands to binary / (have 'float' and 'int *')
   68 |  bufferPorcen =  (float) contador / contadorTotal;
      |                  ~~~~~~~~~~~~~~~~ ^
      |                  |
      |                  float
19:40:46 **** Incremental Build of configuration Debug for project TP1 ****
Info: Internal Builder is used for build
gcc -O0 -g3 -Wall -c -fmessage-length=0 -o "src\\misFunciones.o" "..\\src\\misFunciones.c" 
..\src\misFunciones.c: In function 'CalcularPromedio':
..\src\misFunciones.c:68:27: error: invalid operands to binary / (have 'int *' and 'int *')
   68 |  bufferPorcen =  contador / contadorTotal;
      |                           ^
19:40:51 **** Incremental Build of configuration Debug for project TP1 ****
Info: Internal Builder is used for build
gcc -O0 -g3 -Wall -c -fmessage-length=0 -o "src\\misFunciones.o" "..\\src\\misFunciones.c" 
..\src\misFunciones.c: In function 'CalcularPromedio':
..\src\misFunciones.c:68:27: error: invalid operands to binary / (have 'int *' and 'int *')
   68 |  bufferPorcen =  contador / contadorTotal;
      |                           ^
19:41:02 **** Incremental Build of configuration Debug for project TP1 ****
Info: Internal Builder is used for build
gcc -O0 -g3 -Wall -c -fmessage-length=0 -o "src\\misFunciones.o" "..\\src\\misFunciones.c" 
..\src\misFunciones.c: In function 'CalcularPromedio':
..\src\misFunciones.c:68:2: error: pointer value used where a floating point value was expected
   68 |  bufferPorcen =  (float) contador / contadorTotal;
      |  ^~~~~~~~~~~~
..\src\misFunciones.c:68:35: error: invalid operands to binary / (have 'float' and 'int *')
   68 |  bufferPorcen =  (float) contador / contadorTotal;
      |                  ~~~~~~~~~~~~~~~~ ^
      |                  |
      |                  float
19:41:21 **** Incremental Build of configuration Debug for project TP1 ****
Info: Internal Builder is used for build
gcc -O0 -g3 -Wall -c -fmessage-length=0 -o "src\\misFunciones.o" "..\\src\\misFunciones.c" 
..\src\misFunciones.c: In function 'CalcularPromedio':
..\src\misFunciones.c:68:27: error: invalid operands to binary / (have 'int *' and 'int *')
   68 |  bufferPorcen =  contador / contadorTotal;
      |                           ^
19:41:25 **** Incremental Build of configuration Debug for project TP1 ****
Info: Internal Builder is used for build
gcc -O0 -g3 -Wall -c -fmessage-length=0 -o "src\\misFunciones.o" "..\\src\\misFunciones.c" 
gcc -o TP1.exe "src\\TP1.o" "src\\misFunciones.o" "src\\validaciones.o" 
Info: Nothing to build for TP1
19:46:32 **** Incremental Build of configuration Debug for project TP1 ****
Info: Internal Builder is used for build
gcc -O0 -g3 -Wall -c -fmessage-length=0 -o "src\\TP1.o" "..\\src\\TP1.c" 
gcc -o TP1.exe "src\\TP1.o" "src\\misFunciones.o" "src\\validaciones.o" 
c:/mingw/bin/../lib/gcc/mingw32/9.2.0/../../../../mingw32/bin/ld.exe: cannot open output file TP1.exe: Permission denied
collect2.exe: error: ld returned 1 exit status
19:46:36 **** Incremental Build of configuration Debug for project TP1 ****
Info: Internal Builder is used for build
gcc -o TP1.exe "src\\TP1.o" "src\\misFunciones.o" "src\\validaciones.o" 
Info: Nothing to build for TP1
19:56:14 **** Incremental Build of configuration Debug for project TP1 ****
Info: Internal Builder is used for build
gcc -O0 -g3 -Wall -c -fmessage-length=0 -o "src\\misFunciones.o" "..\\src\\misFunciones.c" 
gcc -o TP1.exe "src\\TP1.o" "src\\misFunciones.o" "src\\validaciones.o" 
c:/mingw/bin/../lib/gcc/mingw32/9.2.0/../../../../mingw32/bin/ld.exe: cannot open output file TP1.exe: Permission denied
collect2.exe: error: ld returned 1 exit status
19:57:55 **** Incremental Build of configuration Debug for project TP1 ****
Info: Internal Builder is used for build
gcc -O0 -g3 -Wall -c -fmessage-length=0 -o "src\\TP1.o" "..\\src\\TP1.c" 
gcc -O0 -g3 -Wall -c -fmessage-length=0 -o "src\\misFunciones.o" "..\\src\\misFunciones.c" 
gcc -o TP1.exe "src\\TP1.o" "src\\misFunciones.o" "src\\validaciones.o" 
Info: Nothing to build for TP1
Info: Nothing to build for TP1
20:23:01 **** Incremental Build of configuration Debug for project TP1 ****
Info: Internal Builder is used for build
gcc -O0 -g3 -Wall -c -fmessage-length=0 -o "src\\TP1.o" "..\\src\\TP1.c" 
gcc -o TP1.exe "src\\TP1.o" "src\\misFunciones.o" "src\\validaciones.o" 
Info: Nothing to build for TP1
Info: Nothing to build for TP1
Info: Nothing to build for TP1
Info: Nothing to build for TP1
Info: Nothing to build for TP1
20:32:48 **** Incremental Build of configuration Debug for project TP1 ****
Info: Internal Builder is used for build
gcc -O0 -g3 -Wall -c -fmessage-length=0 -o "src\\TP1.o" "..\\src\\TP1.c" 
gcc -o TP1.exe "src\\TP1.o" "src\\misFunciones.o" "src\\validaciones.o" 
Info: Nothing to build for TP1
20:39:25 **** Incremental Build of configuration Debug for project TP1 ****
Info: Internal Builder is used for build
gcc -O0 -g3 -Wall -c -fmessage-length=0 -o "src\\TP1.o" "..\\src\\TP1.c" 
gcc -o TP1.exe "src\\TP1.o" "src\\misFunciones.o" "src\\validaciones.o" 
Info: Nothing to build for TP1
20:39:59 **** Incremental Build of configuration Debug for project TP1 ****
Info: Internal Builder is used for build
gcc -O0 -g3 -Wall -c -fmessage-length=0 -o "src\\TP1.o" "..\\src\\TP1.c" 
gcc -o TP1.exe "src\\TP1.o" "src\\misFunciones.o" "src\\validaciones.o" 
c:/mingw/bin/../lib/gcc/mingw32/9.2.0/../../../../mingw32/bin/ld.exe: cannot open output file TP1.exe: Permission denied
collect2.exe: error: ld returned 1 exit status
20:40:01 **** Incremental Build of configuration Debug for project TP1 ****
Info: Internal Builder is used for build
gcc -o TP1.exe "src\\TP1.o" "src\\misFunciones.o" "src\\validaciones.o" 
Info: Nothing to build for TP1
20:40:17 **** Incremental Build of configuration Debug for project TP1 ****
Info: Internal Builder is used for build
gcc -O0 -g3 -Wall -c -fmessage-length=0 -o "src\\TP1.o" "..\\src\\TP1.c" 
gcc -o TP1.exe "src\\TP1.o" "src\\misFunciones.o" "src\\validaciones.o" 
c:/mingw/bin/../lib/gcc/mingw32/9.2.0/../../../../mingw32/bin/ld.exe: cannot open output file TP1.exe: Permission denied
collect2.exe: error: ld returned 1 exit status
20:40:20 **** Incremental Build of configuration Debug for project TP1 ****
Info: Internal Builder is used for build
gcc -o TP1.exe "src\\TP1.o" "src\\misFunciones.o" "src\\validaciones.o" 
Info: Nothing to build for TP1
20:40:35 **** Incremental Build of configuration Debug for project TP1 ****
Info: Internal Builder is used for build
gcc -O0 -g3 -Wall -c -fmessage-length=0 -o "src\\TP1.o" "..\\src\\TP1.c" 
gcc -o TP1.exe "src\\TP1.o" "src\\misFunciones.o" "src\\validaciones.o" 
c:/mingw/bin/../lib/gcc/mingw32/9.2.0/../../../../mingw32/bin/ld.exe: cannot open output file TP1.exe: Permission denied
collect2.exe: error: ld returned 1 exit status
20:40:37 **** Incremental Build of configuration Debug for project TP1 ****
Info: Internal Builder is used for build
gcc -o TP1.exe "src\\TP1.o" "src\\misFunciones.o" "src\\validaciones.o" 
Info: Nothing to build for TP1
20:40:44 **** Incremental Build of configuration Debug for project TP1 ****
Info: Internal Builder is used for build
gcc -O0 -g3 -Wall -c -fmessage-length=0 -o "src\\TP1.o" "..\\src\\TP1.c" 
gcc -o TP1.exe "src\\TP1.o" "src\\misFunciones.o" "src\\validaciones.o" 
c:/mingw/bin/../lib/gcc/mingw32/9.2.0/../../../../mingw32/bin/ld.exe: cannot open output file TP1.exe: Permission denied
collect2.exe: error: ld returned 1 exit status
20:40:46 **** Incremental Build of configuration Debug for project TP1 ****
Info: Internal Builder is used for build
gcc -o TP1.exe "src\\TP1.o" "src\\misFunciones.o" "src\\validaciones.o" 
Info: Nothing to build for TP1
20:41:17 **** Incremental Build of configuration Debug for project TP1 ****
Info: Internal Builder is used for build
gcc -O0 -g3 -Wall -c -fmessage-length=0 -o "src\\TP1.o" "..\\src\\TP1.c" 
gcc -o TP1.exe "src\\TP1.o" "src\\misFunciones.o" "src\\validaciones.o" 
c:/mingw/bin/../lib/gcc/mingw32/9.2.0/../../../../mingw32/bin/ld.exe: cannot open output file TP1.exe: Permission denied
collect2.exe: error: ld returned 1 exit status
20:41:18 **** Incremental Build of configuration Debug for project TP1 ****
Info: Internal Builder is used for build
gcc -o TP1.exe "src\\TP1.o" "src\\misFunciones.o" "src\\validaciones.o" 
22:40:53 **** Incremental Build of configuration Debug for project TP1 ****
Info: Internal Builder is used for build
gcc -O0 -g3 -Wall -c -fmessage-length=0 -o "src\\misFunciones.o" "..\\src\\misFunciones.c" 
gcc -O0 -g3 -Wall -c -fmessage-length=0 -o "src\\TP1.o" "..\\src\\TP1.c" 
gcc -o TP1.exe "src\\TP1.o" "src\\misFunciones.o" "src\\validaciones.o" 
Info: Nothing to build for TP1
Info: Nothing to build for TP1
Info: Nothing to build for TP1
22:42:49 **** Incremental Build of configuration Debug for project TP1 ****
Info: Internal Builder is used for build
gcc -O0 -g3 -Wall -c -fmessage-length=0 -o "src\\misFunciones.o" "..\\src\\misFunciones.c" 
gcc -o TP1.exe "src\\TP1.o" "src\\misFunciones.o" "src\\validaciones.o" 
c:/mingw/bin/../lib/gcc/mingw32/9.2.0/../../../../mingw32/bin/ld.exe: cannot open output file TP1.exe: Permission denied
collect2.exe: error: ld returned 1 exit status
22:42:52 **** Incremental Build of configuration Debug for project TP1 ****
Info: Internal Builder is used for build
gcc -o TP1.exe "src\\TP1.o" "src\\misFunciones.o" "src\\validaciones.o" 
Info: Nothing to build for TP1
22:49:27 **** Incremental Build of configuration Debug for project TP1 ****
Info: Internal Builder is used for build
gcc -O0 -g3 -Wall -c -fmessage-length=0 -o "src\\misFunciones.o" "..\\src\\misFunciones.c" 
..\src\misFunciones.c: In function 'ElegirCamiseta':
..\src\misFunciones.c:53:2: error: invalid operands to binary * (have 'int' and 'int *')
   51 |  utn_getNumero(&num, "Ingresar numero de camiseta del jugador",
      |  ~~~~~~~~~~~~~~~~~~~~~~~~~~~~~~~~~~~~~~~~~~~~~~~~~~~~~~~~~~~~~~
      |  |
      |  int
   52 |    "Error, la camiseta no esta en el rango [1-99]", 1, 99, 3)
      |    ~~~~~~~~~~~~~~~~~~~~~~~~~~~~~~~~~~~~~~~~~~~~~~~~~~~~~~~~~~
   53 |  *guardar = num;
      |  ^
22:49:37 **** Incremental Build of configuration Debug for project TP1 ****
Info: Internal Builder is used for build
gcc -O0 -g3 -Wall -c -fmessage-length=0 -o "src\\TP1.o" "..\\src\\TP1.c" 
gcc -O0 -g3 -Wall -c -fmessage-length=0 -o "src\\misFunciones.o" "..\\src\\misFunciones.c" 
..\src\misFunciones.c: In function 'ElegirCamiseta':
..\src\misFunciones.c:53:2: error: invalid operands to binary * (have 'int' and 'int *')
   51 |  utn_getNumero(&num, "Ingresar numero de camiseta del jugador",
      |  ~~~~~~~~~~~~~~~~~~~~~~~~~~~~~~~~~~~~~~~~~~~~~~~~~~~~~~~~~~~~~~
      |  |
      |  int
   52 |    "Error, la camiseta no esta en el rango [1-99]", 1, 99, 3)
      |    ~~~~~~~~~~~~~~~~~~~~~~~~~~~~~~~~~~~~~~~~~~~~~~~~~~~~~~~~~~
   53 |  *guardar = num;
      |  ^
22:50:06 **** Incremental Build of configuration Debug for project TP1 ****
Info: Internal Builder is used for build
gcc -O0 -g3 -Wall -c -fmessage-length=0 -o "src\\misFunciones.o" "..\\src\\misFunciones.c" 
..\src\misFunciones.c: In function 'ElegirCamiseta':
..\src\misFunciones.c:53:2: error: invalid operands to binary * (have 'int' and 'int *')
   51 |  utn_getNumero(&num, "Ingresar numero de camiseta del jugador",
      |  ~~~~~~~~~~~~~~~~~~~~~~~~~~~~~~~~~~~~~~~~~~~~~~~~~~~~~~~~~~~~~~
      |  |
      |  int
   52 |    "Error, la camiseta no esta en el rango [1-99]", 1, 99, 3)
      |    ~~~~~~~~~~~~~~~~~~~~~~~~~~~~~~~~~~~~~~~~~~~~~~~~~~~~~~~~~~
   53 |  *guardar = num;
      |  ^
22:50:59 **** Incremental Build of configuration Debug for project TP1 ****
Info: Internal Builder is used for build
gcc -O0 -g3 -Wall -c -fmessage-length=0 -o "src\\misFunciones.o" "..\\src\\misFunciones.c" 
gcc -o TP1.exe "src\\TP1.o" "src\\misFunciones.o" "src\\validaciones.o" 
c:/mingw/bin/../lib/gcc/mingw32/9.2.0/../../../../mingw32/bin/ld.exe: src\TP1.o: in function `main':
C:\Users\herni\UTN\TPS_Laboratorio_1\TP1\Debug/../src/TP1.c:131: undefined reference to `ElegirCamiseta'
c:/mingw/bin/../lib/gcc/mingw32/9.2.0/../../../../mingw32/bin/ld.exe: C:\Users\herni\UTN\TPS_Laboratorio_1\TP1\Debug/../src/TP1.c:146: undefined reference to `ElegirCamiseta'
c:/mingw/bin/../lib/gcc/mingw32/9.2.0/../../../../mingw32/bin/ld.exe: C:\Users\herni\UTN\TPS_Laboratorio_1\TP1\Debug/../src/TP1.c:160: undefined reference to `ElegirCamiseta'
c:/mingw/bin/../lib/gcc/mingw32/9.2.0/../../../../mingw32/bin/ld.exe: C:\Users\herni\UTN\TPS_Laboratorio_1\TP1\Debug/../src/TP1.c:175: undefined reference to `ElegirCamiseta'
collect2.exe: error: ld returned 1 exit status
22:51:02 **** Incremental Build of configuration Debug for project TP1 ****
Info: Internal Builder is used for build
gcc -o TP1.exe "src\\TP1.o" "src\\misFunciones.o" "src\\validaciones.o" 
c:/mingw/bin/../lib/gcc/mingw32/9.2.0/../../../../mingw32/bin/ld.exe: src\TP1.o: in function `main':
C:\Users\herni\UTN\TPS_Laboratorio_1\TP1\Debug/../src/TP1.c:131: undefined reference to `ElegirCamiseta'
c:/mingw/bin/../lib/gcc/mingw32/9.2.0/../../../../mingw32/bin/ld.exe: C:\Users\herni\UTN\TPS_Laboratorio_1\TP1\Debug/../src/TP1.c:146: undefined reference to `ElegirCamiseta'
c:/mingw/bin/../lib/gcc/mingw32/9.2.0/../../../../mingw32/bin/ld.exe: C:\Users\herni\UTN\TPS_Laboratorio_1\TP1\Debug/../src/TP1.c:160: undefined reference to `ElegirCamiseta'
c:/mingw/bin/../lib/gcc/mingw32/9.2.0/../../../../mingw32/bin/ld.exe: C:\Users\herni\UTN\TPS_Laboratorio_1\TP1\Debug/../src/TP1.c:175: undefined reference to `ElegirCamiseta'
collect2.exe: error: ld returned 1 exit status
22:51:17 **** Incremental Build of configuration Debug for project TP1 ****
Info: Internal Builder is used for build
gcc -O0 -g3 -Wall -c -fmessage-length=0 -o "src\\TP1.o" "..\\src\\TP1.c" 
..\src\TP1.c: In function 'main':
..\src\TP1.c:131:8: warning: implicit declaration of function 'ElegirCamiseta' [-Wimplicit-function-declaration]
  131 |        ElegirCamiseta(&numeroDeCamiseta);
      |        ^~~~~~~~~~~~~~
gcc -O0 -g3 -Wall -c -fmessage-length=0 -o "src\\misFunciones.o" "..\\src\\misFunciones.c" 
gcc -o TP1.exe "src\\TP1.o" "src\\misFunciones.o" "src\\validaciones.o" 
c:/mingw/bin/../lib/gcc/mingw32/9.2.0/../../../../mingw32/bin/ld.exe: src\TP1.o: in function `main':
C:\Users\herni\UTN\TPS_Laboratorio_1\TP1\Debug/../src/TP1.c:131: undefined reference to `ElegirCamiseta'
c:/mingw/bin/../lib/gcc/mingw32/9.2.0/../../../../mingw32/bin/ld.exe: C:\Users\herni\UTN\TPS_Laboratorio_1\TP1\Debug/../src/TP1.c:146: undefined reference to `ElegirCamiseta'
c:/mingw/bin/../lib/gcc/mingw32/9.2.0/../../../../mingw32/bin/ld.exe: C:\Users\herni\UTN\TPS_Laboratorio_1\TP1\Debug/../src/TP1.c:160: undefined reference to `ElegirCamiseta'
c:/mingw/bin/../lib/gcc/mingw32/9.2.0/../../../../mingw32/bin/ld.exe: C:\Users\herni\UTN\TPS_Laboratorio_1\TP1\Debug/../src/TP1.c:175: undefined reference to `ElegirCamiseta'
collect2.exe: error: ld returned 1 exit status
22:51:23 **** Incremental Build of configuration Debug for project TP1 ****
Info: Internal Builder is used for build
gcc -o TP1.exe "src\\TP1.o" "src\\misFunciones.o" "src\\validaciones.o" 
c:/mingw/bin/../lib/gcc/mingw32/9.2.0/../../../../mingw32/bin/ld.exe: src\TP1.o: in function `main':
C:\Users\herni\UTN\TPS_Laboratorio_1\TP1\Debug/../src/TP1.c:131: undefined reference to `ElegirCamiseta'
c:/mingw/bin/../lib/gcc/mingw32/9.2.0/../../../../mingw32/bin/ld.exe: C:\Users\herni\UTN\TPS_Laboratorio_1\TP1\Debug/../src/TP1.c:146: undefined reference to `ElegirCamiseta'
c:/mingw/bin/../lib/gcc/mingw32/9.2.0/../../../../mingw32/bin/ld.exe: C:\Users\herni\UTN\TPS_Laboratorio_1\TP1\Debug/../src/TP1.c:160: undefined reference to `ElegirCamiseta'
c:/mingw/bin/../lib/gcc/mingw32/9.2.0/../../../../mingw32/bin/ld.exe: C:\Users\herni\UTN\TPS_Laboratorio_1\TP1\Debug/../src/TP1.c:175: undefined reference to `ElegirCamiseta'
collect2.exe: error: ld returned 1 exit status
22:52:25 **** Incremental Build of configuration Debug for project TP1 ****
Info: Internal Builder is used for build
gcc -O0 -g3 -Wall -c -fmessage-length=0 -o "src\\TP1.o" "..\\src\\TP1.c" 
gcc -o TP1.exe "src\\TP1.o" "src\\misFunciones.o" "src\\validaciones.o" 
Info: Nothing to build for TP1
23:17:50 **** Incremental Build of configuration Debug for project TP1 ****
Info: Internal Builder is used for build
gcc -O0 -g3 -Wall -c -fmessage-length=0 -o "src\\TP1.o" "..\\src\\TP1.c" 
gcc -o TP1.exe "src\\TP1.o" "src\\misFunciones.o" "src\\validaciones.o" 
c:/mingw/bin/../lib/gcc/mingw32/9.2.0/../../../../mingw32/bin/ld.exe: cannot open output file TP1.exe: Permission denied
collect2.exe: error: ld returned 1 exit status
23:17:52 **** Incremental Build of configuration Debug for project TP1 ****
Info: Internal Builder is used for build
gcc -o TP1.exe "src\\TP1.o" "src\\misFunciones.o" "src\\validaciones.o" 
Info: Nothing to build for TP1
23:18:22 **** Incremental Build of configuration Debug for project TP1 ****
Info: Internal Builder is used for build
gcc -O0 -g3 -Wall -c -fmessage-length=0 -o "src\\TP1.o" "..\\src\\TP1.c" 
gcc -o TP1.exe "src\\TP1.o" "src\\misFunciones.o" "src\\validaciones.o" 
Info: Nothing to build for TP1
23:18:33 **** Incremental Build of configuration Debug for project TP1 ****
Info: Internal Builder is used for build
gcc -O0 -g3 -Wall -c -fmessage-length=0 -o "src\\TP1.o" "..\\src\\TP1.c" 
gcc -o TP1.exe "src\\TP1.o" "src\\misFunciones.o" "src\\validaciones.o" 
c:/mingw/bin/../lib/gcc/mingw32/9.2.0/../../../../mingw32/bin/ld.exe: cannot open output file TP1.exe: Permission denied
collect2.exe: error: ld returned 1 exit status
23:18:34 **** Incremental Build of configuration Debug for project TP1 ****
Info: Internal Builder is used for build
gcc -o TP1.exe "src\\TP1.o" "src\\misFunciones.o" "src\\validaciones.o" 
23:23:45 **** Incremental Build of configuration Debug for project TP1 ****
Info: Internal Builder is used for build
gcc -O0 -g3 -Wall -c -fmessage-length=0 -o "src\\calculos.o" "..\\src\\calculos.c" 
gcc -O0 -g3 -Wall -c -fmessage-length=0 -o "src\\inputs.o" "..\\src\\inputs.c" 
gcc -O0 -g3 -Wall -c -fmessage-length=0 -o "src\\TP1.o" "..\\src\\TP1.c" 
gcc -o TP1.exe "src\\TP1.o" "src\\calculos.o" "src\\inputs.o" 
c:/mingw/bin/../lib/gcc/mingw32/9.2.0/../../../../mingw32/bin/ld.exe: cannot open output file TP1.exe: Permission denied
collect2.exe: error: ld returned 1 exit status
23:23:48 **** Incremental Build of configuration Debug for project TP1 ****
Info: Internal Builder is used for build
gcc -o TP1.exe "src\\TP1.o" "src\\calculos.o" "src\\inputs.o" 
Info: Nothing to build for TP1
13:10:39 **** Incremental Build of configuration Debug for project TP1 ****
Info: Internal Builder is used for build
gcc -O0 -g3 -Wall -c -fmessage-length=0 -o "src\\calculos.o" "..\\src\\calculos.c" 
gcc -O0 -g3 -Wall -c -fmessage-length=0 -o "src\\TP1.o" "..\\src\\TP1.c" 
gcc -o TP1.exe "src\\TP1.o" "src\\calculos.o" "src\\inputs.o" 
Info: Nothing to build for TP1
20:00:55 **** Incremental Build of configuration Debug for project TP1 ****
Info: Internal Builder is used for build
gcc -O0 -g3 -Wall -c -fmessage-length=0 -o "src\\TP1.o" "..\\src\\TP1.c" 
..\src\TP1.c: In function 'elegirCondeferacion':
..\src\TP1.c:13:16: error: expected '=', ',', ';', 'asm' or '__attribute__' before '{' token
   13 | int main(void) {
      |                ^
In file included from ..\src\TP1.c:8:
..\src\calculos.h:31:6: error: old-style parameter declarations in prototyped function definition
   31 | void elegirCondeferacion(int *pContAFC, int *pContCAF, int *pContCONCACAF, int *pContCONMEBOL, int *pContUEFA, int *pContOFC)
      |      ^~~~~~~~~~~~~~~~~~~
..\src\TP1.c:248: error: expected '{' at end of input
  248 | 
      | 
20:01:12 **** Incremental Build of configuration Debug for project TP1 ****
Info: Internal Builder is used for build
gcc -O0 -g3 -Wall -c -fmessage-length=0 -o "src\\inputs.o" "..\\src\\inputs.c" 
gcc -O0 -g3 -Wall -c -fmessage-length=0 -o "src\\TP1.o" "..\\src\\TP1.c" 
..\src\TP1.c: In function 'elegirCondeferacion':
..\src\TP1.c:13:16: error: expected '=', ',', ';', 'asm' or '__attribute__' before '{' token
   13 | int main(void) {
      |                ^
In file included from ..\src\TP1.c:8:
..\src\calculos.h:31:6: error: old-style parameter declarations in prototyped function definition
   31 | void elegirCondeferacion(int *pContAFC, int *pContCAF, int *pContCONCACAF, int *pContCONMEBOL, int *pContUEFA, int *pContOFC)
      |      ^~~~~~~~~~~~~~~~~~~
..\src\TP1.c:248: error: expected '{' at end of input
  248 | 
      | 
20:02:14 **** Incremental Build of configuration Debug for project TP1 ****
Info: Internal Builder is used for build
gcc -O0 -g3 -Wall -c -fmessage-length=0 -o "src\\calculos.o" "..\\src\\calculos.c" 
..\src\calculos.c: In function 'elegirCondeferacion':
..\src\calculos.c:13:54: error: expected '=', ',', ';', 'asm' or '__attribute__' before '{' token
   13 |   int *pContCONMEBOL, int *pContUEFA, int *pContOFC) {
      |                                                      ^
..\src\calculos.c:52:71: error: expected '=', ',', ';', 'asm' or '__attribute__' before '{' token
   52 | float calcularPromedio(int *pContadorConfe, int* pContadorTotalConfe) {
      |                                                                       ^
..\src\calculos.c:60:77: error: expected '=', ',', ';', 'asm' or '__attribute__' before '{' token
   60 | int verificarExistenGastos(int *pTransporte, int* pHospedaje, int* pComida) {
      |                                                                             ^
In file included from ..\src\calculos.c:8:
..\src\calculos.h:31:6: error: old-style parameter declarations in prototyped function definition
   31 | void elegirCondeferacion(int *pContAFC, int *pContCAF, int *pContCONCACAF, int *pContCONMEBOL, int *pContUEFA, int *pContOFC)
      |      ^~~~~~~~~~~~~~~~~~~
..\src\calculos.c:70: error: expected '{' at end of input
20:03:21 **** Incremental Build of configuration Debug for project TP1 ****
Info: Internal Builder is used for build
gcc -O0 -g3 -Wall -c -fmessage-length=0 -o "src\\calculos.o" "..\\src\\calculos.c" 
gcc -O0 -g3 -Wall -c -fmessage-length=0 -o "src\\TP1.o" "..\\src\\TP1.c" 
gcc -o TP1.exe "src\\TP1.o" "src\\calculos.o" "src\\inputs.o" 
20:19:49 **** Incremental Build of configuration Debug for project TP1 ****
Info: Internal Builder is used for build
gcc -O0 -g3 -Wall -c -fmessage-length=0 -o "src\\calculos.o" "..\\src\\calculos.c" 
gcc -O0 -g3 -Wall -c -fmessage-length=0 -o "src\\TP1.o" "..\\src\\TP1.c" 
gcc -o TP1.exe "src\\TP1.o" "src\\calculos.o" "src\\inputs.o" 
Info: Nothing to build for TP1
20:39:26 **** Incremental Build of configuration Debug for project TP1 ****
Info: Internal Builder is used for build
gcc -O0 -g3 -Wall -c -fmessage-length=0 -o "src\\TP1.o" "..\\src\\TP1.c" 
gcc -o TP1.exe "src\\TP1.o" "src\\calculos.o" "src\\inputs.o" 
c:/mingw/bin/../lib/gcc/mingw32/9.2.0/../../../../mingw32/bin/ld.exe: cannot open output file TP1.exe: Permission denied
collect2.exe: error: ld returned 1 exit status
20:40:17 **** Incremental Build of configuration Debug for project TP1 ****
Info: Internal Builder is used for build
gcc -o TP1.exe "src\\TP1.o" "src\\calculos.o" "src\\inputs.o" 
Info: Nothing to build for TP1
20:41:20 **** Incremental Build of configuration Debug for project TP1 ****
Info: Internal Builder is used for build
gcc -O0 -g3 -Wall -c -fmessage-length=0 -o "src\\calculos.o" "..\\src\\calculos.c" 
gcc -O0 -g3 -Wall -c -fmessage-length=0 -o "src\\TP1.o" "..\\src\\TP1.c" 
gcc -o TP1.exe "src\\TP1.o" "src\\calculos.o" "src\\inputs.o" 
c:/mingw/bin/../lib/gcc/mingw32/9.2.0/../../../../mingw32/bin/ld.exe: cannot open output file TP1.exe: Permission denied
collect2.exe: error: ld returned 1 exit status
20:41:24 **** Incremental Build of configuration Debug for project TP1 ****
Info: Internal Builder is used for build
gcc -o TP1.exe "src\\TP1.o" "src\\calculos.o" "src\\inputs.o" 
Info: Nothing to build for TP1
